[0.020s] Invoking command in '/workspaces/local_ros_ws/simpleservice_ws/build/tutorial_interfaces': CMAKE_PREFIX_PATH=${CMAKE_PREFIX_PATH}:/opt/ros/jazzy /usr/bin/cmake --build /workspaces/local_ros_ws/simpleservice_ws/build/tutorial_interfaces -- -j8 -l8
[0.106s] [  2%] Built target tutorial_interfaces__rosidl_generator_type_description
[0.170s] [  5%] Built target tutorial_interfaces__cpp
[0.177s] [ 20%] Built target tutorial_interfaces__rosidl_generator_c
[0.178s] [ 20%] Built target ament_cmake_python_copy_tutorial_interfaces
[0.302s] [ 29%] Built target tutorial_interfaces__rosidl_typesupport_c
[0.309s] [ 61%] Built target tutorial_interfaces__rosidl_typesupport_introspection_cpp
[0.311s] [ 67%] Built target tutorial_interfaces__rosidl_typesupport_cpp
[0.313s] [ 73%] Built target tutorial_interfaces__rosidl_typesupport_introspection_c
[0.314s] [ 73%] Built target tutorial_interfaces__rosidl_typesupport_fastrtps_c
[0.315s] [ 73%] Built target tutorial_interfaces__rosidl_typesupport_fastrtps_cpp
[0.377s] [ 73%] Built target tutorial_interfaces
[0.419s] [ 76%] Built target tutorial_interfaces__py
[0.479s] [ 82%] Built target tutorial_interfaces__rosidl_generator_py
[0.545s] running egg_info
[0.582s] writing tutorial_interfaces.egg-info/PKG-INFO
[0.585s] writing dependency_links to tutorial_interfaces.egg-info/dependency_links.txt
[0.589s] writing top-level names to tutorial_interfaces.egg-info/top_level.txt
[0.645s] [ 88%] Built target tutorial_interfaces_s__rosidl_typesupport_fastrtps_c
[0.654s] [100%] Built target tutorial_interfaces_s__rosidl_typesupport_introspection_c
[0.656s] [100%] Built target tutorial_interfaces_s__rosidl_typesupport_c
[0.684s] reading manifest file 'tutorial_interfaces.egg-info/SOURCES.txt'
[0.687s] writing manifest file 'tutorial_interfaces.egg-info/SOURCES.txt'
[0.739s] [100%] Built target ament_cmake_python_build_tutorial_interfaces_egg
[0.771s] Invoked command in '/workspaces/local_ros_ws/simpleservice_ws/build/tutorial_interfaces' returned '0': CMAKE_PREFIX_PATH=${CMAKE_PREFIX_PATH}:/opt/ros/jazzy /usr/bin/cmake --build /workspaces/local_ros_ws/simpleservice_ws/build/tutorial_interfaces -- -j8 -l8
[0.790s] Invoking command in '/workspaces/local_ros_ws/simpleservice_ws/build/tutorial_interfaces': CMAKE_PREFIX_PATH=${CMAKE_PREFIX_PATH}:/opt/ros/jazzy /usr/bin/cmake --install /workspaces/local_ros_ws/simpleservice_ws/build/tutorial_interfaces
[0.806s] -- Install configuration: ""
[0.807s] -- Up-to-date: /workspaces/local_ros_ws/simpleservice_ws/install/tutorial_interfaces/share/ament_index/resource_index/rosidl_interfaces/tutorial_interfaces
[0.808s] -- Up-to-date: /workspaces/local_ros_ws/simpleservice_ws/install/tutorial_interfaces/share/tutorial_interfaces/srv/AddThreeInts.json
[0.809s] -- Up-to-date: /workspaces/local_ros_ws/simpleservice_ws/install/tutorial_interfaces/include/tutorial_interfaces/tutorial_interfaces
[0.810s] -- Up-to-date: /workspaces/local_ros_ws/simpleservice_ws/install/tutorial_interfaces/include/tutorial_interfaces/tutorial_interfaces/msg
[0.810s] -- Up-to-date: /workspaces/local_ros_ws/simpleservice_ws/install/tutorial_interfaces/include/tutorial_interfaces/tutorial_interfaces/msg/rosidl_generator_c__visibility_control.h
[0.811s] -- Up-to-date: /workspaces/local_ros_ws/simpleservice_ws/install/tutorial_interfaces/include/tutorial_interfaces/tutorial_interfaces/srv
[0.812s] -- Up-to-date: /workspaces/local_ros_ws/simpleservice_ws/install/tutorial_interfaces/include/tutorial_interfaces/tutorial_interfaces/srv/add_three_ints.h
[0.813s] -- Up-to-date: /workspaces/local_ros_ws/simpleservice_ws/install/tutorial_interfaces/include/tutorial_interfaces/tutorial_interfaces/srv/detail
[0.814s] -- Up-to-date: /workspaces/local_ros_ws/simpleservice_ws/install/tutorial_interfaces/include/tutorial_interfaces/tutorial_interfaces/srv/detail/add_three_ints__type_support.h
[0.816s] -- Up-to-date: /workspaces/local_ros_ws/simpleservice_ws/install/tutorial_interfaces/include/tutorial_interfaces/tutorial_interfaces/srv/detail/add_three_ints__struct.h
[0.818s] -- Up-to-date: /workspaces/local_ros_ws/simpleservice_ws/install/tutorial_interfaces/include/tutorial_interfaces/tutorial_interfaces/srv/detail/add_three_ints__description.c
[0.820s] -- Up-to-date: /workspaces/local_ros_ws/simpleservice_ws/install/tutorial_interfaces/include/tutorial_interfaces/tutorial_interfaces/srv/detail/add_three_ints__functions.c
[0.822s] -- Up-to-date: /workspaces/local_ros_ws/simpleservice_ws/install/tutorial_interfaces/include/tutorial_interfaces/tutorial_interfaces/srv/detail/add_three_ints__type_support.c
[0.824s] -- Up-to-date: /workspaces/local_ros_ws/simpleservice_ws/install/tutorial_interfaces/include/tutorial_interfaces/tutorial_interfaces/srv/detail/add_three_ints__functions.h
[0.825s] -- Up-to-date: /workspaces/local_ros_ws/simpleservice_ws/install/tutorial_interfaces/share/tutorial_interfaces/environment/library_path.sh
[0.827s] -- Up-to-date: /workspaces/local_ros_ws/simpleservice_ws/install/tutorial_interfaces/share/tutorial_interfaces/environment/library_path.dsv
[0.827s] -- Up-to-date: /workspaces/local_ros_ws/simpleservice_ws/install/tutorial_interfaces/lib/libtutorial_interfaces__rosidl_generator_c.so
[0.832s] -- Up-to-date: /workspaces/local_ros_ws/simpleservice_ws/install/tutorial_interfaces/include/tutorial_interfaces/tutorial_interfaces
[0.838s] -- Up-to-date: /workspaces/local_ros_ws/simpleservice_ws/install/tutorial_interfaces/include/tutorial_interfaces/tutorial_interfaces/msg
[0.839s] -- Up-to-date: /workspaces/local_ros_ws/simpleservice_ws/install/tutorial_interfaces/include/tutorial_interfaces/tutorial_interfaces/msg/rosidl_typesupport_fastrtps_c__visibility_control.h
[0.841s] -- Up-to-date: /workspaces/local_ros_ws/simpleservice_ws/install/tutorial_interfaces/include/tutorial_interfaces/tutorial_interfaces/srv
[0.842s] -- Up-to-date: /workspaces/local_ros_ws/simpleservice_ws/install/tutorial_interfaces/include/tutorial_interfaces/tutorial_interfaces/srv/detail
[0.844s] -- Up-to-date: /workspaces/local_ros_ws/simpleservice_ws/install/tutorial_interfaces/include/tutorial_interfaces/tutorial_interfaces/srv/detail/add_three_ints__rosidl_typesupport_fastrtps_c.h
[0.846s] -- Up-to-date: /workspaces/local_ros_ws/simpleservice_ws/install/tutorial_interfaces/lib/libtutorial_interfaces__rosidl_typesupport_fastrtps_c.so
[0.847s] -- Up-to-date: /workspaces/local_ros_ws/simpleservice_ws/install/tutorial_interfaces/include/tutorial_interfaces/tutorial_interfaces
[0.849s] -- Up-to-date: /workspaces/local_ros_ws/simpleservice_ws/install/tutorial_interfaces/include/tutorial_interfaces/tutorial_interfaces/msg
[0.850s] -- Up-to-date: /workspaces/local_ros_ws/simpleservice_ws/install/tutorial_interfaces/include/tutorial_interfaces/tutorial_interfaces/msg/rosidl_typesupport_introspection_c__visibility_control.h
[0.850s] -- Up-to-date: /workspaces/local_ros_ws/simpleservice_ws/install/tutorial_interfaces/include/tutorial_interfaces/tutorial_interfaces/srv
[0.851s] -- Up-to-date: /workspaces/local_ros_ws/simpleservice_ws/install/tutorial_interfaces/include/tutorial_interfaces/tutorial_interfaces/srv/detail
[0.853s] -- Up-to-date: /workspaces/local_ros_ws/simpleservice_ws/install/tutorial_interfaces/include/tutorial_interfaces/tutorial_interfaces/srv/detail/add_three_ints__type_support.c
[0.854s] -- Up-to-date: /workspaces/local_ros_ws/simpleservice_ws/install/tutorial_interfaces/include/tutorial_interfaces/tutorial_interfaces/srv/detail/add_three_ints__rosidl_typesupport_introspection_c.h
[0.856s] -- Up-to-date: /workspaces/local_ros_ws/simpleservice_ws/install/tutorial_interfaces/lib/libtutorial_interfaces__rosidl_typesupport_introspection_c.so
[0.859s] -- Up-to-date: /workspaces/local_ros_ws/simpleservice_ws/install/tutorial_interfaces/lib/libtutorial_interfaces__rosidl_typesupport_c.so
[0.860s] -- Up-to-date: /workspaces/local_ros_ws/simpleservice_ws/install/tutorial_interfaces/include/tutorial_interfaces/tutorial_interfaces
[0.861s] -- Up-to-date: /workspaces/local_ros_ws/simpleservice_ws/install/tutorial_interfaces/include/tutorial_interfaces/tutorial_interfaces/msg
[0.862s] -- Up-to-date: /workspaces/local_ros_ws/simpleservice_ws/install/tutorial_interfaces/include/tutorial_interfaces/tutorial_interfaces/msg/rosidl_generator_cpp__visibility_control.hpp
[0.864s] -- Up-to-date: /workspaces/local_ros_ws/simpleservice_ws/install/tutorial_interfaces/include/tutorial_interfaces/tutorial_interfaces/srv
[0.866s] -- Up-to-date: /workspaces/local_ros_ws/simpleservice_ws/install/tutorial_interfaces/include/tutorial_interfaces/tutorial_interfaces/srv/add_three_ints.hpp
[0.872s] -- Up-to-date: /workspaces/local_ros_ws/simpleservice_ws/install/tutorial_interfaces/include/tutorial_interfaces/tutorial_interfaces/srv/detail
[0.874s] -- Up-to-date: /workspaces/local_ros_ws/simpleservice_ws/install/tutorial_interfaces/include/tutorial_interfaces/tutorial_interfaces/srv/detail/add_three_ints__struct.hpp
[0.875s] -- Up-to-date: /workspaces/local_ros_ws/simpleservice_ws/install/tutorial_interfaces/include/tutorial_interfaces/tutorial_interfaces/srv/detail/add_three_ints__builder.hpp
[0.877s] -- Up-to-date: /workspaces/local_ros_ws/simpleservice_ws/install/tutorial_interfaces/include/tutorial_interfaces/tutorial_interfaces/srv/detail/add_three_ints__traits.hpp
[0.880s] -- Up-to-date: /workspaces/local_ros_ws/simpleservice_ws/install/tutorial_interfaces/include/tutorial_interfaces/tutorial_interfaces/srv/detail/add_three_ints__type_support.hpp
[0.881s] -- Up-to-date: /workspaces/local_ros_ws/simpleservice_ws/install/tutorial_interfaces/include/tutorial_interfaces/tutorial_interfaces
[0.882s] -- Up-to-date: /workspaces/local_ros_ws/simpleservice_ws/install/tutorial_interfaces/include/tutorial_interfaces/tutorial_interfaces/msg
[0.883s] -- Up-to-date: /workspaces/local_ros_ws/simpleservice_ws/install/tutorial_interfaces/include/tutorial_interfaces/tutorial_interfaces/msg/rosidl_typesupport_fastrtps_cpp__visibility_control.h
[0.884s] -- Up-to-date: /workspaces/local_ros_ws/simpleservice_ws/install/tutorial_interfaces/include/tutorial_interfaces/tutorial_interfaces/srv
[0.885s] -- Up-to-date: /workspaces/local_ros_ws/simpleservice_ws/install/tutorial_interfaces/include/tutorial_interfaces/tutorial_interfaces/srv/detail
[0.886s] -- Up-to-date: /workspaces/local_ros_ws/simpleservice_ws/install/tutorial_interfaces/include/tutorial_interfaces/tutorial_interfaces/srv/detail/add_three_ints__rosidl_typesupport_fastrtps_cpp.hpp
[0.888s] -- Up-to-date: /workspaces/local_ros_ws/simpleservice_ws/install/tutorial_interfaces/include/tutorial_interfaces/tutorial_interfaces/srv/detail/dds_fastrtps
[0.891s] -- Up-to-date: /workspaces/local_ros_ws/simpleservice_ws/install/tutorial_interfaces/lib/libtutorial_interfaces__rosidl_typesupport_fastrtps_cpp.so
[0.893s] -- Up-to-date: /workspaces/local_ros_ws/simpleservice_ws/install/tutorial_interfaces/include/tutorial_interfaces/tutorial_interfaces
[0.894s] -- Up-to-date: /workspaces/local_ros_ws/simpleservice_ws/install/tutorial_interfaces/include/tutorial_interfaces/tutorial_interfaces/srv
[0.895s] -- Up-to-date: /workspaces/local_ros_ws/simpleservice_ws/install/tutorial_interfaces/include/tutorial_interfaces/tutorial_interfaces/srv/detail
[0.896s] -- Up-to-date: /workspaces/local_ros_ws/simpleservice_ws/install/tutorial_interfaces/include/tutorial_interfaces/tutorial_interfaces/srv/detail/add_three_ints__type_support.cpp
[0.897s] -- Up-to-date: /workspaces/local_ros_ws/simpleservice_ws/install/tutorial_interfaces/include/tutorial_interfaces/tutorial_interfaces/srv/detail/add_three_ints__rosidl_typesupport_introspection_cpp.hpp
[0.898s] -- Up-to-date: /workspaces/local_ros_ws/simpleservice_ws/install/tutorial_interfaces/lib/libtutorial_interfaces__rosidl_typesupport_introspection_cpp.so
[0.900s] -- Up-to-date: /workspaces/local_ros_ws/simpleservice_ws/install/tutorial_interfaces/lib/libtutorial_interfaces__rosidl_typesupport_cpp.so
[0.902s] -- Up-to-date: /workspaces/local_ros_ws/simpleservice_ws/install/tutorial_interfaces/share/tutorial_interfaces/environment/pythonpath.sh
[0.903s] -- Up-to-date: /workspaces/local_ros_ws/simpleservice_ws/install/tutorial_interfaces/share/tutorial_interfaces/environment/pythonpath.dsv
[0.904s] -- Up-to-date: /workspaces/local_ros_ws/simpleservice_ws/install/tutorial_interfaces/lib/python3.12/site-packages/tutorial_interfaces-0.0.0-py3.12.egg-info
[0.905s] -- Installing: /workspaces/local_ros_ws/simpleservice_ws/install/tutorial_interfaces/lib/python3.12/site-packages/tutorial_interfaces-0.0.0-py3.12.egg-info/PKG-INFO
[0.910s] -- Installing: /workspaces/local_ros_ws/simpleservice_ws/install/tutorial_interfaces/lib/python3.12/site-packages/tutorial_interfaces-0.0.0-py3.12.egg-info/SOURCES.txt
[0.915s] -- Installing: /workspaces/local_ros_ws/simpleservice_ws/install/tutorial_interfaces/lib/python3.12/site-packages/tutorial_interfaces-0.0.0-py3.12.egg-info/top_level.txt
[0.920s] -- Installing: /workspaces/local_ros_ws/simpleservice_ws/install/tutorial_interfaces/lib/python3.12/site-packages/tutorial_interfaces-0.0.0-py3.12.egg-info/dependency_links.txt
[0.924s] -- Up-to-date: /workspaces/local_ros_ws/simpleservice_ws/install/tutorial_interfaces/lib/python3.12/site-packages/tutorial_interfaces
[0.925s] -- Up-to-date: /workspaces/local_ros_ws/simpleservice_ws/install/tutorial_interfaces/lib/python3.12/site-packages/tutorial_interfaces/__init__.py
[0.926s] -- Up-to-date: /workspaces/local_ros_ws/simpleservice_ws/install/tutorial_interfaces/lib/python3.12/site-packages/tutorial_interfaces/tutorial_interfaces_s__rosidl_typesupport_introspection_c.so
[0.927s] -- Up-to-date: /workspaces/local_ros_ws/simpleservice_ws/install/tutorial_interfaces/lib/python3.12/site-packages/tutorial_interfaces/_tutorial_interfaces_s.ep.rosidl_typesupport_c.c
[0.928s] -- Up-to-date: /workspaces/local_ros_ws/simpleservice_ws/install/tutorial_interfaces/lib/python3.12/site-packages/tutorial_interfaces/tutorial_interfaces_s__rosidl_typesupport_c.so
[0.929s] -- Up-to-date: /workspaces/local_ros_ws/simpleservice_ws/install/tutorial_interfaces/lib/python3.12/site-packages/tutorial_interfaces/_tutorial_interfaces_s.ep.rosidl_typesupport_fastrtps_c.c
[0.930s] -- Up-to-date: /workspaces/local_ros_ws/simpleservice_ws/install/tutorial_interfaces/lib/python3.12/site-packages/tutorial_interfaces/tutorial_interfaces_s__rosidl_typesupport_fastrtps_c.so
[0.930s] -- Up-to-date: /workspaces/local_ros_ws/simpleservice_ws/install/tutorial_interfaces/lib/python3.12/site-packages/tutorial_interfaces/_tutorial_interfaces_s.ep.rosidl_typesupport_introspection_c.c
[0.931s] -- Up-to-date: /workspaces/local_ros_ws/simpleservice_ws/install/tutorial_interfaces/lib/python3.12/site-packages/tutorial_interfaces/srv
[0.931s] -- Up-to-date: /workspaces/local_ros_ws/simpleservice_ws/install/tutorial_interfaces/lib/python3.12/site-packages/tutorial_interfaces/srv/_add_three_ints_s.c
[0.933s] -- Up-to-date: /workspaces/local_ros_ws/simpleservice_ws/install/tutorial_interfaces/lib/python3.12/site-packages/tutorial_interfaces/srv/__init__.py
[0.934s] -- Up-to-date: /workspaces/local_ros_ws/simpleservice_ws/install/tutorial_interfaces/lib/python3.12/site-packages/tutorial_interfaces/srv/_add_three_ints.py
[0.982s] Listing '/workspaces/local_ros_ws/simpleservice_ws/install/tutorial_interfaces/lib/python3.12/site-packages/tutorial_interfaces'...
[0.984s] Listing '/workspaces/local_ros_ws/simpleservice_ws/install/tutorial_interfaces/lib/python3.12/site-packages/tutorial_interfaces/srv'...
[0.985s] -- Up-to-date: /workspaces/local_ros_ws/simpleservice_ws/install/tutorial_interfaces/lib/python3.12/site-packages/tutorial_interfaces/tutorial_interfaces_s__rosidl_typesupport_fastrtps_c.so
[0.987s] -- Up-to-date: /workspaces/local_ros_ws/simpleservice_ws/install/tutorial_interfaces/lib/python3.12/site-packages/tutorial_interfaces/tutorial_interfaces_s__rosidl_typesupport_introspection_c.so
[0.989s] -- Up-to-date: /workspaces/local_ros_ws/simpleservice_ws/install/tutorial_interfaces/lib/python3.12/site-packages/tutorial_interfaces/tutorial_interfaces_s__rosidl_typesupport_c.so
[0.991s] -- Up-to-date: /workspaces/local_ros_ws/simpleservice_ws/install/tutorial_interfaces/lib/libtutorial_interfaces__rosidl_generator_py.so
[0.992s] -- Up-to-date: /workspaces/local_ros_ws/simpleservice_ws/install/tutorial_interfaces/share/tutorial_interfaces/srv/AddThreeInts.idl
[0.993s] -- Up-to-date: /workspaces/local_ros_ws/simpleservice_ws/install/tutorial_interfaces/share/tutorial_interfaces/srv/AddThreeInts.srv
[0.994s] -- Up-to-date: /workspaces/local_ros_ws/simpleservice_ws/install/tutorial_interfaces/share/ament_index/resource_index/package_run_dependencies/tutorial_interfaces
[0.995s] -- Up-to-date: /workspaces/local_ros_ws/simpleservice_ws/install/tutorial_interfaces/share/ament_index/resource_index/parent_prefix_path/tutorial_interfaces
[0.996s] -- Up-to-date: /workspaces/local_ros_ws/simpleservice_ws/install/tutorial_interfaces/share/tutorial_interfaces/environment/ament_prefix_path.sh
[0.997s] -- Up-to-date: /workspaces/local_ros_ws/simpleservice_ws/install/tutorial_interfaces/share/tutorial_interfaces/environment/ament_prefix_path.dsv
[0.999s] -- Up-to-date: /workspaces/local_ros_ws/simpleservice_ws/install/tutorial_interfaces/share/tutorial_interfaces/environment/path.sh
[1.000s] -- Up-to-date: /workspaces/local_ros_ws/simpleservice_ws/install/tutorial_interfaces/share/tutorial_interfaces/environment/path.dsv
[1.000s] -- Up-to-date: /workspaces/local_ros_ws/simpleservice_ws/install/tutorial_interfaces/share/tutorial_interfaces/local_setup.bash
[1.001s] -- Up-to-date: /workspaces/local_ros_ws/simpleservice_ws/install/tutorial_interfaces/share/tutorial_interfaces/local_setup.sh
[1.001s] -- Up-to-date: /workspaces/local_ros_ws/simpleservice_ws/install/tutorial_interfaces/share/tutorial_interfaces/local_setup.zsh
[1.002s] -- Up-to-date: /workspaces/local_ros_ws/simpleservice_ws/install/tutorial_interfaces/share/tutorial_interfaces/local_setup.dsv
[1.003s] -- Installing: /workspaces/local_ros_ws/simpleservice_ws/install/tutorial_interfaces/share/tutorial_interfaces/package.dsv
[1.006s] -- Up-to-date: /workspaces/local_ros_ws/simpleservice_ws/install/tutorial_interfaces/share/ament_index/resource_index/packages/tutorial_interfaces
[1.008s] -- Up-to-date: /workspaces/local_ros_ws/simpleservice_ws/install/tutorial_interfaces/share/tutorial_interfaces/cmake/export_tutorial_interfaces__rosidl_generator_cExport.cmake
[1.009s] -- Up-to-date: /workspaces/local_ros_ws/simpleservice_ws/install/tutorial_interfaces/share/tutorial_interfaces/cmake/export_tutorial_interfaces__rosidl_generator_cExport-noconfig.cmake
[1.010s] -- Up-to-date: /workspaces/local_ros_ws/simpleservice_ws/install/tutorial_interfaces/share/tutorial_interfaces/cmake/export_tutorial_interfaces__rosidl_typesupport_fastrtps_cExport.cmake
[1.011s] -- Up-to-date: /workspaces/local_ros_ws/simpleservice_ws/install/tutorial_interfaces/share/tutorial_interfaces/cmake/export_tutorial_interfaces__rosidl_typesupport_fastrtps_cExport-noconfig.cmake
[1.013s] -- Up-to-date: /workspaces/local_ros_ws/simpleservice_ws/install/tutorial_interfaces/share/tutorial_interfaces/cmake/tutorial_interfaces__rosidl_typesupport_introspection_cExport.cmake
[1.013s] -- Up-to-date: /workspaces/local_ros_ws/simpleservice_ws/install/tutorial_interfaces/share/tutorial_interfaces/cmake/tutorial_interfaces__rosidl_typesupport_introspection_cExport-noconfig.cmake
[1.014s] -- Up-to-date: /workspaces/local_ros_ws/simpleservice_ws/install/tutorial_interfaces/share/tutorial_interfaces/cmake/tutorial_interfaces__rosidl_typesupport_cExport.cmake
[1.015s] -- Up-to-date: /workspaces/local_ros_ws/simpleservice_ws/install/tutorial_interfaces/share/tutorial_interfaces/cmake/tutorial_interfaces__rosidl_typesupport_cExport-noconfig.cmake
[1.017s] -- Up-to-date: /workspaces/local_ros_ws/simpleservice_ws/install/tutorial_interfaces/share/tutorial_interfaces/cmake/export_tutorial_interfaces__rosidl_generator_cppExport.cmake
[1.019s] -- Up-to-date: /workspaces/local_ros_ws/simpleservice_ws/install/tutorial_interfaces/share/tutorial_interfaces/cmake/export_tutorial_interfaces__rosidl_typesupport_fastrtps_cppExport.cmake
[1.020s] -- Up-to-date: /workspaces/local_ros_ws/simpleservice_ws/install/tutorial_interfaces/share/tutorial_interfaces/cmake/export_tutorial_interfaces__rosidl_typesupport_fastrtps_cppExport-noconfig.cmake
[1.021s] -- Up-to-date: /workspaces/local_ros_ws/simpleservice_ws/install/tutorial_interfaces/share/tutorial_interfaces/cmake/tutorial_interfaces__rosidl_typesupport_introspection_cppExport.cmake
[1.022s] -- Up-to-date: /workspaces/local_ros_ws/simpleservice_ws/install/tutorial_interfaces/share/tutorial_interfaces/cmake/tutorial_interfaces__rosidl_typesupport_introspection_cppExport-noconfig.cmake
[1.023s] -- Up-to-date: /workspaces/local_ros_ws/simpleservice_ws/install/tutorial_interfaces/share/tutorial_interfaces/cmake/tutorial_interfaces__rosidl_typesupport_cppExport.cmake
[1.024s] -- Up-to-date: /workspaces/local_ros_ws/simpleservice_ws/install/tutorial_interfaces/share/tutorial_interfaces/cmake/tutorial_interfaces__rosidl_typesupport_cppExport-noconfig.cmake
[1.025s] -- Up-to-date: /workspaces/local_ros_ws/simpleservice_ws/install/tutorial_interfaces/share/tutorial_interfaces/cmake/export_tutorial_interfaces__rosidl_generator_pyExport.cmake
[1.026s] -- Up-to-date: /workspaces/local_ros_ws/simpleservice_ws/install/tutorial_interfaces/share/tutorial_interfaces/cmake/export_tutorial_interfaces__rosidl_generator_pyExport-noconfig.cmake
[1.026s] -- Up-to-date: /workspaces/local_ros_ws/simpleservice_ws/install/tutorial_interfaces/share/tutorial_interfaces/cmake/rosidl_cmake-extras.cmake
[1.027s] -- Up-to-date: /workspaces/local_ros_ws/simpleservice_ws/install/tutorial_interfaces/share/tutorial_interfaces/cmake/ament_cmake_export_dependencies-extras.cmake
[1.028s] -- Up-to-date: /workspaces/local_ros_ws/simpleservice_ws/install/tutorial_interfaces/share/tutorial_interfaces/cmake/ament_cmake_export_include_directories-extras.cmake
[1.029s] -- Up-to-date: /workspaces/local_ros_ws/simpleservice_ws/install/tutorial_interfaces/share/tutorial_interfaces/cmake/ament_cmake_export_libraries-extras.cmake
[1.030s] -- Up-to-date: /workspaces/local_ros_ws/simpleservice_ws/install/tutorial_interfaces/share/tutorial_interfaces/cmake/ament_cmake_export_targets-extras.cmake
[1.032s] -- Up-to-date: /workspaces/local_ros_ws/simpleservice_ws/install/tutorial_interfaces/share/tutorial_interfaces/cmake/rosidl_cmake_export_typesupport_targets-extras.cmake
[1.033s] -- Up-to-date: /workspaces/local_ros_ws/simpleservice_ws/install/tutorial_interfaces/share/tutorial_interfaces/cmake/rosidl_cmake_export_typesupport_libraries-extras.cmake
[1.034s] -- Up-to-date: /workspaces/local_ros_ws/simpleservice_ws/install/tutorial_interfaces/share/tutorial_interfaces/cmake/tutorial_interfacesConfig.cmake
[1.036s] -- Up-to-date: /workspaces/local_ros_ws/simpleservice_ws/install/tutorial_interfaces/share/tutorial_interfaces/cmake/tutorial_interfacesConfig-version.cmake
[1.037s] -- Up-to-date: /workspaces/local_ros_ws/simpleservice_ws/install/tutorial_interfaces/share/tutorial_interfaces/package.xml
[1.038s] Invoked command in '/workspaces/local_ros_ws/simpleservice_ws/build/tutorial_interfaces' returned '0': CMAKE_PREFIX_PATH=${CMAKE_PREFIX_PATH}:/opt/ros/jazzy /usr/bin/cmake --install /workspaces/local_ros_ws/simpleservice_ws/build/tutorial_interfaces
