-- Found ament_cmake: 2.5.3 (/opt/ros/jazzy/share/ament_cmake/cmake)
-- Found rclcpp: 28.1.8 (/opt/ros/jazzy/share/rclcpp/cmake)
-- Found rosidl_generator_c: 4.6.5 (/opt/ros/jazzy/share/rosidl_generator_c/cmake)
-- Found rosidl_generator_cpp: 4.6.5 (/opt/ros/jazzy/share/rosidl_generator_cpp/cmake)
-- Using all available rosidl_typesupport_c: rosidl_typesupport_fastrtps_c;rosidl_typesupport_introspection_c
-- Using all available rosidl_typesupport_cpp: rosidl_typesupport_fastrtps_cpp;rosidl_typesupport_introspection_cpp
-- Found rmw_implementation_cmake: 7.3.2 (/opt/ros/jazzy/share/rmw_implementation_cmake/cmake)
-- Found rmw_fastrtps_cpp: 8.4.2 (/opt/ros/jazzy/share/rmw_fastrtps_cpp/cmake)
-- Using RMW implementation 'rmw_fastrtps_cpp' as default
-- Found example_interfaces: 0.12.0 (/opt/ros/jazzy/share/example_interfaces/cmake)
-- Found tutorial_interfaces: 0.0.0 (/workspaces/local_ros_ws/simpleservice_ws/install/tutorial_interfaces/share/tutorial_interfaces/cmake)
-- Found rosidl_default_generators: 1.6.0 (/opt/ros/jazzy/share/rosidl_default_generators/cmake)
-- Found rosidl_adapter: 4.6.5 (/opt/ros/jazzy/share/rosidl_adapter/cmake)
-- Configuring done (0.6s)
-- Generating done (0.0s)
-- Build files have been written to: /workspaces/local_ros_ws/simpleservice_ws/build/cpp_srvcli
[ 25%] [32mBuilding CXX object CMakeFiles/server.dir/src/motor_node.cpp.o[0m
[ 50%] [32mBuilding CXX object CMakeFiles/client.dir/src/control_node.cpp.o[0m
[01m[K/workspaces/local_ros_ws/simpleservice_ws/src/cpp_srvcli/src/control_node.cpp:1:10:[m[K [01;31m[Kfatal error: [m[Ktutorial_interfaces/srv/SpeedControl.hpp: No such file or directory
    1 | #include [01;31m[K"tutorial_interfaces/srv/SpeedControl.hpp"[m[K
      |          [01;31m[K^~~~~~~~~~~~~~~~~~~~~~~~~~~~~~~~~~~~~~~~~~[m[K
compilation terminated.
gmake[2]: *** [CMakeFiles/client.dir/build.make:76: CMakeFiles/client.dir/src/control_node.cpp.o] Error 1
gmake[1]: *** [CMakeFiles/Makefile2:165: CMakeFiles/client.dir/all] Error 2
gmake[1]: *** Waiting for unfinished jobs....
[01m[K/workspaces/local_ros_ws/simpleservice_ws/src/cpp_srvcli/src/motor_node.cpp:2:10:[m[K [01;31m[Kfatal error: [m[Ktutorial_interfaces/srv/SpeedControl.hpp: No such file or directory
    2 | #include [01;31m[K"tutorial_interfaces/srv/SpeedControl.hpp"[m[K
      |          [01;31m[K^~~~~~~~~~~~~~~~~~~~~~~~~~~~~~~~~~~~~~~~~~[m[K
compilation terminated.
gmake[2]: *** [CMakeFiles/server.dir/build.make:76: CMakeFiles/server.dir/src/motor_node.cpp.o] Error 1
gmake[1]: *** [CMakeFiles/Makefile2:139: CMakeFiles/server.dir/all] Error 2
gmake: *** [Makefile:146: all] Error 2
