[0.019s] Invoking command in '/workspaces/local_ros_ws/simpleservice_ws/build/cpp_srvcli': CMAKE_PREFIX_PATH=/workspaces/local_ros_ws/simpleservice_ws/install/tutorial_interfaces:/workspaces/local_ros_ws/simpleservice_ws/install/cpp_srvcli:/opt/ros/jazzy/opt/gz_math_vendor:/opt/ros/jazzy/opt/gz_utils_vendor:/opt/ros/jazzy/opt/gz_cmake_vendor:/opt/ros/jazzy /usr/bin/cmake --build /workspaces/local_ros_ws/simpleservice_ws/build/cpp_srvcli -- -j8 -l8
[0.054s] -- Found ament_cmake: 2.5.3 (/opt/ros/jazzy/share/ament_cmake/cmake)
[0.260s] -- Found rclcpp: 28.1.8 (/opt/ros/jazzy/share/rclcpp/cmake)
[0.282s] -- Found rosidl_generator_c: 4.6.5 (/opt/ros/jazzy/share/rosidl_generator_c/cmake)
[0.293s] -- Found rosidl_generator_cpp: 4.6.5 (/opt/ros/jazzy/share/rosidl_generator_cpp/cmake)
[0.305s] -- Using all available rosidl_typesupport_c: rosidl_typesupport_fastrtps_c;rosidl_typesupport_introspection_c
[0.318s] -- Using all available rosidl_typesupport_cpp: rosidl_typesupport_fastrtps_cpp;rosidl_typesupport_introspection_cpp
[0.369s] -- Found rmw_implementation_cmake: 7.3.2 (/opt/ros/jazzy/share/rmw_implementation_cmake/cmake)
[0.370s] -- Found rmw_fastrtps_cpp: 8.4.2 (/opt/ros/jazzy/share/rmw_fastrtps_cpp/cmake)
[0.427s] -- Using RMW implementation 'rmw_fastrtps_cpp' as default
[0.480s] -- Found example_interfaces: 0.12.0 (/opt/ros/jazzy/share/example_interfaces/cmake)
[0.525s] -- Found tutorial_interfaces: 0.0.0 (/workspaces/local_ros_ws/simpleservice_ws/install/tutorial_interfaces/share/tutorial_interfaces/cmake)
[0.546s] -- Found rosidl_default_generators: 1.6.0 (/opt/ros/jazzy/share/rosidl_default_generators/cmake)
[0.558s] -- Found rosidl_adapter: 4.6.5 (/opt/ros/jazzy/share/rosidl_adapter/cmake)
[0.629s] -- Configuring done (0.6s)
[0.684s] -- Generating done (0.0s)
[0.709s] -- Build files have been written to: /workspaces/local_ros_ws/simpleservice_ws/build/cpp_srvcli
[0.890s] [ 25%] [32mBuilding CXX object CMakeFiles/server.dir/src/motor_node.cpp.o[0m
[0.948s] [ 50%] [32mBuilding CXX object CMakeFiles/client.dir/src/control_node.cpp.o[0m
[0.957s] [01m[K/workspaces/local_ros_ws/simpleservice_ws/src/cpp_srvcli/src/control_node.cpp:1:10:[m[K [01;31m[Kfatal error: [m[Ktutorial_interfaces/srv/SpeedControl.hpp: No such file or directory
[0.957s]     1 | #include [01;31m[K"tutorial_interfaces/srv/SpeedControl.hpp"[m[K
[0.957s]       |          [01;31m[K^~~~~~~~~~~~~~~~~~~~~~~~~~~~~~~~~~~~~~~~~~[m[K
[0.958s] compilation terminated.
[0.958s] gmake[2]: *** [CMakeFiles/client.dir/build.make:76: CMakeFiles/client.dir/src/control_node.cpp.o] Error 1
[0.959s] gmake[1]: *** [CMakeFiles/Makefile2:165: CMakeFiles/client.dir/all] Error 2
[0.959s] gmake[1]: *** Waiting for unfinished jobs....
[1.205s] [01m[K/workspaces/local_ros_ws/simpleservice_ws/src/cpp_srvcli/src/motor_node.cpp:2:10:[m[K [01;31m[Kfatal error: [m[Ktutorial_interfaces/srv/SpeedControl.hpp: No such file or directory
[1.205s]     2 | #include [01;31m[K"tutorial_interfaces/srv/SpeedControl.hpp"[m[K
[1.206s]       |          [01;31m[K^~~~~~~~~~~~~~~~~~~~~~~~~~~~~~~~~~~~~~~~~~[m[K
[1.206s] compilation terminated.
[1.206s] gmake[2]: *** [CMakeFiles/server.dir/build.make:76: CMakeFiles/server.dir/src/motor_node.cpp.o] Error 1
[1.207s] gmake[1]: *** [CMakeFiles/Makefile2:139: CMakeFiles/server.dir/all] Error 2
[1.207s] gmake: *** [Makefile:146: all] Error 2
[1.207s] Invoked command in '/workspaces/local_ros_ws/simpleservice_ws/build/cpp_srvcli' returned '2': CMAKE_PREFIX_PATH=/workspaces/local_ros_ws/simpleservice_ws/install/tutorial_interfaces:/workspaces/local_ros_ws/simpleservice_ws/install/cpp_srvcli:/opt/ros/jazzy/opt/gz_math_vendor:/opt/ros/jazzy/opt/gz_utils_vendor:/opt/ros/jazzy/opt/gz_cmake_vendor:/opt/ros/jazzy /usr/bin/cmake --build /workspaces/local_ros_ws/simpleservice_ws/build/cpp_srvcli -- -j8 -l8
