[0.034s] Invoking command in '/workspaces/local_ros_ws/simpleservice_ws/build/cpp_srvcli': CMAKE_PREFIX_PATH=/workspaces/local_ros_ws/simpleservice_ws/install/tutorial_interfaces:/workspaces/local_ros_ws/simpleservice_ws/install/cpp_srvcli:/opt/ros/jazzy/opt/gz_math_vendor:/opt/ros/jazzy/opt/gz_utils_vendor:/opt/ros/jazzy/opt/gz_cmake_vendor:/opt/ros/jazzy /usr/bin/cmake --build /workspaces/local_ros_ws/simpleservice_ws/build/cpp_srvcli -- -j8 -l8
[0.332s] [ 75%] Built target server
[0.333s] [ 75%] [32mBuilding CXX object CMakeFiles/client.dir/src/control_node.cpp.o[0m
[3.650s] [100%] [32m[1mLinking CXX executable client[0m
[3.851s] [100%] Built target client
[3.869s] Invoked command in '/workspaces/local_ros_ws/simpleservice_ws/build/cpp_srvcli' returned '0': CMAKE_PREFIX_PATH=/workspaces/local_ros_ws/simpleservice_ws/install/tutorial_interfaces:/workspaces/local_ros_ws/simpleservice_ws/install/cpp_srvcli:/opt/ros/jazzy/opt/gz_math_vendor:/opt/ros/jazzy/opt/gz_utils_vendor:/opt/ros/jazzy/opt/gz_cmake_vendor:/opt/ros/jazzy /usr/bin/cmake --build /workspaces/local_ros_ws/simpleservice_ws/build/cpp_srvcli -- -j8 -l8
[3.874s] Invoking command in '/workspaces/local_ros_ws/simpleservice_ws/build/cpp_srvcli': CMAKE_PREFIX_PATH=/workspaces/local_ros_ws/simpleservice_ws/install/tutorial_interfaces:/workspaces/local_ros_ws/simpleservice_ws/install/cpp_srvcli:/opt/ros/jazzy/opt/gz_math_vendor:/opt/ros/jazzy/opt/gz_utils_vendor:/opt/ros/jazzy/opt/gz_cmake_vendor:/opt/ros/jazzy /usr/bin/cmake --install /workspaces/local_ros_ws/simpleservice_ws/build/cpp_srvcli
[3.889s] -- Install configuration: ""
[3.890s] -- Up-to-date: /workspaces/local_ros_ws/simpleservice_ws/install/cpp_srvcli/lib/cpp_srvcli/server
[3.892s] -- Installing: /workspaces/local_ros_ws/simpleservice_ws/install/cpp_srvcli/lib/cpp_srvcli/client
[3.909s] -- Set non-toolchain portion of runtime path of "/workspaces/local_ros_ws/simpleservice_ws/install/cpp_srvcli/lib/cpp_srvcli/client" to ""
[3.910s] -- Up-to-date: /workspaces/local_ros_ws/simpleservice_ws/install/cpp_srvcli/share/ament_index/resource_index/package_run_dependencies/cpp_srvcli
[3.911s] -- Up-to-date: /workspaces/local_ros_ws/simpleservice_ws/install/cpp_srvcli/share/ament_index/resource_index/parent_prefix_path/cpp_srvcli
[3.912s] -- Up-to-date: /workspaces/local_ros_ws/simpleservice_ws/install/cpp_srvcli/share/cpp_srvcli/environment/ament_prefix_path.sh
[3.912s] -- Up-to-date: /workspaces/local_ros_ws/simpleservice_ws/install/cpp_srvcli/share/cpp_srvcli/environment/ament_prefix_path.dsv
[3.913s] -- Up-to-date: /workspaces/local_ros_ws/simpleservice_ws/install/cpp_srvcli/share/cpp_srvcli/environment/path.sh
[3.915s] -- Up-to-date: /workspaces/local_ros_ws/simpleservice_ws/install/cpp_srvcli/share/cpp_srvcli/environment/path.dsv
[3.915s] -- Up-to-date: /workspaces/local_ros_ws/simpleservice_ws/install/cpp_srvcli/share/cpp_srvcli/local_setup.bash
[3.916s] -- Up-to-date: /workspaces/local_ros_ws/simpleservice_ws/install/cpp_srvcli/share/cpp_srvcli/local_setup.sh
[3.917s] -- Up-to-date: /workspaces/local_ros_ws/simpleservice_ws/install/cpp_srvcli/share/cpp_srvcli/local_setup.zsh
[3.918s] -- Up-to-date: /workspaces/local_ros_ws/simpleservice_ws/install/cpp_srvcli/share/cpp_srvcli/local_setup.dsv
[3.919s] -- Installing: /workspaces/local_ros_ws/simpleservice_ws/install/cpp_srvcli/share/cpp_srvcli/package.dsv
[3.922s] -- Up-to-date: /workspaces/local_ros_ws/simpleservice_ws/install/cpp_srvcli/share/ament_index/resource_index/packages/cpp_srvcli
[3.923s] -- Up-to-date: /workspaces/local_ros_ws/simpleservice_ws/install/cpp_srvcli/share/cpp_srvcli/cmake/ament_cmake_export_dependencies-extras.cmake
[3.924s] -- Up-to-date: /workspaces/local_ros_ws/simpleservice_ws/install/cpp_srvcli/share/cpp_srvcli/cmake/cpp_srvcliConfig.cmake
[3.924s] -- Up-to-date: /workspaces/local_ros_ws/simpleservice_ws/install/cpp_srvcli/share/cpp_srvcli/cmake/cpp_srvcliConfig-version.cmake
[3.925s] -- Up-to-date: /workspaces/local_ros_ws/simpleservice_ws/install/cpp_srvcli/share/cpp_srvcli/package.xml
[3.929s] Invoked command in '/workspaces/local_ros_ws/simpleservice_ws/build/cpp_srvcli' returned '0': CMAKE_PREFIX_PATH=/workspaces/local_ros_ws/simpleservice_ws/install/tutorial_interfaces:/workspaces/local_ros_ws/simpleservice_ws/install/cpp_srvcli:/opt/ros/jazzy/opt/gz_math_vendor:/opt/ros/jazzy/opt/gz_utils_vendor:/opt/ros/jazzy/opt/gz_cmake_vendor:/opt/ros/jazzy /usr/bin/cmake --install /workspaces/local_ros_ws/simpleservice_ws/build/cpp_srvcli
