[0.018s] Invoking command in '/workspaces/local_ros_ws/simpleservice_ws/build/tutorial_interfaces': CMAKE_PREFIX_PATH=${CMAKE_PREFIX_PATH}:/opt/ros/jazzy /usr/bin/cmake --build /workspaces/local_ros_ws/simpleservice_ws/build/tutorial_interfaces -- -j8 -l8
[0.057s] -- Found ament_cmake: 2.5.3 (/opt/ros/jazzy/share/ament_cmake/cmake)
[0.086s] -- Found Python3: /usr/bin/python3 (found version "3.12.3") found components: Interpreter 
[0.177s] -- Found rosidl_default_generators: 1.6.0 (/opt/ros/jazzy/share/rosidl_default_generators/cmake)
[0.181s] -- Using all available rosidl_typesupport_c: rosidl_typesupport_fastrtps_c;rosidl_typesupport_introspection_c
[0.227s] -- Using all available rosidl_typesupport_cpp: rosidl_typesupport_fastrtps_cpp;rosidl_typesupport_introspection_cpp
[0.269s] -- Found rosidl_adapter: 4.6.5 (/opt/ros/jazzy/share/rosidl_adapter/cmake)
[0.565s] -- Found ament_cmake_ros: 0.12.0 (/opt/ros/jazzy/share/ament_cmake_ros/cmake)
[0.693s] -- Using all available rosidl_typesupport_c: rosidl_typesupport_fastrtps_c;rosidl_typesupport_introspection_c
[0.872s] -- Using all available rosidl_typesupport_cpp: rosidl_typesupport_fastrtps_cpp;rosidl_typesupport_introspection_cpp
[0.872s] -- Found python_cmake_module: 0.11.1 (/opt/ros/jazzy/share/python_cmake_module/cmake)
[1.128s] -- Found Python3: /usr/bin/python3 (found version "3.12.3") found components: Interpreter Development NumPy Development.Module Development.Embed 
[1.151s] -- Found ament_lint_auto: 0.17.2 (/opt/ros/jazzy/share/ament_lint_auto/cmake)
[1.196s] -- Added test 'lint_cmake' to check CMake code style
[1.209s] -- Added test 'xmllint' to check XML markup files
[1.221s] -- Configuring done (1.2s)
[1.477s] -- Generating done (0.2s)
[1.570s] -- Build files have been written to: /workspaces/local_ros_ws/simpleservice_ws/build/tutorial_interfaces
[1.648s] [  2%] Built target tutorial_interfaces__rosidl_generator_type_description
[1.710s] [  5%] Built target tutorial_interfaces__cpp
[1.723s] [  5%] Built target ament_cmake_python_copy_tutorial_interfaces
[1.772s] [ 20%] Built target tutorial_interfaces__rosidl_generator_c
[1.970s] [ 29%] Built target tutorial_interfaces__rosidl_typesupport_c
[1.989s] running egg_info
[1.991s] [ 38%] Built target tutorial_interfaces__rosidl_typesupport_introspection_c
[2.023s] writing tutorial_interfaces.egg-info/PKG-INFO
[2.026s] writing dependency_links to tutorial_interfaces.egg-info/dependency_links.txt
[2.030s] writing top-level names to tutorial_interfaces.egg-info/top_level.txt
[2.101s] reading manifest file 'tutorial_interfaces.egg-info/SOURCES.txt'
[2.106s] [ 47%] Built target tutorial_interfaces__rosidl_typesupport_cpp
[2.109s] writing manifest file 'tutorial_interfaces.egg-info/SOURCES.txt'
[2.120s] [ 55%] Built target tutorial_interfaces__rosidl_typesupport_introspection_cpp
[2.175s] [ 64%] Built target tutorial_interfaces__rosidl_typesupport_fastrtps_cpp
[2.180s] [ 70%] Built target ament_cmake_python_build_tutorial_interfaces_egg
[2.182s] [ 73%] Built target tutorial_interfaces__rosidl_typesupport_fastrtps_c
[2.228s] [ 73%] Built target tutorial_interfaces
[2.270s] [ 76%] Built target tutorial_interfaces__py
[2.377s] [ 82%] Built target tutorial_interfaces__rosidl_generator_py
[2.547s] [ 88%] Built target tutorial_interfaces_s__rosidl_typesupport_introspection_c
[2.565s] [ 94%] Built target tutorial_interfaces_s__rosidl_typesupport_fastrtps_c
[2.571s] [100%] Built target tutorial_interfaces_s__rosidl_typesupport_c
[2.601s] Invoked command in '/workspaces/local_ros_ws/simpleservice_ws/build/tutorial_interfaces' returned '0': CMAKE_PREFIX_PATH=${CMAKE_PREFIX_PATH}:/opt/ros/jazzy /usr/bin/cmake --build /workspaces/local_ros_ws/simpleservice_ws/build/tutorial_interfaces -- -j8 -l8
[2.622s] Invoking command in '/workspaces/local_ros_ws/simpleservice_ws/build/tutorial_interfaces': CMAKE_PREFIX_PATH=${CMAKE_PREFIX_PATH}:/opt/ros/jazzy /usr/bin/cmake --install /workspaces/local_ros_ws/simpleservice_ws/build/tutorial_interfaces
[2.637s] -- Install configuration: ""
[2.639s] -- Up-to-date: /workspaces/local_ros_ws/simpleservice_ws/install/tutorial_interfaces/share/ament_index/resource_index/rosidl_interfaces/tutorial_interfaces
[2.639s] -- Up-to-date: /workspaces/local_ros_ws/simpleservice_ws/install/tutorial_interfaces/share/tutorial_interfaces/srv/AddThreeInts.json
[2.640s] -- Up-to-date: /workspaces/local_ros_ws/simpleservice_ws/install/tutorial_interfaces/include/tutorial_interfaces/tutorial_interfaces
[2.641s] -- Up-to-date: /workspaces/local_ros_ws/simpleservice_ws/install/tutorial_interfaces/include/tutorial_interfaces/tutorial_interfaces/msg
[2.642s] -- Up-to-date: /workspaces/local_ros_ws/simpleservice_ws/install/tutorial_interfaces/include/tutorial_interfaces/tutorial_interfaces/msg/rosidl_generator_c__visibility_control.h
[2.642s] -- Up-to-date: /workspaces/local_ros_ws/simpleservice_ws/install/tutorial_interfaces/include/tutorial_interfaces/tutorial_interfaces/srv
[2.644s] -- Up-to-date: /workspaces/local_ros_ws/simpleservice_ws/install/tutorial_interfaces/include/tutorial_interfaces/tutorial_interfaces/srv/add_three_ints.h
[2.644s] -- Up-to-date: /workspaces/local_ros_ws/simpleservice_ws/install/tutorial_interfaces/include/tutorial_interfaces/tutorial_interfaces/srv/detail
[2.645s] -- Up-to-date: /workspaces/local_ros_ws/simpleservice_ws/install/tutorial_interfaces/include/tutorial_interfaces/tutorial_interfaces/srv/detail/add_three_ints__type_support.h
[2.646s] -- Up-to-date: /workspaces/local_ros_ws/simpleservice_ws/install/tutorial_interfaces/include/tutorial_interfaces/tutorial_interfaces/srv/detail/add_three_ints__struct.h
[2.647s] -- Up-to-date: /workspaces/local_ros_ws/simpleservice_ws/install/tutorial_interfaces/include/tutorial_interfaces/tutorial_interfaces/srv/detail/add_three_ints__description.c
[2.648s] -- Up-to-date: /workspaces/local_ros_ws/simpleservice_ws/install/tutorial_interfaces/include/tutorial_interfaces/tutorial_interfaces/srv/detail/add_three_ints__functions.c
[2.649s] -- Up-to-date: /workspaces/local_ros_ws/simpleservice_ws/install/tutorial_interfaces/include/tutorial_interfaces/tutorial_interfaces/srv/detail/add_three_ints__type_support.c
[2.650s] -- Up-to-date: /workspaces/local_ros_ws/simpleservice_ws/install/tutorial_interfaces/include/tutorial_interfaces/tutorial_interfaces/srv/detail/add_three_ints__functions.h
[2.651s] -- Up-to-date: /workspaces/local_ros_ws/simpleservice_ws/install/tutorial_interfaces/share/tutorial_interfaces/environment/library_path.sh
[2.652s] -- Up-to-date: /workspaces/local_ros_ws/simpleservice_ws/install/tutorial_interfaces/share/tutorial_interfaces/environment/library_path.dsv
[2.653s] -- Up-to-date: /workspaces/local_ros_ws/simpleservice_ws/install/tutorial_interfaces/lib/libtutorial_interfaces__rosidl_generator_c.so
[2.654s] -- Up-to-date: /workspaces/local_ros_ws/simpleservice_ws/install/tutorial_interfaces/include/tutorial_interfaces/tutorial_interfaces
[2.655s] -- Up-to-date: /workspaces/local_ros_ws/simpleservice_ws/install/tutorial_interfaces/include/tutorial_interfaces/tutorial_interfaces/msg
[2.656s] -- Up-to-date: /workspaces/local_ros_ws/simpleservice_ws/install/tutorial_interfaces/include/tutorial_interfaces/tutorial_interfaces/msg/rosidl_typesupport_fastrtps_c__visibility_control.h
[2.657s] -- Up-to-date: /workspaces/local_ros_ws/simpleservice_ws/install/tutorial_interfaces/include/tutorial_interfaces/tutorial_interfaces/srv
[2.658s] -- Up-to-date: /workspaces/local_ros_ws/simpleservice_ws/install/tutorial_interfaces/include/tutorial_interfaces/tutorial_interfaces/srv/detail
[2.659s] -- Up-to-date: /workspaces/local_ros_ws/simpleservice_ws/install/tutorial_interfaces/include/tutorial_interfaces/tutorial_interfaces/srv/detail/add_three_ints__rosidl_typesupport_fastrtps_c.h
[2.661s] -- Up-to-date: /workspaces/local_ros_ws/simpleservice_ws/install/tutorial_interfaces/lib/libtutorial_interfaces__rosidl_typesupport_fastrtps_c.so
[2.662s] -- Up-to-date: /workspaces/local_ros_ws/simpleservice_ws/install/tutorial_interfaces/include/tutorial_interfaces/tutorial_interfaces
[2.663s] -- Up-to-date: /workspaces/local_ros_ws/simpleservice_ws/install/tutorial_interfaces/include/tutorial_interfaces/tutorial_interfaces/msg
[2.664s] -- Up-to-date: /workspaces/local_ros_ws/simpleservice_ws/install/tutorial_interfaces/include/tutorial_interfaces/tutorial_interfaces/msg/rosidl_typesupport_introspection_c__visibility_control.h
[2.665s] -- Up-to-date: /workspaces/local_ros_ws/simpleservice_ws/install/tutorial_interfaces/include/tutorial_interfaces/tutorial_interfaces/srv
[2.666s] -- Up-to-date: /workspaces/local_ros_ws/simpleservice_ws/install/tutorial_interfaces/include/tutorial_interfaces/tutorial_interfaces/srv/detail
[2.667s] -- Up-to-date: /workspaces/local_ros_ws/simpleservice_ws/install/tutorial_interfaces/include/tutorial_interfaces/tutorial_interfaces/srv/detail/add_three_ints__type_support.c
[2.668s] -- Up-to-date: /workspaces/local_ros_ws/simpleservice_ws/install/tutorial_interfaces/include/tutorial_interfaces/tutorial_interfaces/srv/detail/add_three_ints__rosidl_typesupport_introspection_c.h
[2.669s] -- Up-to-date: /workspaces/local_ros_ws/simpleservice_ws/install/tutorial_interfaces/lib/libtutorial_interfaces__rosidl_typesupport_introspection_c.so
[2.671s] -- Up-to-date: /workspaces/local_ros_ws/simpleservice_ws/install/tutorial_interfaces/lib/libtutorial_interfaces__rosidl_typesupport_c.so
[2.673s] -- Up-to-date: /workspaces/local_ros_ws/simpleservice_ws/install/tutorial_interfaces/include/tutorial_interfaces/tutorial_interfaces
[2.674s] -- Up-to-date: /workspaces/local_ros_ws/simpleservice_ws/install/tutorial_interfaces/include/tutorial_interfaces/tutorial_interfaces/msg
[2.675s] -- Up-to-date: /workspaces/local_ros_ws/simpleservice_ws/install/tutorial_interfaces/include/tutorial_interfaces/tutorial_interfaces/msg/rosidl_generator_cpp__visibility_control.hpp
[2.676s] -- Up-to-date: /workspaces/local_ros_ws/simpleservice_ws/install/tutorial_interfaces/include/tutorial_interfaces/tutorial_interfaces/srv
[2.677s] -- Up-to-date: /workspaces/local_ros_ws/simpleservice_ws/install/tutorial_interfaces/include/tutorial_interfaces/tutorial_interfaces/srv/add_three_ints.hpp
[2.677s] -- Up-to-date: /workspaces/local_ros_ws/simpleservice_ws/install/tutorial_interfaces/include/tutorial_interfaces/tutorial_interfaces/srv/detail
[2.678s] -- Up-to-date: /workspaces/local_ros_ws/simpleservice_ws/install/tutorial_interfaces/include/tutorial_interfaces/tutorial_interfaces/srv/detail/add_three_ints__struct.hpp
[2.679s] -- Up-to-date: /workspaces/local_ros_ws/simpleservice_ws/install/tutorial_interfaces/include/tutorial_interfaces/tutorial_interfaces/srv/detail/add_three_ints__builder.hpp
[2.680s] -- Up-to-date: /workspaces/local_ros_ws/simpleservice_ws/install/tutorial_interfaces/include/tutorial_interfaces/tutorial_interfaces/srv/detail/add_three_ints__traits.hpp
[2.680s] -- Up-to-date: /workspaces/local_ros_ws/simpleservice_ws/install/tutorial_interfaces/include/tutorial_interfaces/tutorial_interfaces/srv/detail/add_three_ints__type_support.hpp
[2.681s] -- Up-to-date: /workspaces/local_ros_ws/simpleservice_ws/install/tutorial_interfaces/include/tutorial_interfaces/tutorial_interfaces
[2.682s] -- Up-to-date: /workspaces/local_ros_ws/simpleservice_ws/install/tutorial_interfaces/include/tutorial_interfaces/tutorial_interfaces/msg
[2.683s] -- Up-to-date: /workspaces/local_ros_ws/simpleservice_ws/install/tutorial_interfaces/include/tutorial_interfaces/tutorial_interfaces/msg/rosidl_typesupport_fastrtps_cpp__visibility_control.h
[2.684s] -- Up-to-date: /workspaces/local_ros_ws/simpleservice_ws/install/tutorial_interfaces/include/tutorial_interfaces/tutorial_interfaces/srv
[2.685s] -- Up-to-date: /workspaces/local_ros_ws/simpleservice_ws/install/tutorial_interfaces/include/tutorial_interfaces/tutorial_interfaces/srv/detail
[2.686s] -- Up-to-date: /workspaces/local_ros_ws/simpleservice_ws/install/tutorial_interfaces/include/tutorial_interfaces/tutorial_interfaces/srv/detail/add_three_ints__rosidl_typesupport_fastrtps_cpp.hpp
[2.686s] -- Up-to-date: /workspaces/local_ros_ws/simpleservice_ws/install/tutorial_interfaces/include/tutorial_interfaces/tutorial_interfaces/srv/detail/dds_fastrtps
[2.688s] -- Up-to-date: /workspaces/local_ros_ws/simpleservice_ws/install/tutorial_interfaces/lib/libtutorial_interfaces__rosidl_typesupport_fastrtps_cpp.so
[2.689s] -- Up-to-date: /workspaces/local_ros_ws/simpleservice_ws/install/tutorial_interfaces/include/tutorial_interfaces/tutorial_interfaces
[2.690s] -- Up-to-date: /workspaces/local_ros_ws/simpleservice_ws/install/tutorial_interfaces/include/tutorial_interfaces/tutorial_interfaces/srv
[2.691s] -- Up-to-date: /workspaces/local_ros_ws/simpleservice_ws/install/tutorial_interfaces/include/tutorial_interfaces/tutorial_interfaces/srv/detail
[2.693s] -- Up-to-date: /workspaces/local_ros_ws/simpleservice_ws/install/tutorial_interfaces/include/tutorial_interfaces/tutorial_interfaces/srv/detail/add_three_ints__type_support.cpp
[2.694s] -- Up-to-date: /workspaces/local_ros_ws/simpleservice_ws/install/tutorial_interfaces/include/tutorial_interfaces/tutorial_interfaces/srv/detail/add_three_ints__rosidl_typesupport_introspection_cpp.hpp
[2.695s] -- Up-to-date: /workspaces/local_ros_ws/simpleservice_ws/install/tutorial_interfaces/lib/libtutorial_interfaces__rosidl_typesupport_introspection_cpp.so
[2.697s] -- Up-to-date: /workspaces/local_ros_ws/simpleservice_ws/install/tutorial_interfaces/lib/libtutorial_interfaces__rosidl_typesupport_cpp.so
[2.699s] -- Up-to-date: /workspaces/local_ros_ws/simpleservice_ws/install/tutorial_interfaces/share/tutorial_interfaces/environment/pythonpath.sh
[2.700s] -- Up-to-date: /workspaces/local_ros_ws/simpleservice_ws/install/tutorial_interfaces/share/tutorial_interfaces/environment/pythonpath.dsv
[2.701s] -- Up-to-date: /workspaces/local_ros_ws/simpleservice_ws/install/tutorial_interfaces/lib/python3.12/site-packages/tutorial_interfaces-0.0.0-py3.12.egg-info
[2.702s] -- Installing: /workspaces/local_ros_ws/simpleservice_ws/install/tutorial_interfaces/lib/python3.12/site-packages/tutorial_interfaces-0.0.0-py3.12.egg-info/PKG-INFO
[2.706s] -- Installing: /workspaces/local_ros_ws/simpleservice_ws/install/tutorial_interfaces/lib/python3.12/site-packages/tutorial_interfaces-0.0.0-py3.12.egg-info/SOURCES.txt
[2.709s] -- Installing: /workspaces/local_ros_ws/simpleservice_ws/install/tutorial_interfaces/lib/python3.12/site-packages/tutorial_interfaces-0.0.0-py3.12.egg-info/top_level.txt
[2.712s] -- Installing: /workspaces/local_ros_ws/simpleservice_ws/install/tutorial_interfaces/lib/python3.12/site-packages/tutorial_interfaces-0.0.0-py3.12.egg-info/dependency_links.txt
[2.716s] -- Up-to-date: /workspaces/local_ros_ws/simpleservice_ws/install/tutorial_interfaces/lib/python3.12/site-packages/tutorial_interfaces
[2.717s] -- Installing: /workspaces/local_ros_ws/simpleservice_ws/install/tutorial_interfaces/lib/python3.12/site-packages/tutorial_interfaces/__init__.py
[2.719s] -- Up-to-date: /workspaces/local_ros_ws/simpleservice_ws/install/tutorial_interfaces/lib/python3.12/site-packages/tutorial_interfaces/tutorial_interfaces_s__rosidl_typesupport_introspection_c.so
[2.720s] -- Up-to-date: /workspaces/local_ros_ws/simpleservice_ws/install/tutorial_interfaces/lib/python3.12/site-packages/tutorial_interfaces/_tutorial_interfaces_s.ep.rosidl_typesupport_c.c
[2.721s] -- Up-to-date: /workspaces/local_ros_ws/simpleservice_ws/install/tutorial_interfaces/lib/python3.12/site-packages/tutorial_interfaces/tutorial_interfaces_s__rosidl_typesupport_c.so
[2.722s] -- Up-to-date: /workspaces/local_ros_ws/simpleservice_ws/install/tutorial_interfaces/lib/python3.12/site-packages/tutorial_interfaces/_tutorial_interfaces_s.ep.rosidl_typesupport_fastrtps_c.c
[2.723s] -- Up-to-date: /workspaces/local_ros_ws/simpleservice_ws/install/tutorial_interfaces/lib/python3.12/site-packages/tutorial_interfaces/tutorial_interfaces_s__rosidl_typesupport_fastrtps_c.so
[2.723s] -- Up-to-date: /workspaces/local_ros_ws/simpleservice_ws/install/tutorial_interfaces/lib/python3.12/site-packages/tutorial_interfaces/_tutorial_interfaces_s.ep.rosidl_typesupport_introspection_c.c
[2.724s] -- Up-to-date: /workspaces/local_ros_ws/simpleservice_ws/install/tutorial_interfaces/lib/python3.12/site-packages/tutorial_interfaces/srv
[2.725s] -- Up-to-date: /workspaces/local_ros_ws/simpleservice_ws/install/tutorial_interfaces/lib/python3.12/site-packages/tutorial_interfaces/srv/_add_three_ints_s.c
[2.725s] -- Up-to-date: /workspaces/local_ros_ws/simpleservice_ws/install/tutorial_interfaces/lib/python3.12/site-packages/tutorial_interfaces/srv/__init__.py
[2.726s] -- Up-to-date: /workspaces/local_ros_ws/simpleservice_ws/install/tutorial_interfaces/lib/python3.12/site-packages/tutorial_interfaces/srv/_add_three_ints.py
[2.772s] Listing '/workspaces/local_ros_ws/simpleservice_ws/install/tutorial_interfaces/lib/python3.12/site-packages/tutorial_interfaces'...
[2.772s] Compiling '/workspaces/local_ros_ws/simpleservice_ws/install/tutorial_interfaces/lib/python3.12/site-packages/tutorial_interfaces/__init__.py'...
[2.773s] Listing '/workspaces/local_ros_ws/simpleservice_ws/install/tutorial_interfaces/lib/python3.12/site-packages/tutorial_interfaces/srv'...
[2.779s] -- Up-to-date: /workspaces/local_ros_ws/simpleservice_ws/install/tutorial_interfaces/lib/python3.12/site-packages/tutorial_interfaces/tutorial_interfaces_s__rosidl_typesupport_fastrtps_c.so
[2.782s] -- Up-to-date: /workspaces/local_ros_ws/simpleservice_ws/install/tutorial_interfaces/lib/python3.12/site-packages/tutorial_interfaces/tutorial_interfaces_s__rosidl_typesupport_introspection_c.so
[2.784s] -- Up-to-date: /workspaces/local_ros_ws/simpleservice_ws/install/tutorial_interfaces/lib/python3.12/site-packages/tutorial_interfaces/tutorial_interfaces_s__rosidl_typesupport_c.so
[2.786s] -- Up-to-date: /workspaces/local_ros_ws/simpleservice_ws/install/tutorial_interfaces/lib/libtutorial_interfaces__rosidl_generator_py.so
[2.787s] -- Up-to-date: /workspaces/local_ros_ws/simpleservice_ws/install/tutorial_interfaces/share/tutorial_interfaces/srv/AddThreeInts.idl
[2.789s] -- Up-to-date: /workspaces/local_ros_ws/simpleservice_ws/install/tutorial_interfaces/share/tutorial_interfaces/srv/AddThreeInts.srv
[2.790s] -- Up-to-date: /workspaces/local_ros_ws/simpleservice_ws/install/tutorial_interfaces/share/ament_index/resource_index/package_run_dependencies/tutorial_interfaces
[2.791s] -- Installing: /workspaces/local_ros_ws/simpleservice_ws/install/tutorial_interfaces/share/ament_index/resource_index/parent_prefix_path/tutorial_interfaces
[2.795s] -- Up-to-date: /workspaces/local_ros_ws/simpleservice_ws/install/tutorial_interfaces/share/tutorial_interfaces/environment/ament_prefix_path.sh
[2.796s] -- Up-to-date: /workspaces/local_ros_ws/simpleservice_ws/install/tutorial_interfaces/share/tutorial_interfaces/environment/ament_prefix_path.dsv
[2.797s] -- Up-to-date: /workspaces/local_ros_ws/simpleservice_ws/install/tutorial_interfaces/share/tutorial_interfaces/environment/path.sh
[2.798s] -- Up-to-date: /workspaces/local_ros_ws/simpleservice_ws/install/tutorial_interfaces/share/tutorial_interfaces/environment/path.dsv
[2.799s] -- Up-to-date: /workspaces/local_ros_ws/simpleservice_ws/install/tutorial_interfaces/share/tutorial_interfaces/local_setup.bash
[2.800s] -- Up-to-date: /workspaces/local_ros_ws/simpleservice_ws/install/tutorial_interfaces/share/tutorial_interfaces/local_setup.sh
[2.802s] -- Up-to-date: /workspaces/local_ros_ws/simpleservice_ws/install/tutorial_interfaces/share/tutorial_interfaces/local_setup.zsh
[2.803s] -- Up-to-date: /workspaces/local_ros_ws/simpleservice_ws/install/tutorial_interfaces/share/tutorial_interfaces/local_setup.dsv
[2.803s] -- Installing: /workspaces/local_ros_ws/simpleservice_ws/install/tutorial_interfaces/share/tutorial_interfaces/package.dsv
[2.805s] -- Up-to-date: /workspaces/local_ros_ws/simpleservice_ws/install/tutorial_interfaces/share/ament_index/resource_index/packages/tutorial_interfaces
[2.807s] -- Up-to-date: /workspaces/local_ros_ws/simpleservice_ws/install/tutorial_interfaces/share/tutorial_interfaces/cmake/export_tutorial_interfaces__rosidl_generator_cExport.cmake
[2.807s] -- Up-to-date: /workspaces/local_ros_ws/simpleservice_ws/install/tutorial_interfaces/share/tutorial_interfaces/cmake/export_tutorial_interfaces__rosidl_generator_cExport-noconfig.cmake
[2.809s] -- Up-to-date: /workspaces/local_ros_ws/simpleservice_ws/install/tutorial_interfaces/share/tutorial_interfaces/cmake/export_tutorial_interfaces__rosidl_typesupport_fastrtps_cExport.cmake
[2.810s] -- Up-to-date: /workspaces/local_ros_ws/simpleservice_ws/install/tutorial_interfaces/share/tutorial_interfaces/cmake/export_tutorial_interfaces__rosidl_typesupport_fastrtps_cExport-noconfig.cmake
[2.811s] -- Up-to-date: /workspaces/local_ros_ws/simpleservice_ws/install/tutorial_interfaces/share/tutorial_interfaces/cmake/tutorial_interfaces__rosidl_typesupport_introspection_cExport.cmake
[2.812s] -- Up-to-date: /workspaces/local_ros_ws/simpleservice_ws/install/tutorial_interfaces/share/tutorial_interfaces/cmake/tutorial_interfaces__rosidl_typesupport_introspection_cExport-noconfig.cmake
[2.814s] -- Up-to-date: /workspaces/local_ros_ws/simpleservice_ws/install/tutorial_interfaces/share/tutorial_interfaces/cmake/tutorial_interfaces__rosidl_typesupport_cExport.cmake
[2.814s] -- Up-to-date: /workspaces/local_ros_ws/simpleservice_ws/install/tutorial_interfaces/share/tutorial_interfaces/cmake/tutorial_interfaces__rosidl_typesupport_cExport-noconfig.cmake
[2.815s] -- Up-to-date: /workspaces/local_ros_ws/simpleservice_ws/install/tutorial_interfaces/share/tutorial_interfaces/cmake/export_tutorial_interfaces__rosidl_generator_cppExport.cmake
[2.816s] -- Up-to-date: /workspaces/local_ros_ws/simpleservice_ws/install/tutorial_interfaces/share/tutorial_interfaces/cmake/export_tutorial_interfaces__rosidl_typesupport_fastrtps_cppExport.cmake
[2.817s] -- Up-to-date: /workspaces/local_ros_ws/simpleservice_ws/install/tutorial_interfaces/share/tutorial_interfaces/cmake/export_tutorial_interfaces__rosidl_typesupport_fastrtps_cppExport-noconfig.cmake
[2.818s] -- Up-to-date: /workspaces/local_ros_ws/simpleservice_ws/install/tutorial_interfaces/share/tutorial_interfaces/cmake/tutorial_interfaces__rosidl_typesupport_introspection_cppExport.cmake
[2.819s] -- Up-to-date: /workspaces/local_ros_ws/simpleservice_ws/install/tutorial_interfaces/share/tutorial_interfaces/cmake/tutorial_interfaces__rosidl_typesupport_introspection_cppExport-noconfig.cmake
[2.820s] -- Up-to-date: /workspaces/local_ros_ws/simpleservice_ws/install/tutorial_interfaces/share/tutorial_interfaces/cmake/tutorial_interfaces__rosidl_typesupport_cppExport.cmake
[2.820s] -- Up-to-date: /workspaces/local_ros_ws/simpleservice_ws/install/tutorial_interfaces/share/tutorial_interfaces/cmake/tutorial_interfaces__rosidl_typesupport_cppExport-noconfig.cmake
[2.821s] -- Up-to-date: /workspaces/local_ros_ws/simpleservice_ws/install/tutorial_interfaces/share/tutorial_interfaces/cmake/export_tutorial_interfaces__rosidl_generator_pyExport.cmake
[2.822s] -- Up-to-date: /workspaces/local_ros_ws/simpleservice_ws/install/tutorial_interfaces/share/tutorial_interfaces/cmake/export_tutorial_interfaces__rosidl_generator_pyExport-noconfig.cmake
[2.823s] -- Up-to-date: /workspaces/local_ros_ws/simpleservice_ws/install/tutorial_interfaces/share/tutorial_interfaces/cmake/rosidl_cmake-extras.cmake
[2.824s] -- Up-to-date: /workspaces/local_ros_ws/simpleservice_ws/install/tutorial_interfaces/share/tutorial_interfaces/cmake/ament_cmake_export_dependencies-extras.cmake
[2.825s] -- Up-to-date: /workspaces/local_ros_ws/simpleservice_ws/install/tutorial_interfaces/share/tutorial_interfaces/cmake/ament_cmake_export_include_directories-extras.cmake
[2.826s] -- Up-to-date: /workspaces/local_ros_ws/simpleservice_ws/install/tutorial_interfaces/share/tutorial_interfaces/cmake/ament_cmake_export_libraries-extras.cmake
[2.827s] -- Up-to-date: /workspaces/local_ros_ws/simpleservice_ws/install/tutorial_interfaces/share/tutorial_interfaces/cmake/ament_cmake_export_targets-extras.cmake
[2.827s] -- Up-to-date: /workspaces/local_ros_ws/simpleservice_ws/install/tutorial_interfaces/share/tutorial_interfaces/cmake/rosidl_cmake_export_typesupport_targets-extras.cmake
[2.828s] -- Up-to-date: /workspaces/local_ros_ws/simpleservice_ws/install/tutorial_interfaces/share/tutorial_interfaces/cmake/rosidl_cmake_export_typesupport_libraries-extras.cmake
[2.829s] -- Up-to-date: /workspaces/local_ros_ws/simpleservice_ws/install/tutorial_interfaces/share/tutorial_interfaces/cmake/tutorial_interfacesConfig.cmake
[2.830s] -- Up-to-date: /workspaces/local_ros_ws/simpleservice_ws/install/tutorial_interfaces/share/tutorial_interfaces/cmake/tutorial_interfacesConfig-version.cmake
[2.831s] -- Installing: /workspaces/local_ros_ws/simpleservice_ws/install/tutorial_interfaces/share/tutorial_interfaces/package.xml
[2.837s] Invoked command in '/workspaces/local_ros_ws/simpleservice_ws/build/tutorial_interfaces' returned '0': CMAKE_PREFIX_PATH=${CMAKE_PREFIX_PATH}:/opt/ros/jazzy /usr/bin/cmake --install /workspaces/local_ros_ws/simpleservice_ws/build/tutorial_interfaces
