-- Found ament_cmake: 2.5.3 (/opt/ros/jazzy/share/ament_cmake/cmake)
-- Found rosidl_default_generators: 1.6.0 (/opt/ros/jazzy/share/rosidl_default_generators/cmake)
-- Using all available rosidl_typesupport_c: rosidl_typesupport_fastrtps_c;rosidl_typesupport_introspection_c
-- Using all available rosidl_typesupport_cpp: rosidl_typesupport_fastrtps_cpp;rosidl_typesupport_introspection_cpp
-- Found rosidl_adapter: 4.6.5 (/opt/ros/jazzy/share/rosidl_adapter/cmake)
-- Found ament_cmake_ros: 0.12.0 (/opt/ros/jazzy/share/ament_cmake_ros/cmake)
-- Using all available rosidl_typesupport_c: rosidl_typesupport_fastrtps_c;rosidl_typesupport_introspection_c
-- Using all available rosidl_typesupport_cpp: rosidl_typesupport_fastrtps_cpp;rosidl_typesupport_introspection_cpp
-- Found python_cmake_module: 0.11.1 (/opt/ros/jazzy/share/python_cmake_module/cmake)
-- Found Python3: /usr/bin/python3 (found version "3.12.3") found components: Interpreter Development NumPy Development.Module Development.Embed 
-- Found ament_lint_auto: 0.17.2 (/opt/ros/jazzy/share/ament_lint_auto/cmake)
-- Added test 'lint_cmake' to check CMake code style
-- Added test 'xmllint' to check XML markup files
-- Configuring done (0.8s)
-- Generating done (0.1s)
-- Build files have been written to: /workspaces/local_ros_ws/simpleservice_ws/build/tutorial_interfaces
[  1%] [34m[1mGenerating type hashes for ROS interfaces[0m
[  1%] Built target ament_cmake_python_copy_tutorial_interfaces
running egg_info
writing tutorial_interfaces.egg-info/PKG-INFO
writing dependency_links to tutorial_interfaces.egg-info/dependency_links.txt
writing top-level names to tutorial_interfaces.egg-info/top_level.txt
[  1%] Built target tutorial_interfaces__rosidl_generator_type_description
reading manifest file 'tutorial_interfaces.egg-info/SOURCES.txt'
writing manifest file 'tutorial_interfaces.egg-info/SOURCES.txt'
[  3%] [34m[1mGenerating C code for ROS interfaces[0m
[  5%] [34m[1mGenerating C++ code for ROS interfaces[0m
[  5%] Built target ament_cmake_python_build_tutorial_interfaces_egg
[  5%] Built target tutorial_interfaces__cpp
[  7%] [32mBuilding C object CMakeFiles/tutorial_interfaces__rosidl_generator_c.dir/rosidl_generator_c/tutorial_interfaces/srv/detail/add_three_ints__description.c.o[0m
[  9%] [32mBuilding C object CMakeFiles/tutorial_interfaces__rosidl_generator_c.dir/rosidl_generator_c/tutorial_interfaces/srv/detail/add_three_ints__functions.c.o[0m
[ 12%] [32mBuilding C object CMakeFiles/tutorial_interfaces__rosidl_generator_c.dir/rosidl_generator_c/tutorial_interfaces/srv/detail/speed_control__description.c.o[0m
[ 12%] [32mBuilding C object CMakeFiles/tutorial_interfaces__rosidl_generator_c.dir/rosidl_generator_c/tutorial_interfaces/srv/detail/add_three_ints__type_support.c.o[0m
[ 18%] [32mBuilding C object CMakeFiles/tutorial_interfaces__rosidl_generator_c.dir/rosidl_generator_c/tutorial_interfaces/srv/detail/speed_control__type_support.c.o[0m
[ 18%] [32mBuilding C object CMakeFiles/tutorial_interfaces__rosidl_generator_c.dir/rosidl_generator_c/tutorial_interfaces/srv/detail/stop_motor__description.c.o[0m
[ 18%] [32mBuilding C object CMakeFiles/tutorial_interfaces__rosidl_generator_c.dir/rosidl_generator_c/tutorial_interfaces/srv/detail/stop_motor__functions.c.o[0m
[ 20%] [32mBuilding C object CMakeFiles/tutorial_interfaces__rosidl_generator_c.dir/rosidl_generator_c/tutorial_interfaces/srv/detail/speed_control__functions.c.o[0m
[ 22%] [32mBuilding C object CMakeFiles/tutorial_interfaces__rosidl_generator_c.dir/rosidl_generator_c/tutorial_interfaces/srv/detail/stop_motor__type_support.c.o[0m
[ 24%] [32m[1mLinking C shared library libtutorial_interfaces__rosidl_generator_c.so[0m
[ 24%] Built target tutorial_interfaces__rosidl_generator_c
[ 27%] [34m[1mGenerating C++ type support for eProsima Fast-RTPS[0m
[ 27%] [34m[1mGenerating C++ introspection for ROS interfaces[0m
[ 29%] [34m[1mGenerating C type support for eProsima Fast-RTPS[0m
[ 35%] [34m[1mGenerating C introspection for ROS interfaces[0m
[ 35%] [34m[1mGenerating C type support dispatch for ROS interfaces[0m
[ 35%] [34m[1mGenerating C++ type support dispatch for ROS interfaces[0m
[ 37%] [32mBuilding CXX object CMakeFiles/tutorial_interfaces__rosidl_typesupport_c.dir/rosidl_typesupport_c/tutorial_interfaces/srv/add_three_ints__type_support.cpp.o[0m
[ 38%] [32mBuilding CXX object CMakeFiles/tutorial_interfaces__rosidl_typesupport_c.dir/rosidl_typesupport_c/tutorial_interfaces/srv/speed_control__type_support.cpp.o[0m
[ 40%] [32mBuilding CXX object CMakeFiles/tutorial_interfaces__rosidl_typesupport_c.dir/rosidl_typesupport_c/tutorial_interfaces/srv/stop_motor__type_support.cpp.o[0m
[ 42%] [32mBuilding CXX object CMakeFiles/tutorial_interfaces__rosidl_typesupport_cpp.dir/rosidl_typesupport_cpp/tutorial_interfaces/srv/add_three_ints__type_support.cpp.o[0m
[ 46%] [32mBuilding C object CMakeFiles/tutorial_interfaces__rosidl_typesupport_introspection_c.dir/rosidl_typesupport_introspection_c/tutorial_interfaces/srv/detail/speed_control__type_support.c.o[0m
[ 46%] [32mBuilding C object CMakeFiles/tutorial_interfaces__rosidl_typesupport_introspection_c.dir/rosidl_typesupport_introspection_c/tutorial_interfaces/srv/detail/add_three_ints__type_support.c.o[0m
[ 48%] [32mBuilding C object CMakeFiles/tutorial_interfaces__rosidl_typesupport_introspection_c.dir/rosidl_typesupport_introspection_c/tutorial_interfaces/srv/detail/stop_motor__type_support.c.o[0m
[ 50%] [32m[1mLinking CXX shared library libtutorial_interfaces__rosidl_typesupport_c.so[0m
[ 51%] [32mBuilding CXX object CMakeFiles/tutorial_interfaces__rosidl_typesupport_cpp.dir/rosidl_typesupport_cpp/tutorial_interfaces/srv/speed_control__type_support.cpp.o[0m
[ 53%] [32mBuilding CXX object CMakeFiles/tutorial_interfaces__rosidl_typesupport_cpp.dir/rosidl_typesupport_cpp/tutorial_interfaces/srv/stop_motor__type_support.cpp.o[0m
[ 55%] [32m[1mLinking C shared library libtutorial_interfaces__rosidl_typesupport_introspection_c.so[0m
[ 55%] Built target tutorial_interfaces__rosidl_typesupport_c
[ 57%] [32mBuilding CXX object CMakeFiles/tutorial_interfaces__rosidl_typesupport_introspection_cpp.dir/rosidl_typesupport_introspection_cpp/tutorial_interfaces/srv/detail/add_three_ints__type_support.cpp.o[0m
[ 59%] [32mBuilding CXX object CMakeFiles/tutorial_interfaces__rosidl_typesupport_introspection_cpp.dir/rosidl_typesupport_introspection_cpp/tutorial_interfaces/srv/detail/speed_control__type_support.cpp.o[0m
[ 59%] Built target tutorial_interfaces__rosidl_typesupport_introspection_c
[ 61%] [32mBuilding CXX object CMakeFiles/tutorial_interfaces__rosidl_typesupport_introspection_cpp.dir/rosidl_typesupport_introspection_cpp/tutorial_interfaces/srv/detail/stop_motor__type_support.cpp.o[0m
[ 62%] [32mBuilding CXX object CMakeFiles/tutorial_interfaces__rosidl_typesupport_fastrtps_cpp.dir/rosidl_typesupport_fastrtps_cpp/tutorial_interfaces/srv/detail/dds_fastrtps/add_three_ints__type_support.cpp.o[0m
[ 64%] [32mBuilding CXX object CMakeFiles/tutorial_interfaces__rosidl_typesupport_fastrtps_c.dir/rosidl_typesupport_fastrtps_c/tutorial_interfaces/srv/detail/add_three_ints__type_support_c.cpp.o[0m
[ 66%] [32mBuilding CXX object CMakeFiles/tutorial_interfaces__rosidl_typesupport_fastrtps_cpp.dir/rosidl_typesupport_fastrtps_cpp/tutorial_interfaces/srv/detail/dds_fastrtps/speed_control__type_support.cpp.o[0m
[ 68%] [32mBuilding CXX object CMakeFiles/tutorial_interfaces__rosidl_typesupport_fastrtps_c.dir/rosidl_typesupport_fastrtps_c/tutorial_interfaces/srv/detail/speed_control__type_support_c.cpp.o[0m
[ 70%] [32m[1mLinking CXX shared library libtutorial_interfaces__rosidl_typesupport_cpp.so[0m
[ 70%] Built target tutorial_interfaces__rosidl_typesupport_cpp
[ 72%] [32mBuilding CXX object CMakeFiles/tutorial_interfaces__rosidl_typesupport_fastrtps_c.dir/rosidl_typesupport_fastrtps_c/tutorial_interfaces/srv/detail/stop_motor__type_support_c.cpp.o[0m
[ 74%] [32mBuilding CXX object CMakeFiles/tutorial_interfaces__rosidl_typesupport_fastrtps_cpp.dir/rosidl_typesupport_fastrtps_cpp/tutorial_interfaces/srv/detail/dds_fastrtps/stop_motor__type_support.cpp.o[0m
[ 75%] [32m[1mLinking CXX shared library libtutorial_interfaces__rosidl_typesupport_introspection_cpp.so[0m
[ 75%] Built target tutorial_interfaces__rosidl_typesupport_introspection_cpp
[ 77%] [32m[1mLinking CXX shared library libtutorial_interfaces__rosidl_typesupport_fastrtps_c.so[0m
[ 77%] Built target tutorial_interfaces__rosidl_typesupport_fastrtps_c
[ 79%] [32m[1mLinking CXX shared library libtutorial_interfaces__rosidl_typesupport_fastrtps_cpp.so[0m
[ 79%] Built target tutorial_interfaces__rosidl_typesupport_fastrtps_cpp
[ 79%] Built target tutorial_interfaces
[ 81%] [34m[1mGenerating Python code for ROS interfaces[0m
[ 81%] Built target tutorial_interfaces__py
[ 85%] [32mBuilding C object CMakeFiles/tutorial_interfaces__rosidl_generator_py.dir/rosidl_generator_py/tutorial_interfaces/srv/_add_three_ints_s.c.o[0m
[ 87%] [32mBuilding C object CMakeFiles/tutorial_interfaces__rosidl_generator_py.dir/rosidl_generator_py/tutorial_interfaces/srv/_speed_control_s.c.o[0m
[ 87%] [32mBuilding C object CMakeFiles/tutorial_interfaces__rosidl_generator_py.dir/rosidl_generator_py/tutorial_interfaces/srv/_stop_motor_s.c.o[0m
[ 88%] [32m[1mLinking C shared library libtutorial_interfaces__rosidl_generator_py.so[0m
[ 88%] Built target tutorial_interfaces__rosidl_generator_py
[ 90%] [32mBuilding C object CMakeFiles/tutorial_interfaces_s__rosidl_typesupport_c.dir/rosidl_generator_py/tutorial_interfaces/_tutorial_interfaces_s.ep.rosidl_typesupport_c.c.o[0m
[ 94%] [32mBuilding C object CMakeFiles/tutorial_interfaces_s__rosidl_typesupport_introspection_c.dir/rosidl_generator_py/tutorial_interfaces/_tutorial_interfaces_s.ep.rosidl_typesupport_introspection_c.c.o[0m
[ 94%] [32mBuilding C object CMakeFiles/tutorial_interfaces_s__rosidl_typesupport_fastrtps_c.dir/rosidl_generator_py/tutorial_interfaces/_tutorial_interfaces_s.ep.rosidl_typesupport_fastrtps_c.c.o[0m
[ 96%] [32m[1mLinking C shared module rosidl_generator_py/tutorial_interfaces/tutorial_interfaces_s__rosidl_typesupport_c.so[0m
[ 98%] [32m[1mLinking C shared module rosidl_generator_py/tutorial_interfaces/tutorial_interfaces_s__rosidl_typesupport_fastrtps_c.so[0m
[100%] [32m[1mLinking C shared module rosidl_generator_py/tutorial_interfaces/tutorial_interfaces_s__rosidl_typesupport_introspection_c.so[0m
[100%] Built target tutorial_interfaces_s__rosidl_typesupport_c
[100%] Built target tutorial_interfaces_s__rosidl_typesupport_fastrtps_c
[100%] Built target tutorial_interfaces_s__rosidl_typesupport_introspection_c
-- Install configuration: ""
-- Up-to-date: /workspaces/local_ros_ws/simpleservice_ws/install/tutorial_interfaces/share/ament_index/resource_index/rosidl_interfaces/tutorial_interfaces
-- Installing: /workspaces/local_ros_ws/simpleservice_ws/install/tutorial_interfaces/share/tutorial_interfaces/srv/AddThreeInts.json
-- Installing: /workspaces/local_ros_ws/simpleservice_ws/install/tutorial_interfaces/share/tutorial_interfaces/srv/SpeedControl.json
-- Installing: /workspaces/local_ros_ws/simpleservice_ws/install/tutorial_interfaces/share/tutorial_interfaces/srv/StopMotor.json
-- Up-to-date: /workspaces/local_ros_ws/simpleservice_ws/install/tutorial_interfaces/include/tutorial_interfaces/tutorial_interfaces
-- Up-to-date: /workspaces/local_ros_ws/simpleservice_ws/install/tutorial_interfaces/include/tutorial_interfaces/tutorial_interfaces/msg
-- Up-to-date: /workspaces/local_ros_ws/simpleservice_ws/install/tutorial_interfaces/include/tutorial_interfaces/tutorial_interfaces/msg/rosidl_generator_c__visibility_control.h
-- Up-to-date: /workspaces/local_ros_ws/simpleservice_ws/install/tutorial_interfaces/include/tutorial_interfaces/tutorial_interfaces/srv
-- Installing: /workspaces/local_ros_ws/simpleservice_ws/install/tutorial_interfaces/include/tutorial_interfaces/tutorial_interfaces/srv/add_three_ints.h
-- Up-to-date: /workspaces/local_ros_ws/simpleservice_ws/install/tutorial_interfaces/include/tutorial_interfaces/tutorial_interfaces/srv/detail
-- Installing: /workspaces/local_ros_ws/simpleservice_ws/install/tutorial_interfaces/include/tutorial_interfaces/tutorial_interfaces/srv/detail/add_three_ints__type_support.h
-- Installing: /workspaces/local_ros_ws/simpleservice_ws/install/tutorial_interfaces/include/tutorial_interfaces/tutorial_interfaces/srv/detail/add_three_ints__struct.h
-- Installing: /workspaces/local_ros_ws/simpleservice_ws/install/tutorial_interfaces/include/tutorial_interfaces/tutorial_interfaces/srv/detail/add_three_ints__description.c
-- Installing: /workspaces/local_ros_ws/simpleservice_ws/install/tutorial_interfaces/include/tutorial_interfaces/tutorial_interfaces/srv/detail/add_three_ints__functions.c
-- Installing: /workspaces/local_ros_ws/simpleservice_ws/install/tutorial_interfaces/include/tutorial_interfaces/tutorial_interfaces/srv/detail/stop_motor__type_support.h
-- Installing: /workspaces/local_ros_ws/simpleservice_ws/install/tutorial_interfaces/include/tutorial_interfaces/tutorial_interfaces/srv/detail/stop_motor__description.c
-- Installing: /workspaces/local_ros_ws/simpleservice_ws/install/tutorial_interfaces/include/tutorial_interfaces/tutorial_interfaces/srv/detail/stop_motor__functions.h
-- Installing: /workspaces/local_ros_ws/simpleservice_ws/install/tutorial_interfaces/include/tutorial_interfaces/tutorial_interfaces/srv/detail/speed_control__type_support.c
-- Installing: /workspaces/local_ros_ws/simpleservice_ws/install/tutorial_interfaces/include/tutorial_interfaces/tutorial_interfaces/srv/detail/speed_control__functions.c
-- Installing: /workspaces/local_ros_ws/simpleservice_ws/install/tutorial_interfaces/include/tutorial_interfaces/tutorial_interfaces/srv/detail/add_three_ints__type_support.c
-- Installing: /workspaces/local_ros_ws/simpleservice_ws/install/tutorial_interfaces/include/tutorial_interfaces/tutorial_interfaces/srv/detail/stop_motor__struct.h
-- Installing: /workspaces/local_ros_ws/simpleservice_ws/install/tutorial_interfaces/include/tutorial_interfaces/tutorial_interfaces/srv/detail/speed_control__struct.h
-- Installing: /workspaces/local_ros_ws/simpleservice_ws/install/tutorial_interfaces/include/tutorial_interfaces/tutorial_interfaces/srv/detail/add_three_ints__functions.h
-- Installing: /workspaces/local_ros_ws/simpleservice_ws/install/tutorial_interfaces/include/tutorial_interfaces/tutorial_interfaces/srv/detail/stop_motor__type_support.c
-- Installing: /workspaces/local_ros_ws/simpleservice_ws/install/tutorial_interfaces/include/tutorial_interfaces/tutorial_interfaces/srv/detail/stop_motor__functions.c
-- Installing: /workspaces/local_ros_ws/simpleservice_ws/install/tutorial_interfaces/include/tutorial_interfaces/tutorial_interfaces/srv/detail/speed_control__functions.h
-- Installing: /workspaces/local_ros_ws/simpleservice_ws/install/tutorial_interfaces/include/tutorial_interfaces/tutorial_interfaces/srv/detail/speed_control__description.c
-- Installing: /workspaces/local_ros_ws/simpleservice_ws/install/tutorial_interfaces/include/tutorial_interfaces/tutorial_interfaces/srv/detail/speed_control__type_support.h
-- Installing: /workspaces/local_ros_ws/simpleservice_ws/install/tutorial_interfaces/include/tutorial_interfaces/tutorial_interfaces/srv/stop_motor.h
-- Installing: /workspaces/local_ros_ws/simpleservice_ws/install/tutorial_interfaces/include/tutorial_interfaces/tutorial_interfaces/srv/speed_control.h
-- Up-to-date: /workspaces/local_ros_ws/simpleservice_ws/install/tutorial_interfaces/share/tutorial_interfaces/environment/library_path.sh
-- Up-to-date: /workspaces/local_ros_ws/simpleservice_ws/install/tutorial_interfaces/share/tutorial_interfaces/environment/library_path.dsv
-- Installing: /workspaces/local_ros_ws/simpleservice_ws/install/tutorial_interfaces/lib/libtutorial_interfaces__rosidl_generator_c.so
-- Set non-toolchain portion of runtime path of "/workspaces/local_ros_ws/simpleservice_ws/install/tutorial_interfaces/lib/libtutorial_interfaces__rosidl_generator_c.so" to ""
-- Up-to-date: /workspaces/local_ros_ws/simpleservice_ws/install/tutorial_interfaces/include/tutorial_interfaces/tutorial_interfaces
-- Up-to-date: /workspaces/local_ros_ws/simpleservice_ws/install/tutorial_interfaces/include/tutorial_interfaces/tutorial_interfaces/msg
-- Up-to-date: /workspaces/local_ros_ws/simpleservice_ws/install/tutorial_interfaces/include/tutorial_interfaces/tutorial_interfaces/msg/rosidl_typesupport_fastrtps_c__visibility_control.h
-- Up-to-date: /workspaces/local_ros_ws/simpleservice_ws/install/tutorial_interfaces/include/tutorial_interfaces/tutorial_interfaces/srv
-- Up-to-date: /workspaces/local_ros_ws/simpleservice_ws/install/tutorial_interfaces/include/tutorial_interfaces/tutorial_interfaces/srv/detail
-- Installing: /workspaces/local_ros_ws/simpleservice_ws/install/tutorial_interfaces/include/tutorial_interfaces/tutorial_interfaces/srv/detail/add_three_ints__rosidl_typesupport_fastrtps_c.h
-- Installing: /workspaces/local_ros_ws/simpleservice_ws/install/tutorial_interfaces/include/tutorial_interfaces/tutorial_interfaces/srv/detail/speed_control__rosidl_typesupport_fastrtps_c.h
-- Installing: /workspaces/local_ros_ws/simpleservice_ws/install/tutorial_interfaces/include/tutorial_interfaces/tutorial_interfaces/srv/detail/stop_motor__rosidl_typesupport_fastrtps_c.h
-- Installing: /workspaces/local_ros_ws/simpleservice_ws/install/tutorial_interfaces/lib/libtutorial_interfaces__rosidl_typesupport_fastrtps_c.so
-- Set non-toolchain portion of runtime path of "/workspaces/local_ros_ws/simpleservice_ws/install/tutorial_interfaces/lib/libtutorial_interfaces__rosidl_typesupport_fastrtps_c.so" to ""
-- Up-to-date: /workspaces/local_ros_ws/simpleservice_ws/install/tutorial_interfaces/include/tutorial_interfaces/tutorial_interfaces
-- Up-to-date: /workspaces/local_ros_ws/simpleservice_ws/install/tutorial_interfaces/include/tutorial_interfaces/tutorial_interfaces/msg
-- Up-to-date: /workspaces/local_ros_ws/simpleservice_ws/install/tutorial_interfaces/include/tutorial_interfaces/tutorial_interfaces/msg/rosidl_typesupport_introspection_c__visibility_control.h
-- Up-to-date: /workspaces/local_ros_ws/simpleservice_ws/install/tutorial_interfaces/include/tutorial_interfaces/tutorial_interfaces/srv
-- Up-to-date: /workspaces/local_ros_ws/simpleservice_ws/install/tutorial_interfaces/include/tutorial_interfaces/tutorial_interfaces/srv/detail
-- Installing: /workspaces/local_ros_ws/simpleservice_ws/install/tutorial_interfaces/include/tutorial_interfaces/tutorial_interfaces/srv/detail/speed_control__type_support.c
-- Installing: /workspaces/local_ros_ws/simpleservice_ws/install/tutorial_interfaces/include/tutorial_interfaces/tutorial_interfaces/srv/detail/add_three_ints__type_support.c
-- Installing: /workspaces/local_ros_ws/simpleservice_ws/install/tutorial_interfaces/include/tutorial_interfaces/tutorial_interfaces/srv/detail/stop_motor__type_support.c
-- Installing: /workspaces/local_ros_ws/simpleservice_ws/install/tutorial_interfaces/include/tutorial_interfaces/tutorial_interfaces/srv/detail/stop_motor__rosidl_typesupport_introspection_c.h
-- Installing: /workspaces/local_ros_ws/simpleservice_ws/install/tutorial_interfaces/include/tutorial_interfaces/tutorial_interfaces/srv/detail/add_three_ints__rosidl_typesupport_introspection_c.h
-- Installing: /workspaces/local_ros_ws/simpleservice_ws/install/tutorial_interfaces/include/tutorial_interfaces/tutorial_interfaces/srv/detail/speed_control__rosidl_typesupport_introspection_c.h
-- Installing: /workspaces/local_ros_ws/simpleservice_ws/install/tutorial_interfaces/lib/libtutorial_interfaces__rosidl_typesupport_introspection_c.so
-- Set non-toolchain portion of runtime path of "/workspaces/local_ros_ws/simpleservice_ws/install/tutorial_interfaces/lib/libtutorial_interfaces__rosidl_typesupport_introspection_c.so" to ""
-- Installing: /workspaces/local_ros_ws/simpleservice_ws/install/tutorial_interfaces/lib/libtutorial_interfaces__rosidl_typesupport_c.so
-- Set non-toolchain portion of runtime path of "/workspaces/local_ros_ws/simpleservice_ws/install/tutorial_interfaces/lib/libtutorial_interfaces__rosidl_typesupport_c.so" to ""
-- Up-to-date: /workspaces/local_ros_ws/simpleservice_ws/install/tutorial_interfaces/include/tutorial_interfaces/tutorial_interfaces
-- Up-to-date: /workspaces/local_ros_ws/simpleservice_ws/install/tutorial_interfaces/include/tutorial_interfaces/tutorial_interfaces/msg
-- Installing: /workspaces/local_ros_ws/simpleservice_ws/install/tutorial_interfaces/include/tutorial_interfaces/tutorial_interfaces/msg/rosidl_generator_cpp__visibility_control.hpp
-- Up-to-date: /workspaces/local_ros_ws/simpleservice_ws/install/tutorial_interfaces/include/tutorial_interfaces/tutorial_interfaces/srv
-- Installing: /workspaces/local_ros_ws/simpleservice_ws/install/tutorial_interfaces/include/tutorial_interfaces/tutorial_interfaces/srv/add_three_ints.hpp
-- Installing: /workspaces/local_ros_ws/simpleservice_ws/install/tutorial_interfaces/include/tutorial_interfaces/tutorial_interfaces/srv/speed_control.hpp
-- Up-to-date: /workspaces/local_ros_ws/simpleservice_ws/install/tutorial_interfaces/include/tutorial_interfaces/tutorial_interfaces/srv/detail
-- Installing: /workspaces/local_ros_ws/simpleservice_ws/install/tutorial_interfaces/include/tutorial_interfaces/tutorial_interfaces/srv/detail/speed_control__builder.hpp
-- Installing: /workspaces/local_ros_ws/simpleservice_ws/install/tutorial_interfaces/include/tutorial_interfaces/tutorial_interfaces/srv/detail/stop_motor__type_support.hpp
-- Installing: /workspaces/local_ros_ws/simpleservice_ws/install/tutorial_interfaces/include/tutorial_interfaces/tutorial_interfaces/srv/detail/add_three_ints__struct.hpp
-- Installing: /workspaces/local_ros_ws/simpleservice_ws/install/tutorial_interfaces/include/tutorial_interfaces/tutorial_interfaces/srv/detail/add_three_ints__builder.hpp
-- Installing: /workspaces/local_ros_ws/simpleservice_ws/install/tutorial_interfaces/include/tutorial_interfaces/tutorial_interfaces/srv/detail/speed_control__struct.hpp
-- Installing: /workspaces/local_ros_ws/simpleservice_ws/install/tutorial_interfaces/include/tutorial_interfaces/tutorial_interfaces/srv/detail/stop_motor__struct.hpp
-- Installing: /workspaces/local_ros_ws/simpleservice_ws/install/tutorial_interfaces/include/tutorial_interfaces/tutorial_interfaces/srv/detail/stop_motor__builder.hpp
-- Installing: /workspaces/local_ros_ws/simpleservice_ws/install/tutorial_interfaces/include/tutorial_interfaces/tutorial_interfaces/srv/detail/add_three_ints__traits.hpp
-- Installing: /workspaces/local_ros_ws/simpleservice_ws/install/tutorial_interfaces/include/tutorial_interfaces/tutorial_interfaces/srv/detail/stop_motor__traits.hpp
-- Installing: /workspaces/local_ros_ws/simpleservice_ws/install/tutorial_interfaces/include/tutorial_interfaces/tutorial_interfaces/srv/detail/speed_control__type_support.hpp
-- Installing: /workspaces/local_ros_ws/simpleservice_ws/install/tutorial_interfaces/include/tutorial_interfaces/tutorial_interfaces/srv/detail/add_three_ints__type_support.hpp
-- Installing: /workspaces/local_ros_ws/simpleservice_ws/install/tutorial_interfaces/include/tutorial_interfaces/tutorial_interfaces/srv/detail/speed_control__traits.hpp
-- Installing: /workspaces/local_ros_ws/simpleservice_ws/install/tutorial_interfaces/include/tutorial_interfaces/tutorial_interfaces/srv/stop_motor.hpp
-- Up-to-date: /workspaces/local_ros_ws/simpleservice_ws/install/tutorial_interfaces/include/tutorial_interfaces/tutorial_interfaces
-- Up-to-date: /workspaces/local_ros_ws/simpleservice_ws/install/tutorial_interfaces/include/tutorial_interfaces/tutorial_interfaces/msg
-- Up-to-date: /workspaces/local_ros_ws/simpleservice_ws/install/tutorial_interfaces/include/tutorial_interfaces/tutorial_interfaces/msg/rosidl_typesupport_fastrtps_cpp__visibility_control.h
-- Up-to-date: /workspaces/local_ros_ws/simpleservice_ws/install/tutorial_interfaces/include/tutorial_interfaces/tutorial_interfaces/srv
-- Up-to-date: /workspaces/local_ros_ws/simpleservice_ws/install/tutorial_interfaces/include/tutorial_interfaces/tutorial_interfaces/srv/detail
-- Installing: /workspaces/local_ros_ws/simpleservice_ws/install/tutorial_interfaces/include/tutorial_interfaces/tutorial_interfaces/srv/detail/speed_control__rosidl_typesupport_fastrtps_cpp.hpp
-- Installing: /workspaces/local_ros_ws/simpleservice_ws/install/tutorial_interfaces/include/tutorial_interfaces/tutorial_interfaces/srv/detail/add_three_ints__rosidl_typesupport_fastrtps_cpp.hpp
-- Up-to-date: /workspaces/local_ros_ws/simpleservice_ws/install/tutorial_interfaces/include/tutorial_interfaces/tutorial_interfaces/srv/detail/dds_fastrtps
-- Installing: /workspaces/local_ros_ws/simpleservice_ws/install/tutorial_interfaces/include/tutorial_interfaces/tutorial_interfaces/srv/detail/stop_motor__rosidl_typesupport_fastrtps_cpp.hpp
-- Installing: /workspaces/local_ros_ws/simpleservice_ws/install/tutorial_interfaces/lib/libtutorial_interfaces__rosidl_typesupport_fastrtps_cpp.so
-- Set non-toolchain portion of runtime path of "/workspaces/local_ros_ws/simpleservice_ws/install/tutorial_interfaces/lib/libtutorial_interfaces__rosidl_typesupport_fastrtps_cpp.so" to ""
-- Up-to-date: /workspaces/local_ros_ws/simpleservice_ws/install/tutorial_interfaces/include/tutorial_interfaces/tutorial_interfaces
-- Up-to-date: /workspaces/local_ros_ws/simpleservice_ws/install/tutorial_interfaces/include/tutorial_interfaces/tutorial_interfaces/srv
-- Up-to-date: /workspaces/local_ros_ws/simpleservice_ws/install/tutorial_interfaces/include/tutorial_interfaces/tutorial_interfaces/srv/detail
-- Installing: /workspaces/local_ros_ws/simpleservice_ws/install/tutorial_interfaces/include/tutorial_interfaces/tutorial_interfaces/srv/detail/speed_control__type_support.cpp
-- Installing: /workspaces/local_ros_ws/simpleservice_ws/install/tutorial_interfaces/include/tutorial_interfaces/tutorial_interfaces/srv/detail/add_three_ints__type_support.cpp
-- Installing: /workspaces/local_ros_ws/simpleservice_ws/install/tutorial_interfaces/include/tutorial_interfaces/tutorial_interfaces/srv/detail/speed_control__rosidl_typesupport_introspection_cpp.hpp
-- Installing: /workspaces/local_ros_ws/simpleservice_ws/install/tutorial_interfaces/include/tutorial_interfaces/tutorial_interfaces/srv/detail/add_three_ints__rosidl_typesupport_introspection_cpp.hpp
-- Installing: /workspaces/local_ros_ws/simpleservice_ws/install/tutorial_interfaces/include/tutorial_interfaces/tutorial_interfaces/srv/detail/stop_motor__type_support.cpp
-- Installing: /workspaces/local_ros_ws/simpleservice_ws/install/tutorial_interfaces/include/tutorial_interfaces/tutorial_interfaces/srv/detail/stop_motor__rosidl_typesupport_introspection_cpp.hpp
-- Installing: /workspaces/local_ros_ws/simpleservice_ws/install/tutorial_interfaces/lib/libtutorial_interfaces__rosidl_typesupport_introspection_cpp.so
-- Set non-toolchain portion of runtime path of "/workspaces/local_ros_ws/simpleservice_ws/install/tutorial_interfaces/lib/libtutorial_interfaces__rosidl_typesupport_introspection_cpp.so" to ""
-- Installing: /workspaces/local_ros_ws/simpleservice_ws/install/tutorial_interfaces/lib/libtutorial_interfaces__rosidl_typesupport_cpp.so
-- Set non-toolchain portion of runtime path of "/workspaces/local_ros_ws/simpleservice_ws/install/tutorial_interfaces/lib/libtutorial_interfaces__rosidl_typesupport_cpp.so" to ""
-- Up-to-date: /workspaces/local_ros_ws/simpleservice_ws/install/tutorial_interfaces/share/tutorial_interfaces/environment/pythonpath.sh
-- Up-to-date: /workspaces/local_ros_ws/simpleservice_ws/install/tutorial_interfaces/share/tutorial_interfaces/environment/pythonpath.dsv
-- Up-to-date: /workspaces/local_ros_ws/simpleservice_ws/install/tutorial_interfaces/lib/python3.12/site-packages/tutorial_interfaces-0.0.0-py3.12.egg-info
-- Installing: /workspaces/local_ros_ws/simpleservice_ws/install/tutorial_interfaces/lib/python3.12/site-packages/tutorial_interfaces-0.0.0-py3.12.egg-info/PKG-INFO
-- Installing: /workspaces/local_ros_ws/simpleservice_ws/install/tutorial_interfaces/lib/python3.12/site-packages/tutorial_interfaces-0.0.0-py3.12.egg-info/SOURCES.txt
-- Installing: /workspaces/local_ros_ws/simpleservice_ws/install/tutorial_interfaces/lib/python3.12/site-packages/tutorial_interfaces-0.0.0-py3.12.egg-info/top_level.txt
-- Installing: /workspaces/local_ros_ws/simpleservice_ws/install/tutorial_interfaces/lib/python3.12/site-packages/tutorial_interfaces-0.0.0-py3.12.egg-info/dependency_links.txt
-- Up-to-date: /workspaces/local_ros_ws/simpleservice_ws/install/tutorial_interfaces/lib/python3.12/site-packages/tutorial_interfaces
-- Installing: /workspaces/local_ros_ws/simpleservice_ws/install/tutorial_interfaces/lib/python3.12/site-packages/tutorial_interfaces/__init__.py
-- Installing: /workspaces/local_ros_ws/simpleservice_ws/install/tutorial_interfaces/lib/python3.12/site-packages/tutorial_interfaces/tutorial_interfaces_s__rosidl_typesupport_introspection_c.so
-- Installing: /workspaces/local_ros_ws/simpleservice_ws/install/tutorial_interfaces/lib/python3.12/site-packages/tutorial_interfaces/_tutorial_interfaces_s.ep.rosidl_typesupport_c.c
-- Installing: /workspaces/local_ros_ws/simpleservice_ws/install/tutorial_interfaces/lib/python3.12/site-packages/tutorial_interfaces/tutorial_interfaces_s__rosidl_typesupport_c.so
-- Installing: /workspaces/local_ros_ws/simpleservice_ws/install/tutorial_interfaces/lib/python3.12/site-packages/tutorial_interfaces/_tutorial_interfaces_s.ep.rosidl_typesupport_fastrtps_c.c
-- Installing: /workspaces/local_ros_ws/simpleservice_ws/install/tutorial_interfaces/lib/python3.12/site-packages/tutorial_interfaces/tutorial_interfaces_s__rosidl_typesupport_fastrtps_c.so
-- Installing: /workspaces/local_ros_ws/simpleservice_ws/install/tutorial_interfaces/lib/python3.12/site-packages/tutorial_interfaces/_tutorial_interfaces_s.ep.rosidl_typesupport_introspection_c.c
-- Up-to-date: /workspaces/local_ros_ws/simpleservice_ws/install/tutorial_interfaces/lib/python3.12/site-packages/tutorial_interfaces/srv
-- Installing: /workspaces/local_ros_ws/simpleservice_ws/install/tutorial_interfaces/lib/python3.12/site-packages/tutorial_interfaces/srv/_stop_motor.py
-- Installing: /workspaces/local_ros_ws/simpleservice_ws/install/tutorial_interfaces/lib/python3.12/site-packages/tutorial_interfaces/srv/_add_three_ints_s.c
-- Installing: /workspaces/local_ros_ws/simpleservice_ws/install/tutorial_interfaces/lib/python3.12/site-packages/tutorial_interfaces/srv/__init__.py
-- Installing: /workspaces/local_ros_ws/simpleservice_ws/install/tutorial_interfaces/lib/python3.12/site-packages/tutorial_interfaces/srv/_speed_control_s.c
-- Installing: /workspaces/local_ros_ws/simpleservice_ws/install/tutorial_interfaces/lib/python3.12/site-packages/tutorial_interfaces/srv/_add_three_ints.py
-- Installing: /workspaces/local_ros_ws/simpleservice_ws/install/tutorial_interfaces/lib/python3.12/site-packages/tutorial_interfaces/srv/_stop_motor_s.c
-- Installing: /workspaces/local_ros_ws/simpleservice_ws/install/tutorial_interfaces/lib/python3.12/site-packages/tutorial_interfaces/srv/_speed_control.py
Listing '/workspaces/local_ros_ws/simpleservice_ws/install/tutorial_interfaces/lib/python3.12/site-packages/tutorial_interfaces'...
Compiling '/workspaces/local_ros_ws/simpleservice_ws/install/tutorial_interfaces/lib/python3.12/site-packages/tutorial_interfaces/__init__.py'...
Listing '/workspaces/local_ros_ws/simpleservice_ws/install/tutorial_interfaces/lib/python3.12/site-packages/tutorial_interfaces/srv'...
Compiling '/workspaces/local_ros_ws/simpleservice_ws/install/tutorial_interfaces/lib/python3.12/site-packages/tutorial_interfaces/srv/__init__.py'...
Compiling '/workspaces/local_ros_ws/simpleservice_ws/install/tutorial_interfaces/lib/python3.12/site-packages/tutorial_interfaces/srv/_add_three_ints.py'...
Compiling '/workspaces/local_ros_ws/simpleservice_ws/install/tutorial_interfaces/lib/python3.12/site-packages/tutorial_interfaces/srv/_speed_control.py'...
Compiling '/workspaces/local_ros_ws/simpleservice_ws/install/tutorial_interfaces/lib/python3.12/site-packages/tutorial_interfaces/srv/_stop_motor.py'...
-- Installing: /workspaces/local_ros_ws/simpleservice_ws/install/tutorial_interfaces/lib/python3.12/site-packages/tutorial_interfaces/tutorial_interfaces_s__rosidl_typesupport_fastrtps_c.so
-- Set non-toolchain portion of runtime path of "/workspaces/local_ros_ws/simpleservice_ws/install/tutorial_interfaces/lib/python3.12/site-packages/tutorial_interfaces/tutorial_interfaces_s__rosidl_typesupport_fastrtps_c.so" to ""
-- Installing: /workspaces/local_ros_ws/simpleservice_ws/install/tutorial_interfaces/lib/python3.12/site-packages/tutorial_interfaces/tutorial_interfaces_s__rosidl_typesupport_introspection_c.so
-- Set non-toolchain portion of runtime path of "/workspaces/local_ros_ws/simpleservice_ws/install/tutorial_interfaces/lib/python3.12/site-packages/tutorial_interfaces/tutorial_interfaces_s__rosidl_typesupport_introspection_c.so" to ""
-- Installing: /workspaces/local_ros_ws/simpleservice_ws/install/tutorial_interfaces/lib/python3.12/site-packages/tutorial_interfaces/tutorial_interfaces_s__rosidl_typesupport_c.so
-- Set non-toolchain portion of runtime path of "/workspaces/local_ros_ws/simpleservice_ws/install/tutorial_interfaces/lib/python3.12/site-packages/tutorial_interfaces/tutorial_interfaces_s__rosidl_typesupport_c.so" to ""
-- Installing: /workspaces/local_ros_ws/simpleservice_ws/install/tutorial_interfaces/lib/libtutorial_interfaces__rosidl_generator_py.so
-- Set non-toolchain portion of runtime path of "/workspaces/local_ros_ws/simpleservice_ws/install/tutorial_interfaces/lib/libtutorial_interfaces__rosidl_generator_py.so" to ""
-- Up-to-date: /workspaces/local_ros_ws/simpleservice_ws/install/tutorial_interfaces/share/tutorial_interfaces/srv/AddThreeInts.idl
-- Installing: /workspaces/local_ros_ws/simpleservice_ws/install/tutorial_interfaces/share/tutorial_interfaces/srv/SpeedControl.idl
-- Up-to-date: /workspaces/local_ros_ws/simpleservice_ws/install/tutorial_interfaces/share/tutorial_interfaces/srv/StopMotor.idl
-- Up-to-date: /workspaces/local_ros_ws/simpleservice_ws/install/tutorial_interfaces/share/tutorial_interfaces/srv/AddThreeInts.srv
-- Installing: /workspaces/local_ros_ws/simpleservice_ws/install/tutorial_interfaces/share/tutorial_interfaces/srv/SpeedControl.srv
-- Up-to-date: /workspaces/local_ros_ws/simpleservice_ws/install/tutorial_interfaces/share/tutorial_interfaces/srv/StopMotor.srv
-- Up-to-date: /workspaces/local_ros_ws/simpleservice_ws/install/tutorial_interfaces/share/ament_index/resource_index/package_run_dependencies/tutorial_interfaces
-- Up-to-date: /workspaces/local_ros_ws/simpleservice_ws/install/tutorial_interfaces/share/ament_index/resource_index/parent_prefix_path/tutorial_interfaces
-- Up-to-date: /workspaces/local_ros_ws/simpleservice_ws/install/tutorial_interfaces/share/tutorial_interfaces/environment/ament_prefix_path.sh
-- Up-to-date: /workspaces/local_ros_ws/simpleservice_ws/install/tutorial_interfaces/share/tutorial_interfaces/environment/ament_prefix_path.dsv
-- Up-to-date: /workspaces/local_ros_ws/simpleservice_ws/install/tutorial_interfaces/share/tutorial_interfaces/environment/path.sh
-- Up-to-date: /workspaces/local_ros_ws/simpleservice_ws/install/tutorial_interfaces/share/tutorial_interfaces/environment/path.dsv
-- Up-to-date: /workspaces/local_ros_ws/simpleservice_ws/install/tutorial_interfaces/share/tutorial_interfaces/local_setup.bash
-- Up-to-date: /workspaces/local_ros_ws/simpleservice_ws/install/tutorial_interfaces/share/tutorial_interfaces/local_setup.sh
-- Up-to-date: /workspaces/local_ros_ws/simpleservice_ws/install/tutorial_interfaces/share/tutorial_interfaces/local_setup.zsh
-- Up-to-date: /workspaces/local_ros_ws/simpleservice_ws/install/tutorial_interfaces/share/tutorial_interfaces/local_setup.dsv
-- Installing: /workspaces/local_ros_ws/simpleservice_ws/install/tutorial_interfaces/share/tutorial_interfaces/package.dsv
-- Up-to-date: /workspaces/local_ros_ws/simpleservice_ws/install/tutorial_interfaces/share/ament_index/resource_index/packages/tutorial_interfaces
-- Up-to-date: /workspaces/local_ros_ws/simpleservice_ws/install/tutorial_interfaces/share/tutorial_interfaces/cmake/export_tutorial_interfaces__rosidl_generator_cExport.cmake
-- Up-to-date: /workspaces/local_ros_ws/simpleservice_ws/install/tutorial_interfaces/share/tutorial_interfaces/cmake/export_tutorial_interfaces__rosidl_generator_cExport-noconfig.cmake
-- Up-to-date: /workspaces/local_ros_ws/simpleservice_ws/install/tutorial_interfaces/share/tutorial_interfaces/cmake/export_tutorial_interfaces__rosidl_typesupport_fastrtps_cExport.cmake
-- Up-to-date: /workspaces/local_ros_ws/simpleservice_ws/install/tutorial_interfaces/share/tutorial_interfaces/cmake/export_tutorial_interfaces__rosidl_typesupport_fastrtps_cExport-noconfig.cmake
-- Up-to-date: /workspaces/local_ros_ws/simpleservice_ws/install/tutorial_interfaces/share/tutorial_interfaces/cmake/tutorial_interfaces__rosidl_typesupport_introspection_cExport.cmake
-- Up-to-date: /workspaces/local_ros_ws/simpleservice_ws/install/tutorial_interfaces/share/tutorial_interfaces/cmake/tutorial_interfaces__rosidl_typesupport_introspection_cExport-noconfig.cmake
-- Up-to-date: /workspaces/local_ros_ws/simpleservice_ws/install/tutorial_interfaces/share/tutorial_interfaces/cmake/tutorial_interfaces__rosidl_typesupport_cExport.cmake
-- Up-to-date: /workspaces/local_ros_ws/simpleservice_ws/install/tutorial_interfaces/share/tutorial_interfaces/cmake/tutorial_interfaces__rosidl_typesupport_cExport-noconfig.cmake
-- Up-to-date: /workspaces/local_ros_ws/simpleservice_ws/install/tutorial_interfaces/share/tutorial_interfaces/cmake/export_tutorial_interfaces__rosidl_generator_cppExport.cmake
-- Up-to-date: /workspaces/local_ros_ws/simpleservice_ws/install/tutorial_interfaces/share/tutorial_interfaces/cmake/export_tutorial_interfaces__rosidl_typesupport_fastrtps_cppExport.cmake
-- Up-to-date: /workspaces/local_ros_ws/simpleservice_ws/install/tutorial_interfaces/share/tutorial_interfaces/cmake/export_tutorial_interfaces__rosidl_typesupport_fastrtps_cppExport-noconfig.cmake
-- Up-to-date: /workspaces/local_ros_ws/simpleservice_ws/install/tutorial_interfaces/share/tutorial_interfaces/cmake/tutorial_interfaces__rosidl_typesupport_introspection_cppExport.cmake
-- Up-to-date: /workspaces/local_ros_ws/simpleservice_ws/install/tutorial_interfaces/share/tutorial_interfaces/cmake/tutorial_interfaces__rosidl_typesupport_introspection_cppExport-noconfig.cmake
-- Up-to-date: /workspaces/local_ros_ws/simpleservice_ws/install/tutorial_interfaces/share/tutorial_interfaces/cmake/tutorial_interfaces__rosidl_typesupport_cppExport.cmake
-- Up-to-date: /workspaces/local_ros_ws/simpleservice_ws/install/tutorial_interfaces/share/tutorial_interfaces/cmake/tutorial_interfaces__rosidl_typesupport_cppExport-noconfig.cmake
-- Up-to-date: /workspaces/local_ros_ws/simpleservice_ws/install/tutorial_interfaces/share/tutorial_interfaces/cmake/export_tutorial_interfaces__rosidl_generator_pyExport.cmake
-- Up-to-date: /workspaces/local_ros_ws/simpleservice_ws/install/tutorial_interfaces/share/tutorial_interfaces/cmake/export_tutorial_interfaces__rosidl_generator_pyExport-noconfig.cmake
-- Up-to-date: /workspaces/local_ros_ws/simpleservice_ws/install/tutorial_interfaces/share/tutorial_interfaces/cmake/rosidl_cmake-extras.cmake
-- Up-to-date: /workspaces/local_ros_ws/simpleservice_ws/install/tutorial_interfaces/share/tutorial_interfaces/cmake/ament_cmake_export_dependencies-extras.cmake
-- Up-to-date: /workspaces/local_ros_ws/simpleservice_ws/install/tutorial_interfaces/share/tutorial_interfaces/cmake/ament_cmake_export_include_directories-extras.cmake
-- Up-to-date: /workspaces/local_ros_ws/simpleservice_ws/install/tutorial_interfaces/share/tutorial_interfaces/cmake/ament_cmake_export_libraries-extras.cmake
-- Up-to-date: /workspaces/local_ros_ws/simpleservice_ws/install/tutorial_interfaces/share/tutorial_interfaces/cmake/ament_cmake_export_targets-extras.cmake
-- Up-to-date: /workspaces/local_ros_ws/simpleservice_ws/install/tutorial_interfaces/share/tutorial_interfaces/cmake/rosidl_cmake_export_typesupport_targets-extras.cmake
-- Up-to-date: /workspaces/local_ros_ws/simpleservice_ws/install/tutorial_interfaces/share/tutorial_interfaces/cmake/rosidl_cmake_export_typesupport_libraries-extras.cmake
-- Up-to-date: /workspaces/local_ros_ws/simpleservice_ws/install/tutorial_interfaces/share/tutorial_interfaces/cmake/tutorial_interfacesConfig.cmake
-- Up-to-date: /workspaces/local_ros_ws/simpleservice_ws/install/tutorial_interfaces/share/tutorial_interfaces/cmake/tutorial_interfacesConfig-version.cmake
-- Up-to-date: /workspaces/local_ros_ws/simpleservice_ws/install/tutorial_interfaces/share/tutorial_interfaces/package.xml
