[0.030s] Invoking command in '/workspaces/local_ros_ws/simpleservice_ws/build/cpp_srvcli': CMAKE_PREFIX_PATH=${CMAKE_PREFIX_PATH}:/opt/ros/jazzy /usr/bin/cmake /workspaces/local_ros_ws/simpleservice_ws/src/cpp_srvcli -DCMAKE_INSTALL_PREFIX=/workspaces/local_ros_ws/simpleservice_ws/install/cpp_srvcli
[0.063s] -- Found ament_cmake: 2.5.3 (/opt/ros/jazzy/share/ament_cmake/cmake)
[0.335s] -- Found rclcpp: 28.1.8 (/opt/ros/jazzy/share/rclcpp/cmake)
[0.382s] -- Found rosidl_generator_c: 4.6.5 (/opt/ros/jazzy/share/rosidl_generator_c/cmake)
[0.397s] -- Found rosidl_generator_cpp: 4.6.5 (/opt/ros/jazzy/share/rosidl_generator_cpp/cmake)
[0.416s] -- Using all available rosidl_typesupport_c: rosidl_typesupport_fastrtps_c;rosidl_typesupport_introspection_c
[0.442s] -- Using all available rosidl_typesupport_cpp: rosidl_typesupport_fastrtps_cpp;rosidl_typesupport_introspection_cpp
[0.536s] -- Found rmw_implementation_cmake: 7.3.2 (/opt/ros/jazzy/share/rmw_implementation_cmake/cmake)
[0.538s] -- Found rmw_fastrtps_cpp: 8.4.2 (/opt/ros/jazzy/share/rmw_fastrtps_cpp/cmake)
[0.631s] -- Using RMW implementation 'rmw_fastrtps_cpp' as default
[0.717s] -- Found example_interfaces: 0.12.0 (/opt/ros/jazzy/share/example_interfaces/cmake)
[0.785s] -- Found tutorial_interfaces: 0.0.0 (/workspaces/local_ros_ws/simpleservice_ws/install/tutorial_interfaces/share/tutorial_interfaces/cmake)
[0.834s] -- Found rosidl_default_generators: 1.6.0 (/opt/ros/jazzy/share/rosidl_default_generators/cmake)
[0.891s] -- Found rosidl_adapter: 4.6.5 (/opt/ros/jazzy/share/rosidl_adapter/cmake)
[0.897s] [31mCMake Error at /opt/ros/jazzy/share/rosidl_cmake/cmake/rosidl_generate_interfaces.cmake:95 (message):
[0.898s]   rosidl_generate_interfaces() the passed file 'srv/CustomService.srv'
[0.899s]   doesn't exist relative to the CMAKE_CURRENT_SOURCE_DIR
[0.899s]   '/workspaces/local_ros_ws/simpleservice_ws/src/cpp_srvcli'
[0.900s] Call Stack (most recent call first):
[0.901s]   CMakeLists.txt:23 (rosidl_generate_interfaces)
[0.902s] 
[0.902s] [0m
[0.903s] -- Configuring incomplete, errors occurred!
[0.908s] Invoked command in '/workspaces/local_ros_ws/simpleservice_ws/build/cpp_srvcli' returned '1': CMAKE_PREFIX_PATH=${CMAKE_PREFIX_PATH}:/opt/ros/jazzy /usr/bin/cmake /workspaces/local_ros_ws/simpleservice_ws/src/cpp_srvcli -DCMAKE_INSTALL_PREFIX=/workspaces/local_ros_ws/simpleservice_ws/install/cpp_srvcli
