[0.017s] Invoking command in '/workspaces/local_ros_ws/simpleservice_ws/build/cpp_srvcli': CMAKE_PREFIX_PATH=${CMAKE_PREFIX_PATH}:/opt/ros/jazzy /usr/bin/cmake --build /workspaces/local_ros_ws/simpleservice_ws/build/cpp_srvcli -- -j8 -l8
[0.097s] [ 25%] [32mBuilding CXX object CMakeFiles/client.dir/src/add_two_ints_client.cpp.o[0m
[0.265s] [ 50%] [32mBuilding CXX object CMakeFiles/server.dir/src/add_two_ints_server.cpp.o[0m
[2.558s] [ 75%] [32m[1mLinking CXX executable client[0m
[2.655s] [100%] [32m[1mLinking CXX executable server[0m
[2.755s] [100%] Built target client
[2.816s] [100%] Built target server
[2.826s] Invoked command in '/workspaces/local_ros_ws/simpleservice_ws/build/cpp_srvcli' returned '0': CMAKE_PREFIX_PATH=${CMAKE_PREFIX_PATH}:/opt/ros/jazzy /usr/bin/cmake --build /workspaces/local_ros_ws/simpleservice_ws/build/cpp_srvcli -- -j8 -l8
[2.828s] Invoking command in '/workspaces/local_ros_ws/simpleservice_ws/build/cpp_srvcli': CMAKE_PREFIX_PATH=${CMAKE_PREFIX_PATH}:/opt/ros/jazzy /usr/bin/cmake --install /workspaces/local_ros_ws/simpleservice_ws/build/cpp_srvcli
[2.836s] -- Install configuration: ""
[2.837s] -- Installing: /workspaces/local_ros_ws/simpleservice_ws/install/cpp_srvcli/lib/cpp_srvcli/server
[2.844s] -- Set non-toolchain portion of runtime path of "/workspaces/local_ros_ws/simpleservice_ws/install/cpp_srvcli/lib/cpp_srvcli/server" to ""
[2.844s] -- Installing: /workspaces/local_ros_ws/simpleservice_ws/install/cpp_srvcli/lib/cpp_srvcli/client
[2.852s] -- Set non-toolchain portion of runtime path of "/workspaces/local_ros_ws/simpleservice_ws/install/cpp_srvcli/lib/cpp_srvcli/client" to ""
[2.853s] -- Installing: /workspaces/local_ros_ws/simpleservice_ws/install/cpp_srvcli/share/ament_index/resource_index/package_run_dependencies/cpp_srvcli
[2.855s] -- Installing: /workspaces/local_ros_ws/simpleservice_ws/install/cpp_srvcli/share/ament_index/resource_index/parent_prefix_path/cpp_srvcli
[2.857s] -- Installing: /workspaces/local_ros_ws/simpleservice_ws/install/cpp_srvcli/share/cpp_srvcli/environment/ament_prefix_path.sh
[2.859s] -- Installing: /workspaces/local_ros_ws/simpleservice_ws/install/cpp_srvcli/share/cpp_srvcli/environment/ament_prefix_path.dsv
[2.860s] -- Installing: /workspaces/local_ros_ws/simpleservice_ws/install/cpp_srvcli/share/cpp_srvcli/environment/path.sh
[2.862s] -- Installing: /workspaces/local_ros_ws/simpleservice_ws/install/cpp_srvcli/share/cpp_srvcli/environment/path.dsv
[2.863s] -- Installing: /workspaces/local_ros_ws/simpleservice_ws/install/cpp_srvcli/share/cpp_srvcli/local_setup.bash
[2.865s] -- Installing: /workspaces/local_ros_ws/simpleservice_ws/install/cpp_srvcli/share/cpp_srvcli/local_setup.sh
[2.866s] -- Installing: /workspaces/local_ros_ws/simpleservice_ws/install/cpp_srvcli/share/cpp_srvcli/local_setup.zsh
[2.868s] -- Installing: /workspaces/local_ros_ws/simpleservice_ws/install/cpp_srvcli/share/cpp_srvcli/local_setup.dsv
[2.870s] -- Installing: /workspaces/local_ros_ws/simpleservice_ws/install/cpp_srvcli/share/cpp_srvcli/package.dsv
[2.872s] -- Installing: /workspaces/local_ros_ws/simpleservice_ws/install/cpp_srvcli/share/ament_index/resource_index/packages/cpp_srvcli
[2.875s] -- Installing: /workspaces/local_ros_ws/simpleservice_ws/install/cpp_srvcli/share/cpp_srvcli/cmake/ament_cmake_export_dependencies-extras.cmake
[2.876s] -- Installing: /workspaces/local_ros_ws/simpleservice_ws/install/cpp_srvcli/share/cpp_srvcli/cmake/cpp_srvcliConfig.cmake
[2.878s] -- Installing: /workspaces/local_ros_ws/simpleservice_ws/install/cpp_srvcli/share/cpp_srvcli/cmake/cpp_srvcliConfig-version.cmake
[2.880s] -- Installing: /workspaces/local_ros_ws/simpleservice_ws/install/cpp_srvcli/share/cpp_srvcli/package.xml
[2.883s] Invoked command in '/workspaces/local_ros_ws/simpleservice_ws/build/cpp_srvcli' returned '0': CMAKE_PREFIX_PATH=${CMAKE_PREFIX_PATH}:/opt/ros/jazzy /usr/bin/cmake --install /workspaces/local_ros_ws/simpleservice_ws/build/cpp_srvcli
