[0.010s] Invoking command in '/workspaces/local_ros_ws/simpleservice_ws/build/tutorial_interfaces': CMAKE_PREFIX_PATH=${CMAKE_PREFIX_PATH}:/opt/ros/jazzy /usr/bin/cmake --build /workspaces/local_ros_ws/simpleservice_ws/build/tutorial_interfaces -- -j8 -l8
[0.039s] -- Found ament_cmake: 2.5.3 (/opt/ros/jazzy/share/ament_cmake/cmake)
[0.129s] -- Found rosidl_default_generators: 1.6.0 (/opt/ros/jazzy/share/rosidl_default_generators/cmake)
[0.133s] -- Using all available rosidl_typesupport_c: rosidl_typesupport_fastrtps_c;rosidl_typesupport_introspection_c
[0.166s] -- Using all available rosidl_typesupport_cpp: rosidl_typesupport_fastrtps_cpp;rosidl_typesupport_introspection_cpp
[0.192s] -- Found rosidl_adapter: 4.6.5 (/opt/ros/jazzy/share/rosidl_adapter/cmake)
[0.254s] [31mCMake Error at /opt/ros/jazzy/share/rosidl_adapter/cmake/rosidl_adapt_interfaces.cmake:57 (message):
[0.255s]   execute_process(/usr/bin/python3 -m rosidl_adapter --package-name
[0.255s]   tutorial_interfaces --arguments-file
[0.256s]   /workspaces/local_ros_ws/simpleservice_ws/build/tutorial_interfaces/rosidl_adapter__arguments__tutorial_interfaces.json
[0.256s]   --output-dir
[0.256s]   /workspaces/local_ros_ws/simpleservice_ws/build/tutorial_interfaces/rosidl_adapter/tutorial_interfaces
[0.257s]   --output-file
[0.257s]   /workspaces/local_ros_ws/simpleservice_ws/build/tutorial_interfaces/rosidl_adapter/tutorial_interfaces.idls)
[0.259s]   returned error code 1:
[0.260s] 
[0.261s]   Error with: tutorial_interfaces SpeedControl_Response ;
[0.261s] 
[0.261s]   Traceback (most recent call last):
[0.262s] 
[0.262s]     File "<frozen runpy>", line 198, in _run_module_as_main
[0.262s]     File "<frozen runpy>", line 88, in _run_code
[0.264s]     File "/opt/ros/jazzy/lib/python3.12/site-packages/rosidl_adapter/__main__.py", line 19, in <module>
[0.264s]       sys.exit(main())
[0.264s]                ^^^^^^
[0.265s]     File "/opt/ros/jazzy/lib/python3.12/site-packages/rosidl_adapter/main.py", line 53, in main
[0.265s]       abs_idl_file = convert_to_idl(
[0.265s]                      ^^^^^^^^^^^^^^^
[0.266s]     File "/opt/ros/jazzy/lib/python3.12/site-packages/rosidl_adapter/__init__.py", line 24, in convert_to_idl
[0.266s]       return convert_srv_to_idl(
[0.266s]              ^^^^^^^^^^^^^^^^^^^
[0.267s]     File "/opt/ros/jazzy/lib/python3.12/site-packages/rosidl_adapter/srv/__init__.py", line 28, in convert_srv_to_idl
[0.268s]       srv = parse_service_string(package_name, input_file.stem, content)
[0.268s]             ^^^^^^^^^^^^^^^^^^^^^^^^^^^^^^^^^^^^^^^^^^^^^^^^^^^^^^^^^^^^
[0.268s]     File "/opt/ros/jazzy/lib/python3.12/site-packages/rosidl_adapter/parser.py", line 864, in parse_service_string
[0.269s]       response_message = parse_message_string(
[0.269s]                          ^^^^^^^^^^^^^^^^^^^^^
[0.269s]     File "/opt/ros/jazzy/lib/python3.12/site-packages/rosidl_adapter/parser.py", line 511, in parse_message_string
[0.270s]       raise InvalidFieldDefinition(line)
[0.270s] 
[0.270s]   rosidl_adapter.parser.InvalidFieldDefinition: ;
[0.271s] 
[0.271s] Call Stack (most recent call first):
[0.271s]   /opt/ros/jazzy/share/rosidl_cmake/cmake/rosidl_generate_interfaces.cmake:132 (rosidl_adapt_interfaces)
[0.272s]   CMakeLists.txt:15 (rosidl_generate_interfaces)
[0.272s] 
[0.273s] [0m
[0.273s] -- Configuring incomplete, errors occurred!
[0.273s] gmake: *** [Makefile:1355: cmake_check_build_system] Error 1
[0.274s] Invoked command in '/workspaces/local_ros_ws/simpleservice_ws/build/tutorial_interfaces' returned '2': CMAKE_PREFIX_PATH=${CMAKE_PREFIX_PATH}:/opt/ros/jazzy /usr/bin/cmake --build /workspaces/local_ros_ws/simpleservice_ws/build/tutorial_interfaces -- -j8 -l8
