[0.021s] Invoking command in '/workspaces/local_ros_ws/simpleservice_ws/build/cpp_srvcli': CMAKE_PREFIX_PATH=${CMAKE_PREFIX_PATH}:/opt/ros/jazzy /usr/bin/cmake /workspaces/local_ros_ws/simpleservice_ws/src/cpp_srvcli -DCMAKE_INSTALL_PREFIX=/workspaces/local_ros_ws/simpleservice_ws/install/cpp_srvcli
[0.042s] -- Found ament_cmake: 2.5.3 (/opt/ros/jazzy/share/ament_cmake/cmake)
[0.249s] [31mCMake Error at CMakeLists.txt:6 (find_package):
[0.250s]   find_package called with invalid argument "REQURED"
[0.251s] 
[0.252s] [0m
[0.252s] -- Found example_interfaces: 0.12.0 (/opt/ros/jazzy/share/example_interfaces/cmake)
[0.322s] -- Found rosidl_generator_c: 4.6.5 (/opt/ros/jazzy/share/rosidl_generator_c/cmake)
[0.337s] -- Found rosidl_generator_cpp: 4.6.5 (/opt/ros/jazzy/share/rosidl_generator_cpp/cmake)
[0.356s] -- Using all available rosidl_typesupport_c: rosidl_typesupport_fastrtps_c;rosidl_typesupport_introspection_c
[0.377s] -- Using all available rosidl_typesupport_cpp: rosidl_typesupport_fastrtps_cpp;rosidl_typesupport_introspection_cpp
[0.471s] -- Found tutorial_interfaces: 0.0.0 (/workspaces/local_ros_ws/simpleservice_ws/install/tutorial_interfaces/share/tutorial_interfaces/cmake)
[0.502s] [31mCMake Error at /opt/ros/jazzy/share/ament_cmake_target_dependencies/cmake/ament_target_dependencies.cmake:77 (message):
[0.503s]   ament_target_dependencies() the passed package name 'rclcpp' was not found
[0.503s]   before
[0.504s] Call Stack (most recent call first):
[0.504s]   CMakeLists.txt:11 (ament_target_dependencies)
[0.505s] 
[0.508s] [0m
[0.509s] -- Configuring incomplete, errors occurred!
[0.510s] Invoked command in '/workspaces/local_ros_ws/simpleservice_ws/build/cpp_srvcli' returned '1': CMAKE_PREFIX_PATH=${CMAKE_PREFIX_PATH}:/opt/ros/jazzy /usr/bin/cmake /workspaces/local_ros_ws/simpleservice_ws/src/cpp_srvcli -DCMAKE_INSTALL_PREFIX=/workspaces/local_ros_ws/simpleservice_ws/install/cpp_srvcli
