[0.023s] Invoking command in '/workspaces/local_ros_ws/simpleservice_ws/build/tutorial_interfaces': CMAKE_PREFIX_PATH=${CMAKE_PREFIX_PATH}:/opt/ros/jazzy /usr/bin/cmake --build /workspaces/local_ros_ws/simpleservice_ws/build/tutorial_interfaces -- -j8 -l8
[0.127s] [  2%] Built target tutorial_interfaces__rosidl_generator_type_description
[0.182s] [  5%] Built target tutorial_interfaces__cpp
[0.190s] [ 11%] Built target ament_cmake_python_copy_tutorial_interfaces
[0.194s] [ 20%] Built target tutorial_interfaces__rosidl_generator_c
[0.307s] [ 38%] Built target tutorial_interfaces__rosidl_typesupport_introspection_c
[0.312s] [ 58%] Built target tutorial_interfaces__rosidl_typesupport_introspection_cpp
[0.314s] [ 58%] Built target tutorial_interfaces__rosidl_typesupport_fastrtps_cpp
[0.315s] [ 64%] Built target tutorial_interfaces__rosidl_typesupport_cpp
[0.317s] [ 73%] Built target tutorial_interfaces__rosidl_typesupport_c
[0.318s] [ 73%] Built target tutorial_interfaces__rosidl_typesupport_fastrtps_c
[0.347s] [ 73%] Built target tutorial_interfaces
[0.395s] [ 76%] Built target tutorial_interfaces__py
[0.441s] [ 82%] Built target tutorial_interfaces__rosidl_generator_py
[0.449s] running egg_info
[0.469s] writing tutorial_interfaces.egg-info/PKG-INFO
[0.472s] writing dependency_links to tutorial_interfaces.egg-info/dependency_links.txt
[0.483s] writing top-level names to tutorial_interfaces.egg-info/top_level.txt
[0.581s] [ 91%] Built target tutorial_interfaces_s__rosidl_typesupport_c
[0.583s] [ 97%] Built target tutorial_interfaces_s__rosidl_typesupport_fastrtps_c
[0.588s] [100%] Built target tutorial_interfaces_s__rosidl_typesupport_introspection_c
[0.595s] reading manifest file 'tutorial_interfaces.egg-info/SOURCES.txt'
[0.599s] writing manifest file 'tutorial_interfaces.egg-info/SOURCES.txt'
[0.677s] [100%] Built target ament_cmake_python_build_tutorial_interfaces_egg
[0.719s] Invoked command in '/workspaces/local_ros_ws/simpleservice_ws/build/tutorial_interfaces' returned '0': CMAKE_PREFIX_PATH=${CMAKE_PREFIX_PATH}:/opt/ros/jazzy /usr/bin/cmake --build /workspaces/local_ros_ws/simpleservice_ws/build/tutorial_interfaces -- -j8 -l8
[0.744s] Invoking command in '/workspaces/local_ros_ws/simpleservice_ws/build/tutorial_interfaces': CMAKE_PREFIX_PATH=${CMAKE_PREFIX_PATH}:/opt/ros/jazzy /usr/bin/cmake --install /workspaces/local_ros_ws/simpleservice_ws/build/tutorial_interfaces
[0.761s] -- Install configuration: ""
[0.762s] -- Up-to-date: /workspaces/local_ros_ws/simpleservice_ws/install/tutorial_interfaces/share/ament_index/resource_index/rosidl_interfaces/tutorial_interfaces
[0.763s] -- Up-to-date: /workspaces/local_ros_ws/simpleservice_ws/install/tutorial_interfaces/share/tutorial_interfaces/srv/AddThreeInts.json
[0.763s] -- Up-to-date: /workspaces/local_ros_ws/simpleservice_ws/install/tutorial_interfaces/include/tutorial_interfaces/tutorial_interfaces
[0.764s] -- Up-to-date: /workspaces/local_ros_ws/simpleservice_ws/install/tutorial_interfaces/include/tutorial_interfaces/tutorial_interfaces/msg
[0.765s] -- Up-to-date: /workspaces/local_ros_ws/simpleservice_ws/install/tutorial_interfaces/include/tutorial_interfaces/tutorial_interfaces/msg/rosidl_generator_c__visibility_control.h
[0.765s] -- Up-to-date: /workspaces/local_ros_ws/simpleservice_ws/install/tutorial_interfaces/include/tutorial_interfaces/tutorial_interfaces/srv
[0.766s] -- Up-to-date: /workspaces/local_ros_ws/simpleservice_ws/install/tutorial_interfaces/include/tutorial_interfaces/tutorial_interfaces/srv/add_three_ints.h
[0.767s] -- Up-to-date: /workspaces/local_ros_ws/simpleservice_ws/install/tutorial_interfaces/include/tutorial_interfaces/tutorial_interfaces/srv/detail
[0.768s] -- Up-to-date: /workspaces/local_ros_ws/simpleservice_ws/install/tutorial_interfaces/include/tutorial_interfaces/tutorial_interfaces/srv/detail/add_three_ints__type_support.h
[0.771s] -- Up-to-date: /workspaces/local_ros_ws/simpleservice_ws/install/tutorial_interfaces/include/tutorial_interfaces/tutorial_interfaces/srv/detail/add_three_ints__struct.h
[0.774s] -- Up-to-date: /workspaces/local_ros_ws/simpleservice_ws/install/tutorial_interfaces/include/tutorial_interfaces/tutorial_interfaces/srv/detail/add_three_ints__description.c
[0.776s] -- Up-to-date: /workspaces/local_ros_ws/simpleservice_ws/install/tutorial_interfaces/include/tutorial_interfaces/tutorial_interfaces/srv/detail/add_three_ints__functions.c
[0.777s] -- Up-to-date: /workspaces/local_ros_ws/simpleservice_ws/install/tutorial_interfaces/include/tutorial_interfaces/tutorial_interfaces/srv/detail/add_three_ints__type_support.c
[0.778s] -- Up-to-date: /workspaces/local_ros_ws/simpleservice_ws/install/tutorial_interfaces/include/tutorial_interfaces/tutorial_interfaces/srv/detail/add_three_ints__functions.h
[0.780s] -- Up-to-date: /workspaces/local_ros_ws/simpleservice_ws/install/tutorial_interfaces/share/tutorial_interfaces/environment/library_path.sh
[0.780s] -- Up-to-date: /workspaces/local_ros_ws/simpleservice_ws/install/tutorial_interfaces/share/tutorial_interfaces/environment/library_path.dsv
[0.781s] -- Up-to-date: /workspaces/local_ros_ws/simpleservice_ws/install/tutorial_interfaces/lib/libtutorial_interfaces__rosidl_generator_c.so
[0.783s] -- Up-to-date: /workspaces/local_ros_ws/simpleservice_ws/install/tutorial_interfaces/include/tutorial_interfaces/tutorial_interfaces
[0.784s] -- Up-to-date: /workspaces/local_ros_ws/simpleservice_ws/install/tutorial_interfaces/include/tutorial_interfaces/tutorial_interfaces/msg
[0.786s] -- Up-to-date: /workspaces/local_ros_ws/simpleservice_ws/install/tutorial_interfaces/include/tutorial_interfaces/tutorial_interfaces/msg/rosidl_typesupport_fastrtps_c__visibility_control.h
[0.787s] -- Up-to-date: /workspaces/local_ros_ws/simpleservice_ws/install/tutorial_interfaces/include/tutorial_interfaces/tutorial_interfaces/srv
[0.788s] -- Up-to-date: /workspaces/local_ros_ws/simpleservice_ws/install/tutorial_interfaces/include/tutorial_interfaces/tutorial_interfaces/srv/detail
[0.790s] -- Up-to-date: /workspaces/local_ros_ws/simpleservice_ws/install/tutorial_interfaces/include/tutorial_interfaces/tutorial_interfaces/srv/detail/add_three_ints__rosidl_typesupport_fastrtps_c.h
[0.792s] -- Up-to-date: /workspaces/local_ros_ws/simpleservice_ws/install/tutorial_interfaces/lib/libtutorial_interfaces__rosidl_typesupport_fastrtps_c.so
[0.795s] -- Up-to-date: /workspaces/local_ros_ws/simpleservice_ws/install/tutorial_interfaces/include/tutorial_interfaces/tutorial_interfaces
[0.795s] -- Up-to-date: /workspaces/local_ros_ws/simpleservice_ws/install/tutorial_interfaces/include/tutorial_interfaces/tutorial_interfaces/msg
[0.796s] -- Up-to-date: /workspaces/local_ros_ws/simpleservice_ws/install/tutorial_interfaces/include/tutorial_interfaces/tutorial_interfaces/msg/rosidl_typesupport_introspection_c__visibility_control.h
[0.797s] -- Up-to-date: /workspaces/local_ros_ws/simpleservice_ws/install/tutorial_interfaces/include/tutorial_interfaces/tutorial_interfaces/srv
[0.798s] -- Up-to-date: /workspaces/local_ros_ws/simpleservice_ws/install/tutorial_interfaces/include/tutorial_interfaces/tutorial_interfaces/srv/detail
[0.800s] -- Up-to-date: /workspaces/local_ros_ws/simpleservice_ws/install/tutorial_interfaces/include/tutorial_interfaces/tutorial_interfaces/srv/detail/add_three_ints__type_support.c
[0.801s] -- Up-to-date: /workspaces/local_ros_ws/simpleservice_ws/install/tutorial_interfaces/include/tutorial_interfaces/tutorial_interfaces/srv/detail/add_three_ints__rosidl_typesupport_introspection_c.h
[0.802s] -- Up-to-date: /workspaces/local_ros_ws/simpleservice_ws/install/tutorial_interfaces/lib/libtutorial_interfaces__rosidl_typesupport_introspection_c.so
[0.804s] -- Up-to-date: /workspaces/local_ros_ws/simpleservice_ws/install/tutorial_interfaces/lib/libtutorial_interfaces__rosidl_typesupport_c.so
[0.805s] -- Up-to-date: /workspaces/local_ros_ws/simpleservice_ws/install/tutorial_interfaces/include/tutorial_interfaces/tutorial_interfaces
[0.806s] -- Up-to-date: /workspaces/local_ros_ws/simpleservice_ws/install/tutorial_interfaces/include/tutorial_interfaces/tutorial_interfaces/msg
[0.808s] -- Up-to-date: /workspaces/local_ros_ws/simpleservice_ws/install/tutorial_interfaces/include/tutorial_interfaces/tutorial_interfaces/msg/rosidl_generator_cpp__visibility_control.hpp
[0.809s] -- Up-to-date: /workspaces/local_ros_ws/simpleservice_ws/install/tutorial_interfaces/include/tutorial_interfaces/tutorial_interfaces/srv
[0.811s] -- Up-to-date: /workspaces/local_ros_ws/simpleservice_ws/install/tutorial_interfaces/include/tutorial_interfaces/tutorial_interfaces/srv/add_three_ints.hpp
[0.811s] -- Up-to-date: /workspaces/local_ros_ws/simpleservice_ws/install/tutorial_interfaces/include/tutorial_interfaces/tutorial_interfaces/srv/detail
[0.812s] -- Up-to-date: /workspaces/local_ros_ws/simpleservice_ws/install/tutorial_interfaces/include/tutorial_interfaces/tutorial_interfaces/srv/detail/add_three_ints__struct.hpp
[0.813s] -- Up-to-date: /workspaces/local_ros_ws/simpleservice_ws/install/tutorial_interfaces/include/tutorial_interfaces/tutorial_interfaces/srv/detail/add_three_ints__builder.hpp
[0.814s] -- Up-to-date: /workspaces/local_ros_ws/simpleservice_ws/install/tutorial_interfaces/include/tutorial_interfaces/tutorial_interfaces/srv/detail/add_three_ints__traits.hpp
[0.814s] -- Up-to-date: /workspaces/local_ros_ws/simpleservice_ws/install/tutorial_interfaces/include/tutorial_interfaces/tutorial_interfaces/srv/detail/add_three_ints__type_support.hpp
[0.815s] -- Up-to-date: /workspaces/local_ros_ws/simpleservice_ws/install/tutorial_interfaces/include/tutorial_interfaces/tutorial_interfaces
[0.817s] -- Up-to-date: /workspaces/local_ros_ws/simpleservice_ws/install/tutorial_interfaces/include/tutorial_interfaces/tutorial_interfaces/msg
[0.818s] -- Up-to-date: /workspaces/local_ros_ws/simpleservice_ws/install/tutorial_interfaces/include/tutorial_interfaces/tutorial_interfaces/msg/rosidl_typesupport_fastrtps_cpp__visibility_control.h
[0.820s] -- Up-to-date: /workspaces/local_ros_ws/simpleservice_ws/install/tutorial_interfaces/include/tutorial_interfaces/tutorial_interfaces/srv
[0.821s] -- Up-to-date: /workspaces/local_ros_ws/simpleservice_ws/install/tutorial_interfaces/include/tutorial_interfaces/tutorial_interfaces/srv/detail
[0.823s] -- Up-to-date: /workspaces/local_ros_ws/simpleservice_ws/install/tutorial_interfaces/include/tutorial_interfaces/tutorial_interfaces/srv/detail/add_three_ints__rosidl_typesupport_fastrtps_cpp.hpp
[0.823s] -- Up-to-date: /workspaces/local_ros_ws/simpleservice_ws/install/tutorial_interfaces/include/tutorial_interfaces/tutorial_interfaces/srv/detail/dds_fastrtps
[0.826s] -- Up-to-date: /workspaces/local_ros_ws/simpleservice_ws/install/tutorial_interfaces/lib/libtutorial_interfaces__rosidl_typesupport_fastrtps_cpp.so
[0.828s] -- Up-to-date: /workspaces/local_ros_ws/simpleservice_ws/install/tutorial_interfaces/include/tutorial_interfaces/tutorial_interfaces
[0.829s] -- Up-to-date: /workspaces/local_ros_ws/simpleservice_ws/install/tutorial_interfaces/include/tutorial_interfaces/tutorial_interfaces/srv
[0.830s] -- Up-to-date: /workspaces/local_ros_ws/simpleservice_ws/install/tutorial_interfaces/include/tutorial_interfaces/tutorial_interfaces/srv/detail
[0.831s] -- Up-to-date: /workspaces/local_ros_ws/simpleservice_ws/install/tutorial_interfaces/include/tutorial_interfaces/tutorial_interfaces/srv/detail/add_three_ints__type_support.cpp
[0.832s] -- Up-to-date: /workspaces/local_ros_ws/simpleservice_ws/install/tutorial_interfaces/include/tutorial_interfaces/tutorial_interfaces/srv/detail/add_three_ints__rosidl_typesupport_introspection_cpp.hpp
[0.834s] -- Up-to-date: /workspaces/local_ros_ws/simpleservice_ws/install/tutorial_interfaces/lib/libtutorial_interfaces__rosidl_typesupport_introspection_cpp.so
[0.836s] -- Up-to-date: /workspaces/local_ros_ws/simpleservice_ws/install/tutorial_interfaces/lib/libtutorial_interfaces__rosidl_typesupport_cpp.so
[0.837s] -- Up-to-date: /workspaces/local_ros_ws/simpleservice_ws/install/tutorial_interfaces/share/tutorial_interfaces/environment/pythonpath.sh
[0.838s] -- Up-to-date: /workspaces/local_ros_ws/simpleservice_ws/install/tutorial_interfaces/share/tutorial_interfaces/environment/pythonpath.dsv
[0.839s] -- Up-to-date: /workspaces/local_ros_ws/simpleservice_ws/install/tutorial_interfaces/lib/python3.12/site-packages/tutorial_interfaces-0.0.0-py3.12.egg-info
[0.840s] -- Installing: /workspaces/local_ros_ws/simpleservice_ws/install/tutorial_interfaces/lib/python3.12/site-packages/tutorial_interfaces-0.0.0-py3.12.egg-info/PKG-INFO
[0.845s] -- Installing: /workspaces/local_ros_ws/simpleservice_ws/install/tutorial_interfaces/lib/python3.12/site-packages/tutorial_interfaces-0.0.0-py3.12.egg-info/SOURCES.txt
[0.848s] -- Installing: /workspaces/local_ros_ws/simpleservice_ws/install/tutorial_interfaces/lib/python3.12/site-packages/tutorial_interfaces-0.0.0-py3.12.egg-info/top_level.txt
[0.852s] -- Installing: /workspaces/local_ros_ws/simpleservice_ws/install/tutorial_interfaces/lib/python3.12/site-packages/tutorial_interfaces-0.0.0-py3.12.egg-info/dependency_links.txt
[0.856s] -- Up-to-date: /workspaces/local_ros_ws/simpleservice_ws/install/tutorial_interfaces/lib/python3.12/site-packages/tutorial_interfaces
[0.857s] -- Up-to-date: /workspaces/local_ros_ws/simpleservice_ws/install/tutorial_interfaces/lib/python3.12/site-packages/tutorial_interfaces/__init__.py
[0.858s] -- Up-to-date: /workspaces/local_ros_ws/simpleservice_ws/install/tutorial_interfaces/lib/python3.12/site-packages/tutorial_interfaces/tutorial_interfaces_s__rosidl_typesupport_introspection_c.so
[0.859s] -- Up-to-date: /workspaces/local_ros_ws/simpleservice_ws/install/tutorial_interfaces/lib/python3.12/site-packages/tutorial_interfaces/_tutorial_interfaces_s.ep.rosidl_typesupport_c.c
[0.860s] -- Up-to-date: /workspaces/local_ros_ws/simpleservice_ws/install/tutorial_interfaces/lib/python3.12/site-packages/tutorial_interfaces/tutorial_interfaces_s__rosidl_typesupport_c.so
[0.861s] -- Up-to-date: /workspaces/local_ros_ws/simpleservice_ws/install/tutorial_interfaces/lib/python3.12/site-packages/tutorial_interfaces/_tutorial_interfaces_s.ep.rosidl_typesupport_fastrtps_c.c
[0.862s] -- Up-to-date: /workspaces/local_ros_ws/simpleservice_ws/install/tutorial_interfaces/lib/python3.12/site-packages/tutorial_interfaces/tutorial_interfaces_s__rosidl_typesupport_fastrtps_c.so
[0.862s] -- Up-to-date: /workspaces/local_ros_ws/simpleservice_ws/install/tutorial_interfaces/lib/python3.12/site-packages/tutorial_interfaces/_tutorial_interfaces_s.ep.rosidl_typesupport_introspection_c.c
[0.863s] -- Up-to-date: /workspaces/local_ros_ws/simpleservice_ws/install/tutorial_interfaces/lib/python3.12/site-packages/tutorial_interfaces/srv
[0.864s] -- Up-to-date: /workspaces/local_ros_ws/simpleservice_ws/install/tutorial_interfaces/lib/python3.12/site-packages/tutorial_interfaces/srv/_add_three_ints_s.c
[0.865s] -- Up-to-date: /workspaces/local_ros_ws/simpleservice_ws/install/tutorial_interfaces/lib/python3.12/site-packages/tutorial_interfaces/srv/__init__.py
[0.866s] -- Up-to-date: /workspaces/local_ros_ws/simpleservice_ws/install/tutorial_interfaces/lib/python3.12/site-packages/tutorial_interfaces/srv/_add_three_ints.py
[0.909s] Listing '/workspaces/local_ros_ws/simpleservice_ws/install/tutorial_interfaces/lib/python3.12/site-packages/tutorial_interfaces'...
[0.910s] Listing '/workspaces/local_ros_ws/simpleservice_ws/install/tutorial_interfaces/lib/python3.12/site-packages/tutorial_interfaces/srv'...
[0.911s] -- Up-to-date: /workspaces/local_ros_ws/simpleservice_ws/install/tutorial_interfaces/lib/python3.12/site-packages/tutorial_interfaces/tutorial_interfaces_s__rosidl_typesupport_fastrtps_c.so
[0.913s] -- Up-to-date: /workspaces/local_ros_ws/simpleservice_ws/install/tutorial_interfaces/lib/python3.12/site-packages/tutorial_interfaces/tutorial_interfaces_s__rosidl_typesupport_introspection_c.so
[0.914s] -- Up-to-date: /workspaces/local_ros_ws/simpleservice_ws/install/tutorial_interfaces/lib/python3.12/site-packages/tutorial_interfaces/tutorial_interfaces_s__rosidl_typesupport_c.so
[0.917s] -- Up-to-date: /workspaces/local_ros_ws/simpleservice_ws/install/tutorial_interfaces/lib/libtutorial_interfaces__rosidl_generator_py.so
[0.919s] -- Up-to-date: /workspaces/local_ros_ws/simpleservice_ws/install/tutorial_interfaces/share/tutorial_interfaces/srv/AddThreeInts.idl
[0.920s] -- Up-to-date: /workspaces/local_ros_ws/simpleservice_ws/install/tutorial_interfaces/share/tutorial_interfaces/srv/AddThreeInts.srv
[0.920s] -- Up-to-date: /workspaces/local_ros_ws/simpleservice_ws/install/tutorial_interfaces/share/ament_index/resource_index/package_run_dependencies/tutorial_interfaces
[0.921s] -- Up-to-date: /workspaces/local_ros_ws/simpleservice_ws/install/tutorial_interfaces/share/ament_index/resource_index/parent_prefix_path/tutorial_interfaces
[0.922s] -- Up-to-date: /workspaces/local_ros_ws/simpleservice_ws/install/tutorial_interfaces/share/tutorial_interfaces/environment/ament_prefix_path.sh
[0.923s] -- Up-to-date: /workspaces/local_ros_ws/simpleservice_ws/install/tutorial_interfaces/share/tutorial_interfaces/environment/ament_prefix_path.dsv
[0.924s] -- Up-to-date: /workspaces/local_ros_ws/simpleservice_ws/install/tutorial_interfaces/share/tutorial_interfaces/environment/path.sh
[0.925s] -- Up-to-date: /workspaces/local_ros_ws/simpleservice_ws/install/tutorial_interfaces/share/tutorial_interfaces/environment/path.dsv
[0.926s] -- Up-to-date: /workspaces/local_ros_ws/simpleservice_ws/install/tutorial_interfaces/share/tutorial_interfaces/local_setup.bash
[0.927s] -- Up-to-date: /workspaces/local_ros_ws/simpleservice_ws/install/tutorial_interfaces/share/tutorial_interfaces/local_setup.sh
[0.927s] -- Up-to-date: /workspaces/local_ros_ws/simpleservice_ws/install/tutorial_interfaces/share/tutorial_interfaces/local_setup.zsh
[0.928s] -- Up-to-date: /workspaces/local_ros_ws/simpleservice_ws/install/tutorial_interfaces/share/tutorial_interfaces/local_setup.dsv
[0.929s] -- Installing: /workspaces/local_ros_ws/simpleservice_ws/install/tutorial_interfaces/share/tutorial_interfaces/package.dsv
[0.931s] -- Up-to-date: /workspaces/local_ros_ws/simpleservice_ws/install/tutorial_interfaces/share/ament_index/resource_index/packages/tutorial_interfaces
[0.933s] -- Up-to-date: /workspaces/local_ros_ws/simpleservice_ws/install/tutorial_interfaces/share/tutorial_interfaces/cmake/export_tutorial_interfaces__rosidl_generator_cExport.cmake
[0.933s] -- Up-to-date: /workspaces/local_ros_ws/simpleservice_ws/install/tutorial_interfaces/share/tutorial_interfaces/cmake/export_tutorial_interfaces__rosidl_generator_cExport-noconfig.cmake
[0.934s] -- Up-to-date: /workspaces/local_ros_ws/simpleservice_ws/install/tutorial_interfaces/share/tutorial_interfaces/cmake/export_tutorial_interfaces__rosidl_typesupport_fastrtps_cExport.cmake
[0.935s] -- Up-to-date: /workspaces/local_ros_ws/simpleservice_ws/install/tutorial_interfaces/share/tutorial_interfaces/cmake/export_tutorial_interfaces__rosidl_typesupport_fastrtps_cExport-noconfig.cmake
[0.937s] -- Up-to-date: /workspaces/local_ros_ws/simpleservice_ws/install/tutorial_interfaces/share/tutorial_interfaces/cmake/tutorial_interfaces__rosidl_typesupport_introspection_cExport.cmake
[0.938s] -- Up-to-date: /workspaces/local_ros_ws/simpleservice_ws/install/tutorial_interfaces/share/tutorial_interfaces/cmake/tutorial_interfaces__rosidl_typesupport_introspection_cExport-noconfig.cmake
[0.940s] -- Up-to-date: /workspaces/local_ros_ws/simpleservice_ws/install/tutorial_interfaces/share/tutorial_interfaces/cmake/tutorial_interfaces__rosidl_typesupport_cExport.cmake
[0.941s] -- Up-to-date: /workspaces/local_ros_ws/simpleservice_ws/install/tutorial_interfaces/share/tutorial_interfaces/cmake/tutorial_interfaces__rosidl_typesupport_cExport-noconfig.cmake
[0.943s] -- Up-to-date: /workspaces/local_ros_ws/simpleservice_ws/install/tutorial_interfaces/share/tutorial_interfaces/cmake/export_tutorial_interfaces__rosidl_generator_cppExport.cmake
[0.945s] -- Up-to-date: /workspaces/local_ros_ws/simpleservice_ws/install/tutorial_interfaces/share/tutorial_interfaces/cmake/export_tutorial_interfaces__rosidl_typesupport_fastrtps_cppExport.cmake
[0.946s] -- Up-to-date: /workspaces/local_ros_ws/simpleservice_ws/install/tutorial_interfaces/share/tutorial_interfaces/cmake/export_tutorial_interfaces__rosidl_typesupport_fastrtps_cppExport-noconfig.cmake
[0.948s] -- Up-to-date: /workspaces/local_ros_ws/simpleservice_ws/install/tutorial_interfaces/share/tutorial_interfaces/cmake/tutorial_interfaces__rosidl_typesupport_introspection_cppExport.cmake
[0.949s] -- Up-to-date: /workspaces/local_ros_ws/simpleservice_ws/install/tutorial_interfaces/share/tutorial_interfaces/cmake/tutorial_interfaces__rosidl_typesupport_introspection_cppExport-noconfig.cmake
[0.950s] -- Up-to-date: /workspaces/local_ros_ws/simpleservice_ws/install/tutorial_interfaces/share/tutorial_interfaces/cmake/tutorial_interfaces__rosidl_typesupport_cppExport.cmake
[0.953s] -- Up-to-date: /workspaces/local_ros_ws/simpleservice_ws/install/tutorial_interfaces/share/tutorial_interfaces/cmake/tutorial_interfaces__rosidl_typesupport_cppExport-noconfig.cmake
[0.955s] -- Up-to-date: /workspaces/local_ros_ws/simpleservice_ws/install/tutorial_interfaces/share/tutorial_interfaces/cmake/export_tutorial_interfaces__rosidl_generator_pyExport.cmake
[0.957s] -- Up-to-date: /workspaces/local_ros_ws/simpleservice_ws/install/tutorial_interfaces/share/tutorial_interfaces/cmake/export_tutorial_interfaces__rosidl_generator_pyExport-noconfig.cmake
[0.959s] -- Up-to-date: /workspaces/local_ros_ws/simpleservice_ws/install/tutorial_interfaces/share/tutorial_interfaces/cmake/rosidl_cmake-extras.cmake
[0.960s] -- Up-to-date: /workspaces/local_ros_ws/simpleservice_ws/install/tutorial_interfaces/share/tutorial_interfaces/cmake/ament_cmake_export_dependencies-extras.cmake
[0.961s] -- Up-to-date: /workspaces/local_ros_ws/simpleservice_ws/install/tutorial_interfaces/share/tutorial_interfaces/cmake/ament_cmake_export_include_directories-extras.cmake
[0.963s] -- Up-to-date: /workspaces/local_ros_ws/simpleservice_ws/install/tutorial_interfaces/share/tutorial_interfaces/cmake/ament_cmake_export_libraries-extras.cmake
[0.965s] -- Up-to-date: /workspaces/local_ros_ws/simpleservice_ws/install/tutorial_interfaces/share/tutorial_interfaces/cmake/ament_cmake_export_targets-extras.cmake
[0.966s] -- Up-to-date: /workspaces/local_ros_ws/simpleservice_ws/install/tutorial_interfaces/share/tutorial_interfaces/cmake/rosidl_cmake_export_typesupport_targets-extras.cmake
[0.967s] -- Up-to-date: /workspaces/local_ros_ws/simpleservice_ws/install/tutorial_interfaces/share/tutorial_interfaces/cmake/rosidl_cmake_export_typesupport_libraries-extras.cmake
[0.968s] -- Up-to-date: /workspaces/local_ros_ws/simpleservice_ws/install/tutorial_interfaces/share/tutorial_interfaces/cmake/tutorial_interfacesConfig.cmake
[0.968s] -- Up-to-date: /workspaces/local_ros_ws/simpleservice_ws/install/tutorial_interfaces/share/tutorial_interfaces/cmake/tutorial_interfacesConfig-version.cmake
[0.969s] -- Up-to-date: /workspaces/local_ros_ws/simpleservice_ws/install/tutorial_interfaces/share/tutorial_interfaces/package.xml
[0.973s] Invoked command in '/workspaces/local_ros_ws/simpleservice_ws/build/tutorial_interfaces' returned '0': CMAKE_PREFIX_PATH=${CMAKE_PREFIX_PATH}:/opt/ros/jazzy /usr/bin/cmake --install /workspaces/local_ros_ws/simpleservice_ws/build/tutorial_interfaces
