[0.063s] DEBUG:colcon:Command line arguments: ['/usr/bin/colcon', 'build']
[0.063s] DEBUG:colcon:Parsed command line arguments: Namespace(log_base=None, log_level=None, verb_name='build', build_base='build', install_base='install', merge_install=False, symlink_install=False, test_result_base=None, continue_on_error=False, executor='parallel', parallel_workers=8, event_handlers=None, ignore_user_meta=False, metas=['./colcon.meta'], base_paths=['.'], packages_ignore=None, packages_ignore_regex=None, paths=None, packages_up_to=None, packages_up_to_regex=None, packages_above=None, packages_above_and_dependencies=None, packages_above_depth=None, packages_select_by_dep=None, packages_skip_by_dep=None, packages_skip_up_to=None, packages_select_build_failed=False, packages_skip_build_finished=False, packages_select_test_failures=False, packages_skip_test_passed=False, packages_select=None, packages_skip=None, packages_select_regex=None, packages_skip_regex=None, packages_start=None, packages_end=None, cmake_args=None, cmake_target=None, cmake_target_skip_unavailable=False, cmake_clean_cache=False, cmake_clean_first=False, cmake_force_configure=False, ament_cmake_args=None, catkin_cmake_args=None, catkin_skip_building_tests=False, mixin_files=None, mixin=None, verb_parser=<colcon_mixin.mixin.mixin_argument.MixinArgumentDecorator object at 0xffff7e22c770>, verb_extension=<colcon_core.verb.build.BuildVerb object at 0xffff7e22c470>, main=<bound method BuildVerb.main of <colcon_core.verb.build.BuildVerb object at 0xffff7e22c470>>, mixin_verb=('build',))
[0.084s] Level 1:colcon.colcon_core.package_discovery:discover_packages(colcon_meta) check parameters
[0.084s] INFO:colcon.colcon_metadata.package_discovery.colcon_meta:Using configuration from '/root/.colcon/metadata/default/Gazebo.meta'
[0.085s] INFO:colcon.colcon_metadata.package_discovery.colcon_meta:Using configuration from '/root/.colcon/metadata/default/fastrtps.meta'
[0.085s] Level 1:colcon.colcon_core.package_discovery:discover_packages(recursive) check parameters
[0.085s] Level 1:colcon.colcon_core.package_discovery:discover_packages(ignore) check parameters
[0.085s] Level 1:colcon.colcon_core.package_discovery:discover_packages(path) check parameters
[0.085s] Level 1:colcon.colcon_core.package_discovery:discover_packages(colcon_meta) discover
[0.085s] Level 1:colcon.colcon_core.package_discovery:discover_packages(recursive) discover
[0.085s] INFO:colcon.colcon_core.package_discovery:Crawling recursively for packages in '/workspaces/local_ros_ws/simpleservice_ws'
[0.085s] Level 1:colcon.colcon_core.package_identification:_identify(.) by extensions ['ignore', 'ignore_ament_install']
[0.086s] Level 1:colcon.colcon_core.package_identification:_identify(.) by extension 'ignore'
[0.086s] Level 1:colcon.colcon_core.package_identification:_identify(.) by extension 'ignore_ament_install'
[0.086s] Level 1:colcon.colcon_core.package_identification:_identify(.) by extensions ['colcon_pkg']
[0.086s] Level 1:colcon.colcon_core.package_identification:_identify(.) by extension 'colcon_pkg'
[0.086s] Level 1:colcon.colcon_core.package_identification:_identify(.) by extensions ['colcon_meta']
[0.086s] Level 1:colcon.colcon_core.package_identification:_identify(.) by extension 'colcon_meta'
[0.086s] Level 1:colcon.colcon_core.package_identification:_identify(.) by extensions ['ros']
[0.086s] Level 1:colcon.colcon_core.package_identification:_identify(.) by extension 'ros'
[0.100s] Level 1:colcon.colcon_core.package_identification:_identify(.) by extensions ['cmake', 'python']
[0.100s] Level 1:colcon.colcon_core.package_identification:_identify(.) by extension 'cmake'
[0.100s] Level 1:colcon.colcon_core.package_identification:_identify(.) by extension 'python'
[0.100s] Level 1:colcon.colcon_core.package_identification:_identify(.) by extensions ['python_setup_py']
[0.100s] Level 1:colcon.colcon_core.package_identification:_identify(.) by extension 'python_setup_py'
[0.101s] Level 1:colcon.colcon_core.package_identification:_identify(build) by extensions ['ignore', 'ignore_ament_install']
[0.101s] Level 1:colcon.colcon_core.package_identification:_identify(build) by extension 'ignore'
[0.101s] Level 1:colcon.colcon_core.package_identification:_identify(build) ignored
[0.101s] Level 1:colcon.colcon_core.package_identification:_identify(install) by extensions ['ignore', 'ignore_ament_install']
[0.101s] Level 1:colcon.colcon_core.package_identification:_identify(install) by extension 'ignore'
[0.101s] Level 1:colcon.colcon_core.package_identification:_identify(install) ignored
[0.102s] Level 1:colcon.colcon_core.package_identification:_identify(log) by extensions ['ignore', 'ignore_ament_install']
[0.102s] Level 1:colcon.colcon_core.package_identification:_identify(log) by extension 'ignore'
[0.102s] Level 1:colcon.colcon_core.package_identification:_identify(log) ignored
[0.102s] Level 1:colcon.colcon_core.package_identification:_identify(src) by extensions ['ignore', 'ignore_ament_install']
[0.102s] Level 1:colcon.colcon_core.package_identification:_identify(src) by extension 'ignore'
[0.102s] Level 1:colcon.colcon_core.package_identification:_identify(src) by extension 'ignore_ament_install'
[0.103s] Level 1:colcon.colcon_core.package_identification:_identify(src) by extensions ['colcon_pkg']
[0.103s] Level 1:colcon.colcon_core.package_identification:_identify(src) by extension 'colcon_pkg'
[0.103s] Level 1:colcon.colcon_core.package_identification:_identify(src) by extensions ['colcon_meta']
[0.103s] Level 1:colcon.colcon_core.package_identification:_identify(src) by extension 'colcon_meta'
[0.103s] Level 1:colcon.colcon_core.package_identification:_identify(src) by extensions ['ros']
[0.103s] Level 1:colcon.colcon_core.package_identification:_identify(src) by extension 'ros'
[0.103s] Level 1:colcon.colcon_core.package_identification:_identify(src) by extensions ['cmake', 'python']
[0.103s] Level 1:colcon.colcon_core.package_identification:_identify(src) by extension 'cmake'
[0.103s] Level 1:colcon.colcon_core.package_identification:_identify(src) by extension 'python'
[0.103s] Level 1:colcon.colcon_core.package_identification:_identify(src) by extensions ['python_setup_py']
[0.103s] Level 1:colcon.colcon_core.package_identification:_identify(src) by extension 'python_setup_py'
[0.104s] Level 1:colcon.colcon_core.package_identification:_identify(src/cpp_srvcli) by extensions ['ignore', 'ignore_ament_install']
[0.104s] Level 1:colcon.colcon_core.package_identification:_identify(src/cpp_srvcli) by extension 'ignore'
[0.104s] Level 1:colcon.colcon_core.package_identification:_identify(src/cpp_srvcli) by extension 'ignore_ament_install'
[0.104s] Level 1:colcon.colcon_core.package_identification:_identify(src/cpp_srvcli) by extensions ['colcon_pkg']
[0.104s] Level 1:colcon.colcon_core.package_identification:_identify(src/cpp_srvcli) by extension 'colcon_pkg'
[0.104s] Level 1:colcon.colcon_core.package_identification:_identify(src/cpp_srvcli) by extensions ['colcon_meta']
[0.104s] Level 1:colcon.colcon_core.package_identification:_identify(src/cpp_srvcli) by extension 'colcon_meta'
[0.104s] Level 1:colcon.colcon_core.package_identification:_identify(src/cpp_srvcli) by extensions ['ros']
[0.104s] Level 1:colcon.colcon_core.package_identification:_identify(src/cpp_srvcli) by extension 'ros'
[0.106s] DEBUG:colcon.colcon_core.package_identification:Package 'src/cpp_srvcli' with type 'ros.ament_cmake' and name 'cpp_srvcli'
[0.106s] Level 1:colcon.colcon_core.package_identification:_identify(src/tutorial_interfaces) by extensions ['ignore', 'ignore_ament_install']
[0.106s] Level 1:colcon.colcon_core.package_identification:_identify(src/tutorial_interfaces) by extension 'ignore'
[0.106s] Level 1:colcon.colcon_core.package_identification:_identify(src/tutorial_interfaces) by extension 'ignore_ament_install'
[0.107s] Level 1:colcon.colcon_core.package_identification:_identify(src/tutorial_interfaces) by extensions ['colcon_pkg']
[0.107s] Level 1:colcon.colcon_core.package_identification:_identify(src/tutorial_interfaces) by extension 'colcon_pkg'
[0.107s] Level 1:colcon.colcon_core.package_identification:_identify(src/tutorial_interfaces) by extensions ['colcon_meta']
[0.107s] Level 1:colcon.colcon_core.package_identification:_identify(src/tutorial_interfaces) by extension 'colcon_meta'
[0.107s] Level 1:colcon.colcon_core.package_identification:_identify(src/tutorial_interfaces) by extensions ['ros']
[0.107s] Level 1:colcon.colcon_core.package_identification:_identify(src/tutorial_interfaces) by extension 'ros'
[0.107s] DEBUG:colcon.colcon_core.package_identification:Package 'src/tutorial_interfaces' with type 'ros.ament_cmake' and name 'tutorial_interfaces'
[0.107s] Level 1:colcon.colcon_core.package_discovery:discover_packages(recursive) using defaults
[0.107s] Level 1:colcon.colcon_core.package_discovery:discover_packages(ignore) discover
[0.108s] Level 1:colcon.colcon_core.package_discovery:discover_packages(ignore) using defaults
[0.108s] Level 1:colcon.colcon_core.package_discovery:discover_packages(path) discover
[0.108s] Level 1:colcon.colcon_core.package_discovery:discover_packages(path) using defaults
[0.117s] Level 5:colcon.colcon_core.verb:set package 'tutorial_interfaces' build argument 'cmake_args' from command line to 'None'
[0.117s] Level 5:colcon.colcon_core.verb:set package 'tutorial_interfaces' build argument 'cmake_target' from command line to 'None'
[0.117s] Level 5:colcon.colcon_core.verb:set package 'tutorial_interfaces' build argument 'cmake_target_skip_unavailable' from command line to 'False'
[0.117s] Level 5:colcon.colcon_core.verb:set package 'tutorial_interfaces' build argument 'cmake_clean_cache' from command line to 'False'
[0.117s] Level 5:colcon.colcon_core.verb:set package 'tutorial_interfaces' build argument 'cmake_clean_first' from command line to 'False'
[0.117s] Level 5:colcon.colcon_core.verb:set package 'tutorial_interfaces' build argument 'cmake_force_configure' from command line to 'False'
[0.118s] Level 5:colcon.colcon_core.verb:set package 'tutorial_interfaces' build argument 'ament_cmake_args' from command line to 'None'
[0.118s] Level 5:colcon.colcon_core.verb:set package 'tutorial_interfaces' build argument 'catkin_cmake_args' from command line to 'None'
[0.118s] Level 5:colcon.colcon_core.verb:set package 'tutorial_interfaces' build argument 'catkin_skip_building_tests' from command line to 'False'
[0.118s] DEBUG:colcon.colcon_core.verb:Building package 'tutorial_interfaces' with the following arguments: {'ament_cmake_args': None, 'build_base': '/workspaces/local_ros_ws/simpleservice_ws/build/tutorial_interfaces', 'catkin_cmake_args': None, 'catkin_skip_building_tests': False, 'cmake_args': None, 'cmake_clean_cache': False, 'cmake_clean_first': False, 'cmake_force_configure': False, 'cmake_target': None, 'cmake_target_skip_unavailable': False, 'install_base': '/workspaces/local_ros_ws/simpleservice_ws/install/tutorial_interfaces', 'merge_install': False, 'path': '/workspaces/local_ros_ws/simpleservice_ws/src/tutorial_interfaces', 'symlink_install': False, 'test_result_base': None}
[0.118s] Level 5:colcon.colcon_core.verb:set package 'cpp_srvcli' build argument 'cmake_args' from command line to 'None'
[0.118s] Level 5:colcon.colcon_core.verb:set package 'cpp_srvcli' build argument 'cmake_target' from command line to 'None'
[0.118s] Level 5:colcon.colcon_core.verb:set package 'cpp_srvcli' build argument 'cmake_target_skip_unavailable' from command line to 'False'
[0.118s] Level 5:colcon.colcon_core.verb:set package 'cpp_srvcli' build argument 'cmake_clean_cache' from command line to 'False'
[0.118s] Level 5:colcon.colcon_core.verb:set package 'cpp_srvcli' build argument 'cmake_clean_first' from command line to 'False'
[0.118s] Level 5:colcon.colcon_core.verb:set package 'cpp_srvcli' build argument 'cmake_force_configure' from command line to 'False'
[0.118s] Level 5:colcon.colcon_core.verb:set package 'cpp_srvcli' build argument 'ament_cmake_args' from command line to 'None'
[0.118s] Level 5:colcon.colcon_core.verb:set package 'cpp_srvcli' build argument 'catkin_cmake_args' from command line to 'None'
[0.118s] Level 5:colcon.colcon_core.verb:set package 'cpp_srvcli' build argument 'catkin_skip_building_tests' from command line to 'False'
[0.118s] DEBUG:colcon.colcon_core.verb:Building package 'cpp_srvcli' with the following arguments: {'ament_cmake_args': None, 'build_base': '/workspaces/local_ros_ws/simpleservice_ws/build/cpp_srvcli', 'catkin_cmake_args': None, 'catkin_skip_building_tests': False, 'cmake_args': None, 'cmake_clean_cache': False, 'cmake_clean_first': False, 'cmake_force_configure': False, 'cmake_target': None, 'cmake_target_skip_unavailable': False, 'install_base': '/workspaces/local_ros_ws/simpleservice_ws/install/cpp_srvcli', 'merge_install': False, 'path': '/workspaces/local_ros_ws/simpleservice_ws/src/cpp_srvcli', 'symlink_install': False, 'test_result_base': None}
[0.118s] INFO:colcon.colcon_core.executor:Executing jobs using 'parallel' executor
[0.119s] DEBUG:colcon.colcon_parallel_executor.executor.parallel:run_until_complete
[0.119s] INFO:colcon.colcon_ros.task.ament_cmake.build:Building ROS package in '/workspaces/local_ros_ws/simpleservice_ws/src/tutorial_interfaces' with build type 'ament_cmake'
[0.119s] INFO:colcon.colcon_cmake.task.cmake.build:Building CMake package in '/workspaces/local_ros_ws/simpleservice_ws/src/tutorial_interfaces'
[0.120s] INFO:colcon.colcon_core.plugin_system:Skipping extension 'colcon_core.shell.bat': Not used on non-Windows systems
[0.120s] INFO:colcon.colcon_core.shell:Skip shell extension 'powershell' for command environment: Not usable outside of PowerShell
[0.120s] DEBUG:colcon.colcon_core.shell:Skip shell extension 'dsv' for command environment
[0.132s] DEBUG:colcon.colcon_core.event_handler.log_command:Invoking command in '/workspaces/local_ros_ws/simpleservice_ws/build/tutorial_interfaces': CMAKE_PREFIX_PATH=${CMAKE_PREFIX_PATH}:/opt/ros/jazzy /usr/bin/cmake --build /workspaces/local_ros_ws/simpleservice_ws/build/tutorial_interfaces -- -j8 -l8
[0.479s] DEBUG:colcon.colcon_core.event_handler.log_command:Invoked command in '/workspaces/local_ros_ws/simpleservice_ws/build/tutorial_interfaces' returned '0': CMAKE_PREFIX_PATH=${CMAKE_PREFIX_PATH}:/opt/ros/jazzy /usr/bin/cmake --build /workspaces/local_ros_ws/simpleservice_ws/build/tutorial_interfaces -- -j8 -l8
[0.489s] DEBUG:colcon.colcon_core.event_handler.log_command:Invoking command in '/workspaces/local_ros_ws/simpleservice_ws/build/tutorial_interfaces': CMAKE_PREFIX_PATH=${CMAKE_PREFIX_PATH}:/opt/ros/jazzy /usr/bin/cmake --install /workspaces/local_ros_ws/simpleservice_ws/build/tutorial_interfaces
[0.603s] Level 1:colcon.colcon_core.environment:create_environment_scripts_only(tutorial_interfaces)
[0.604s] Level 1:colcon.colcon_core.environment:checking '/workspaces/local_ros_ws/simpleservice_ws/install/tutorial_interfaces' for CMake module files
[0.604s] DEBUG:colcon.colcon_core.event_handler.log_command:Invoked command in '/workspaces/local_ros_ws/simpleservice_ws/build/tutorial_interfaces' returned '0': CMAKE_PREFIX_PATH=${CMAKE_PREFIX_PATH}:/opt/ros/jazzy /usr/bin/cmake --install /workspaces/local_ros_ws/simpleservice_ws/build/tutorial_interfaces
[0.606s] Level 1:colcon.colcon_core.environment:checking '/workspaces/local_ros_ws/simpleservice_ws/install/tutorial_interfaces' for CMake config files
[0.609s] Level 1:colcon.colcon_core.shell:create_environment_hook('tutorial_interfaces', 'cmake_prefix_path')
[0.609s] INFO:colcon.colcon_core.shell:Creating environment hook '/workspaces/local_ros_ws/simpleservice_ws/install/tutorial_interfaces/share/tutorial_interfaces/hook/cmake_prefix_path.ps1'
[0.610s] INFO:colcon.colcon_core.shell:Creating environment descriptor '/workspaces/local_ros_ws/simpleservice_ws/install/tutorial_interfaces/share/tutorial_interfaces/hook/cmake_prefix_path.dsv'
[0.611s] INFO:colcon.colcon_core.shell:Creating environment hook '/workspaces/local_ros_ws/simpleservice_ws/install/tutorial_interfaces/share/tutorial_interfaces/hook/cmake_prefix_path.sh'
[0.613s] Level 1:colcon.colcon_core.environment:checking '/workspaces/local_ros_ws/simpleservice_ws/install/tutorial_interfaces/lib'
[0.613s] Level 1:colcon.colcon_core.shell:create_environment_hook('tutorial_interfaces', 'ld_library_path_lib')
[0.613s] INFO:colcon.colcon_core.shell:Creating environment hook '/workspaces/local_ros_ws/simpleservice_ws/install/tutorial_interfaces/share/tutorial_interfaces/hook/ld_library_path_lib.ps1'
[0.614s] INFO:colcon.colcon_core.shell:Creating environment descriptor '/workspaces/local_ros_ws/simpleservice_ws/install/tutorial_interfaces/share/tutorial_interfaces/hook/ld_library_path_lib.dsv'
[0.614s] INFO:colcon.colcon_core.shell:Creating environment hook '/workspaces/local_ros_ws/simpleservice_ws/install/tutorial_interfaces/share/tutorial_interfaces/hook/ld_library_path_lib.sh'
[0.615s] Level 1:colcon.colcon_core.environment:checking '/workspaces/local_ros_ws/simpleservice_ws/install/tutorial_interfaces/bin'
[0.615s] Level 1:colcon.colcon_core.environment:checking '/workspaces/local_ros_ws/simpleservice_ws/install/tutorial_interfaces/lib/pkgconfig/tutorial_interfaces.pc'
[0.616s] Level 1:colcon.colcon_core.environment:checking '/workspaces/local_ros_ws/simpleservice_ws/install/tutorial_interfaces/lib/python3.12/site-packages'
[0.616s] Level 1:colcon.colcon_core.shell:create_environment_hook('tutorial_interfaces', 'pythonpath')
[0.616s] INFO:colcon.colcon_core.shell:Creating environment hook '/workspaces/local_ros_ws/simpleservice_ws/install/tutorial_interfaces/share/tutorial_interfaces/hook/pythonpath.ps1'
[0.617s] INFO:colcon.colcon_core.shell:Creating environment descriptor '/workspaces/local_ros_ws/simpleservice_ws/install/tutorial_interfaces/share/tutorial_interfaces/hook/pythonpath.dsv'
[0.617s] INFO:colcon.colcon_core.shell:Creating environment hook '/workspaces/local_ros_ws/simpleservice_ws/install/tutorial_interfaces/share/tutorial_interfaces/hook/pythonpath.sh'
[0.618s] Level 1:colcon.colcon_core.environment:checking '/workspaces/local_ros_ws/simpleservice_ws/install/tutorial_interfaces/bin'
[0.618s] INFO:colcon.colcon_core.shell:Creating package script '/workspaces/local_ros_ws/simpleservice_ws/install/tutorial_interfaces/share/tutorial_interfaces/package.ps1'
[0.619s] INFO:colcon.colcon_core.shell:Creating package descriptor '/workspaces/local_ros_ws/simpleservice_ws/install/tutorial_interfaces/share/tutorial_interfaces/package.dsv'
[0.620s] INFO:colcon.colcon_core.shell:Creating package script '/workspaces/local_ros_ws/simpleservice_ws/install/tutorial_interfaces/share/tutorial_interfaces/package.sh'
[0.621s] INFO:colcon.colcon_core.shell:Creating package script '/workspaces/local_ros_ws/simpleservice_ws/install/tutorial_interfaces/share/tutorial_interfaces/package.bash'
[0.621s] INFO:colcon.colcon_core.shell:Creating package script '/workspaces/local_ros_ws/simpleservice_ws/install/tutorial_interfaces/share/tutorial_interfaces/package.zsh'
[0.622s] Level 1:colcon.colcon_core.environment:create_file_with_runtime_dependencies(/workspaces/local_ros_ws/simpleservice_ws/install/tutorial_interfaces/share/colcon-core/packages/tutorial_interfaces)
[0.623s] Level 1:colcon.colcon_core.environment:create_environment_scripts_only(tutorial_interfaces)
[0.624s] Level 1:colcon.colcon_core.environment:checking '/workspaces/local_ros_ws/simpleservice_ws/install/tutorial_interfaces' for CMake module files
[0.625s] Level 1:colcon.colcon_core.environment:checking '/workspaces/local_ros_ws/simpleservice_ws/install/tutorial_interfaces' for CMake config files
[0.629s] Level 1:colcon.colcon_core.shell:create_environment_hook('tutorial_interfaces', 'cmake_prefix_path')
[0.629s] INFO:colcon.colcon_core.shell:Creating environment hook '/workspaces/local_ros_ws/simpleservice_ws/install/tutorial_interfaces/share/tutorial_interfaces/hook/cmake_prefix_path.ps1'
[0.629s] INFO:colcon.colcon_core.shell:Creating environment descriptor '/workspaces/local_ros_ws/simpleservice_ws/install/tutorial_interfaces/share/tutorial_interfaces/hook/cmake_prefix_path.dsv'
[0.630s] INFO:colcon.colcon_core.shell:Creating environment hook '/workspaces/local_ros_ws/simpleservice_ws/install/tutorial_interfaces/share/tutorial_interfaces/hook/cmake_prefix_path.sh'
[0.630s] Level 1:colcon.colcon_core.environment:checking '/workspaces/local_ros_ws/simpleservice_ws/install/tutorial_interfaces/lib'
[0.631s] Level 1:colcon.colcon_core.shell:create_environment_hook('tutorial_interfaces', 'ld_library_path_lib')
[0.631s] INFO:colcon.colcon_core.shell:Creating environment hook '/workspaces/local_ros_ws/simpleservice_ws/install/tutorial_interfaces/share/tutorial_interfaces/hook/ld_library_path_lib.ps1'
[0.631s] INFO:colcon.colcon_core.shell:Creating environment descriptor '/workspaces/local_ros_ws/simpleservice_ws/install/tutorial_interfaces/share/tutorial_interfaces/hook/ld_library_path_lib.dsv'
[0.631s] INFO:colcon.colcon_core.shell:Creating environment hook '/workspaces/local_ros_ws/simpleservice_ws/install/tutorial_interfaces/share/tutorial_interfaces/hook/ld_library_path_lib.sh'
[0.632s] Level 1:colcon.colcon_core.environment:checking '/workspaces/local_ros_ws/simpleservice_ws/install/tutorial_interfaces/bin'
[0.632s] Level 1:colcon.colcon_core.environment:checking '/workspaces/local_ros_ws/simpleservice_ws/install/tutorial_interfaces/lib/pkgconfig/tutorial_interfaces.pc'
[0.632s] Level 1:colcon.colcon_core.environment:checking '/workspaces/local_ros_ws/simpleservice_ws/install/tutorial_interfaces/lib/python3.12/site-packages'
[0.632s] Level 1:colcon.colcon_core.shell:create_environment_hook('tutorial_interfaces', 'pythonpath')
[0.632s] INFO:colcon.colcon_core.shell:Creating environment hook '/workspaces/local_ros_ws/simpleservice_ws/install/tutorial_interfaces/share/tutorial_interfaces/hook/pythonpath.ps1'
[0.633s] INFO:colcon.colcon_core.shell:Creating environment descriptor '/workspaces/local_ros_ws/simpleservice_ws/install/tutorial_interfaces/share/tutorial_interfaces/hook/pythonpath.dsv'
[0.634s] INFO:colcon.colcon_core.shell:Creating environment hook '/workspaces/local_ros_ws/simpleservice_ws/install/tutorial_interfaces/share/tutorial_interfaces/hook/pythonpath.sh'
[0.634s] Level 1:colcon.colcon_core.environment:checking '/workspaces/local_ros_ws/simpleservice_ws/install/tutorial_interfaces/bin'
[0.634s] INFO:colcon.colcon_core.shell:Creating package script '/workspaces/local_ros_ws/simpleservice_ws/install/tutorial_interfaces/share/tutorial_interfaces/package.ps1'
[0.635s] INFO:colcon.colcon_core.shell:Creating package descriptor '/workspaces/local_ros_ws/simpleservice_ws/install/tutorial_interfaces/share/tutorial_interfaces/package.dsv'
[0.636s] INFO:colcon.colcon_core.shell:Creating package script '/workspaces/local_ros_ws/simpleservice_ws/install/tutorial_interfaces/share/tutorial_interfaces/package.sh'
[0.636s] INFO:colcon.colcon_core.shell:Creating package script '/workspaces/local_ros_ws/simpleservice_ws/install/tutorial_interfaces/share/tutorial_interfaces/package.bash'
[0.637s] INFO:colcon.colcon_core.shell:Creating package script '/workspaces/local_ros_ws/simpleservice_ws/install/tutorial_interfaces/share/tutorial_interfaces/package.zsh'
[0.637s] Level 1:colcon.colcon_core.environment:create_file_with_runtime_dependencies(/workspaces/local_ros_ws/simpleservice_ws/install/tutorial_interfaces/share/colcon-core/packages/tutorial_interfaces)
[0.637s] INFO:colcon.colcon_ros.task.ament_cmake.build:Building ROS package in '/workspaces/local_ros_ws/simpleservice_ws/src/cpp_srvcli' with build type 'ament_cmake'
[0.638s] INFO:colcon.colcon_cmake.task.cmake.build:Building CMake package in '/workspaces/local_ros_ws/simpleservice_ws/src/cpp_srvcli'
[0.638s] INFO:colcon.colcon_core.shell:Skip shell extension 'powershell' for command environment: Not usable outside of PowerShell
[0.638s] DEBUG:colcon.colcon_core.shell:Skip shell extension 'dsv' for command environment
[0.650s] DEBUG:colcon.colcon_core.event_handler.log_command:Invoking command in '/workspaces/local_ros_ws/simpleservice_ws/build/cpp_srvcli': CMAKE_PREFIX_PATH=/workspaces/local_ros_ws/simpleservice_ws/install/tutorial_interfaces:/workspaces/local_ros_ws/simpleservice_ws/install/cpp_srvcli:/opt/ros/jazzy/opt/gz_math_vendor:/opt/ros/jazzy/opt/gz_utils_vendor:/opt/ros/jazzy/opt/gz_cmake_vendor:/opt/ros/jazzy /usr/bin/cmake --build /workspaces/local_ros_ws/simpleservice_ws/build/cpp_srvcli -- -j8 -l8
[1.275s] DEBUG:colcon.colcon_core.event_handler.log_command:Invoked command in '/workspaces/local_ros_ws/simpleservice_ws/build/cpp_srvcli' returned '2': CMAKE_PREFIX_PATH=/workspaces/local_ros_ws/simpleservice_ws/install/tutorial_interfaces:/workspaces/local_ros_ws/simpleservice_ws/install/cpp_srvcli:/opt/ros/jazzy/opt/gz_math_vendor:/opt/ros/jazzy/opt/gz_utils_vendor:/opt/ros/jazzy/opt/gz_cmake_vendor:/opt/ros/jazzy /usr/bin/cmake --build /workspaces/local_ros_ws/simpleservice_ws/build/cpp_srvcli -- -j8 -l8
[1.275s] Level 1:colcon.colcon_core.environment:create_environment_scripts_only(cpp_srvcli)
[1.275s] Level 1:colcon.colcon_core.environment:checking '/workspaces/local_ros_ws/simpleservice_ws/install/cpp_srvcli' for CMake module files
[1.277s] Level 1:colcon.colcon_core.environment:checking '/workspaces/local_ros_ws/simpleservice_ws/install/cpp_srvcli' for CMake config files
[1.282s] Level 1:colcon.colcon_core.shell:create_environment_hook('cpp_srvcli', 'cmake_prefix_path')
[1.282s] INFO:colcon.colcon_core.shell:Creating environment hook '/workspaces/local_ros_ws/simpleservice_ws/install/cpp_srvcli/share/cpp_srvcli/hook/cmake_prefix_path.ps1'
[1.283s] INFO:colcon.colcon_core.shell:Creating environment descriptor '/workspaces/local_ros_ws/simpleservice_ws/install/cpp_srvcli/share/cpp_srvcli/hook/cmake_prefix_path.dsv'
[1.284s] INFO:colcon.colcon_core.shell:Creating environment hook '/workspaces/local_ros_ws/simpleservice_ws/install/cpp_srvcli/share/cpp_srvcli/hook/cmake_prefix_path.sh'
[1.285s] Level 1:colcon.colcon_core.environment:checking '/workspaces/local_ros_ws/simpleservice_ws/install/cpp_srvcli/lib'
[1.285s] Level 1:colcon.colcon_core.environment:checking '/workspaces/local_ros_ws/simpleservice_ws/install/cpp_srvcli/bin'
[1.285s] Level 1:colcon.colcon_core.environment:checking '/workspaces/local_ros_ws/simpleservice_ws/install/cpp_srvcli/lib/pkgconfig/cpp_srvcli.pc'
[1.286s] Level 1:colcon.colcon_core.environment:checking '/workspaces/local_ros_ws/simpleservice_ws/install/cpp_srvcli/lib/python3.12/site-packages'
[1.286s] Level 1:colcon.colcon_core.environment:checking '/workspaces/local_ros_ws/simpleservice_ws/install/cpp_srvcli/bin'
[1.286s] INFO:colcon.colcon_core.shell:Creating package script '/workspaces/local_ros_ws/simpleservice_ws/install/cpp_srvcli/share/cpp_srvcli/package.ps1'
[1.288s] INFO:colcon.colcon_core.shell:Creating package descriptor '/workspaces/local_ros_ws/simpleservice_ws/install/cpp_srvcli/share/cpp_srvcli/package.dsv'
[1.289s] INFO:colcon.colcon_core.shell:Creating package script '/workspaces/local_ros_ws/simpleservice_ws/install/cpp_srvcli/share/cpp_srvcli/package.sh'
[1.290s] INFO:colcon.colcon_core.shell:Creating package script '/workspaces/local_ros_ws/simpleservice_ws/install/cpp_srvcli/share/cpp_srvcli/package.bash'
[1.291s] INFO:colcon.colcon_core.shell:Creating package script '/workspaces/local_ros_ws/simpleservice_ws/install/cpp_srvcli/share/cpp_srvcli/package.zsh'
[1.292s] Level 1:colcon.colcon_core.environment:create_file_with_runtime_dependencies(/workspaces/local_ros_ws/simpleservice_ws/install/cpp_srvcli/share/colcon-core/packages/cpp_srvcli)
[1.292s] DEBUG:colcon.colcon_parallel_executor.executor.parallel:closing loop
[1.293s] DEBUG:colcon.colcon_parallel_executor.executor.parallel:loop closed
[1.293s] DEBUG:colcon.colcon_parallel_executor.executor.parallel:run_until_complete finished with '2'
[1.293s] DEBUG:colcon.colcon_core.event_reactor:joining thread
[1.305s] INFO:colcon.colcon_core.plugin_system:Skipping extension 'colcon_notification.desktop_notification.notify_send': Could not find 'notify-send'
[1.305s] INFO:colcon.colcon_core.plugin_system:Skipping extension 'colcon_notification.desktop_notification.terminal_notifier': Not used on non-Darwin systems
[1.305s] INFO:colcon.colcon_core.plugin_system:Skipping extension 'colcon_notification.desktop_notification.win32': Not used on non-Windows systems
[1.305s] INFO:colcon.colcon_notification.desktop_notification:Sending desktop notification using 'notify2'
[1.305s] DEBUG:colcon.colcon_notification.desktop_notification.notify2:Failed to initialize notify2: org.freedesktop.DBus.Error.NotSupported: Unable to autolaunch a dbus-daemon without a $DISPLAY for X11
[1.306s] DEBUG:colcon.colcon_core.event_reactor:joined thread
[1.307s] INFO:colcon.colcon_core.shell:Creating prefix script '/workspaces/local_ros_ws/simpleservice_ws/install/local_setup.ps1'
[1.309s] INFO:colcon.colcon_core.shell:Creating prefix util module '/workspaces/local_ros_ws/simpleservice_ws/install/_local_setup_util_ps1.py'
[1.311s] INFO:colcon.colcon_core.shell:Creating prefix chain script '/workspaces/local_ros_ws/simpleservice_ws/install/setup.ps1'
[1.316s] INFO:colcon.colcon_core.shell:Creating prefix script '/workspaces/local_ros_ws/simpleservice_ws/install/local_setup.sh'
[1.318s] INFO:colcon.colcon_core.shell:Creating prefix util module '/workspaces/local_ros_ws/simpleservice_ws/install/_local_setup_util_sh.py'
[1.323s] INFO:colcon.colcon_core.shell:Creating prefix chain script '/workspaces/local_ros_ws/simpleservice_ws/install/setup.sh'
[1.326s] INFO:colcon.colcon_core.shell:Creating prefix script '/workspaces/local_ros_ws/simpleservice_ws/install/local_setup.bash'
[1.327s] INFO:colcon.colcon_core.shell:Creating prefix chain script '/workspaces/local_ros_ws/simpleservice_ws/install/setup.bash'
[1.329s] INFO:colcon.colcon_core.shell:Creating prefix script '/workspaces/local_ros_ws/simpleservice_ws/install/local_setup.zsh'
[1.330s] INFO:colcon.colcon_core.shell:Creating prefix chain script '/workspaces/local_ros_ws/simpleservice_ws/install/setup.zsh'
