[0.012s] Invoking command in '/workspaces/local_ros_ws/simpleservice_ws/build/tutorial_interfaces': CMAKE_PREFIX_PATH=${CMAKE_PREFIX_PATH}:/opt/ros/jazzy /usr/bin/cmake --build /workspaces/local_ros_ws/simpleservice_ws/build/tutorial_interfaces -- -j8 -l8
[0.070s] [  1%] Built target tutorial_interfaces__rosidl_generator_type_description
[0.101s] [  3%] Built target tutorial_interfaces__cpp
[0.113s] [  3%] Built target ament_cmake_python_copy_tutorial_interfaces
[0.168s] [ 24%] Built target tutorial_interfaces__rosidl_generator_c
[0.239s] running egg_info
[0.247s] writing tutorial_interfaces.egg-info/PKG-INFO
[0.248s] writing dependency_links to tutorial_interfaces.egg-info/dependency_links.txt
[0.249s] writing top-level names to tutorial_interfaces.egg-info/top_level.txt
[0.274s] reading manifest file 'tutorial_interfaces.egg-info/SOURCES.txt'
[0.275s] writing manifest file 'tutorial_interfaces.egg-info/SOURCES.txt'
[0.300s] [ 24%] Built target ament_cmake_python_build_tutorial_interfaces_egg
[0.323s] [ 42%] Built target tutorial_interfaces__rosidl_typesupport_introspection_c
[0.324s] [ 42%] Built target tutorial_interfaces__rosidl_typesupport_c
[0.354s] [ 51%] Built target tutorial_interfaces__rosidl_typesupport_introspection_cpp
[0.371s] [ 61%] Built target tutorial_interfaces__rosidl_typesupport_cpp
[0.403s] [ 79%] Built target tutorial_interfaces__rosidl_typesupport_fastrtps_cpp
[0.403s] [ 79%] Built target tutorial_interfaces__rosidl_typesupport_fastrtps_c
[0.422s] [ 79%] Built target tutorial_interfaces
[0.442s] [ 81%] Built target tutorial_interfaces__py
[0.520s] [ 88%] Built target tutorial_interfaces__rosidl_generator_py
[0.607s] [ 92%] Built target tutorial_interfaces_s__rosidl_typesupport_c
[0.632s] [ 96%] Built target tutorial_interfaces_s__rosidl_typesupport_introspection_c
[0.638s] [100%] Built target tutorial_interfaces_s__rosidl_typesupport_fastrtps_c
[0.676s] Invoked command in '/workspaces/local_ros_ws/simpleservice_ws/build/tutorial_interfaces' returned '0': CMAKE_PREFIX_PATH=${CMAKE_PREFIX_PATH}:/opt/ros/jazzy /usr/bin/cmake --build /workspaces/local_ros_ws/simpleservice_ws/build/tutorial_interfaces -- -j8 -l8
[0.685s] Invoking command in '/workspaces/local_ros_ws/simpleservice_ws/build/tutorial_interfaces': CMAKE_PREFIX_PATH=${CMAKE_PREFIX_PATH}:/opt/ros/jazzy /usr/bin/cmake --install /workspaces/local_ros_ws/simpleservice_ws/build/tutorial_interfaces
[0.694s] -- Install configuration: ""
[0.694s] -- Up-to-date: /workspaces/local_ros_ws/simpleservice_ws/install/tutorial_interfaces/share/ament_index/resource_index/rosidl_interfaces/tutorial_interfaces
[0.695s] -- Up-to-date: /workspaces/local_ros_ws/simpleservice_ws/install/tutorial_interfaces/share/tutorial_interfaces/srv/AddThreeInts.json
[0.695s] -- Up-to-date: /workspaces/local_ros_ws/simpleservice_ws/install/tutorial_interfaces/share/tutorial_interfaces/srv/SpeedControl.json
[0.696s] -- Up-to-date: /workspaces/local_ros_ws/simpleservice_ws/install/tutorial_interfaces/share/tutorial_interfaces/srv/StopMotor.json
[0.696s] -- Up-to-date: /workspaces/local_ros_ws/simpleservice_ws/install/tutorial_interfaces/include/tutorial_interfaces/tutorial_interfaces
[0.696s] -- Up-to-date: /workspaces/local_ros_ws/simpleservice_ws/install/tutorial_interfaces/include/tutorial_interfaces/tutorial_interfaces/msg
[0.697s] -- Up-to-date: /workspaces/local_ros_ws/simpleservice_ws/install/tutorial_interfaces/include/tutorial_interfaces/tutorial_interfaces/msg/rosidl_generator_c__visibility_control.h
[0.697s] -- Up-to-date: /workspaces/local_ros_ws/simpleservice_ws/install/tutorial_interfaces/include/tutorial_interfaces/tutorial_interfaces/srv
[0.698s] -- Up-to-date: /workspaces/local_ros_ws/simpleservice_ws/install/tutorial_interfaces/include/tutorial_interfaces/tutorial_interfaces/srv/add_three_ints.h
[0.698s] -- Up-to-date: /workspaces/local_ros_ws/simpleservice_ws/install/tutorial_interfaces/include/tutorial_interfaces/tutorial_interfaces/srv/detail
[0.699s] -- Up-to-date: /workspaces/local_ros_ws/simpleservice_ws/install/tutorial_interfaces/include/tutorial_interfaces/tutorial_interfaces/srv/detail/add_three_ints__type_support.h
[0.699s] -- Up-to-date: /workspaces/local_ros_ws/simpleservice_ws/install/tutorial_interfaces/include/tutorial_interfaces/tutorial_interfaces/srv/detail/add_three_ints__struct.h
[0.700s] -- Up-to-date: /workspaces/local_ros_ws/simpleservice_ws/install/tutorial_interfaces/include/tutorial_interfaces/tutorial_interfaces/srv/detail/add_three_ints__description.c
[0.700s] -- Up-to-date: /workspaces/local_ros_ws/simpleservice_ws/install/tutorial_interfaces/include/tutorial_interfaces/tutorial_interfaces/srv/detail/add_three_ints__functions.c
[0.701s] -- Up-to-date: /workspaces/local_ros_ws/simpleservice_ws/install/tutorial_interfaces/include/tutorial_interfaces/tutorial_interfaces/srv/detail/stop_motor__type_support.h
[0.701s] -- Up-to-date: /workspaces/local_ros_ws/simpleservice_ws/install/tutorial_interfaces/include/tutorial_interfaces/tutorial_interfaces/srv/detail/stop_motor__description.c
[0.702s] -- Up-to-date: /workspaces/local_ros_ws/simpleservice_ws/install/tutorial_interfaces/include/tutorial_interfaces/tutorial_interfaces/srv/detail/stop_motor__functions.h
[0.702s] -- Installing: /workspaces/local_ros_ws/simpleservice_ws/install/tutorial_interfaces/include/tutorial_interfaces/tutorial_interfaces/srv/detail/speed_control__type_support.c
[0.704s] -- Up-to-date: /workspaces/local_ros_ws/simpleservice_ws/install/tutorial_interfaces/include/tutorial_interfaces/tutorial_interfaces/srv/detail/speed_control__functions.c
[0.705s] -- Installing: /workspaces/local_ros_ws/simpleservice_ws/install/tutorial_interfaces/include/tutorial_interfaces/tutorial_interfaces/srv/detail/add_three_ints__type_support.c
[0.707s] -- Up-to-date: /workspaces/local_ros_ws/simpleservice_ws/install/tutorial_interfaces/include/tutorial_interfaces/tutorial_interfaces/srv/detail/stop_motor__struct.h
[0.708s] -- Up-to-date: /workspaces/local_ros_ws/simpleservice_ws/install/tutorial_interfaces/include/tutorial_interfaces/tutorial_interfaces/srv/detail/speed_control__struct.h
[0.708s] -- Up-to-date: /workspaces/local_ros_ws/simpleservice_ws/install/tutorial_interfaces/include/tutorial_interfaces/tutorial_interfaces/srv/detail/add_three_ints__functions.h
[0.708s] -- Up-to-date: /workspaces/local_ros_ws/simpleservice_ws/install/tutorial_interfaces/include/tutorial_interfaces/tutorial_interfaces/srv/detail/stop_motor__type_support.c
[0.709s] -- Up-to-date: /workspaces/local_ros_ws/simpleservice_ws/install/tutorial_interfaces/include/tutorial_interfaces/tutorial_interfaces/srv/detail/stop_motor__functions.c
[0.709s] -- Up-to-date: /workspaces/local_ros_ws/simpleservice_ws/install/tutorial_interfaces/include/tutorial_interfaces/tutorial_interfaces/srv/detail/speed_control__functions.h
[0.710s] -- Up-to-date: /workspaces/local_ros_ws/simpleservice_ws/install/tutorial_interfaces/include/tutorial_interfaces/tutorial_interfaces/srv/detail/speed_control__description.c
[0.711s] -- Up-to-date: /workspaces/local_ros_ws/simpleservice_ws/install/tutorial_interfaces/include/tutorial_interfaces/tutorial_interfaces/srv/detail/speed_control__type_support.h
[0.711s] -- Up-to-date: /workspaces/local_ros_ws/simpleservice_ws/install/tutorial_interfaces/include/tutorial_interfaces/tutorial_interfaces/srv/stop_motor.h
[0.711s] -- Up-to-date: /workspaces/local_ros_ws/simpleservice_ws/install/tutorial_interfaces/include/tutorial_interfaces/tutorial_interfaces/srv/speed_control.h
[0.712s] -- Up-to-date: /workspaces/local_ros_ws/simpleservice_ws/install/tutorial_interfaces/share/tutorial_interfaces/environment/library_path.sh
[0.712s] -- Up-to-date: /workspaces/local_ros_ws/simpleservice_ws/install/tutorial_interfaces/share/tutorial_interfaces/environment/library_path.dsv
[0.712s] -- Up-to-date: /workspaces/local_ros_ws/simpleservice_ws/install/tutorial_interfaces/lib/libtutorial_interfaces__rosidl_generator_c.so
[0.713s] -- Up-to-date: /workspaces/local_ros_ws/simpleservice_ws/install/tutorial_interfaces/include/tutorial_interfaces/tutorial_interfaces
[0.714s] -- Up-to-date: /workspaces/local_ros_ws/simpleservice_ws/install/tutorial_interfaces/include/tutorial_interfaces/tutorial_interfaces/msg
[0.715s] -- Up-to-date: /workspaces/local_ros_ws/simpleservice_ws/install/tutorial_interfaces/include/tutorial_interfaces/tutorial_interfaces/msg/rosidl_typesupport_fastrtps_c__visibility_control.h
[0.715s] -- Up-to-date: /workspaces/local_ros_ws/simpleservice_ws/install/tutorial_interfaces/include/tutorial_interfaces/tutorial_interfaces/srv
[0.716s] -- Up-to-date: /workspaces/local_ros_ws/simpleservice_ws/install/tutorial_interfaces/include/tutorial_interfaces/tutorial_interfaces/srv/detail
[0.716s] -- Up-to-date: /workspaces/local_ros_ws/simpleservice_ws/install/tutorial_interfaces/include/tutorial_interfaces/tutorial_interfaces/srv/detail/add_three_ints__rosidl_typesupport_fastrtps_c.h
[0.717s] -- Up-to-date: /workspaces/local_ros_ws/simpleservice_ws/install/tutorial_interfaces/include/tutorial_interfaces/tutorial_interfaces/srv/detail/speed_control__rosidl_typesupport_fastrtps_c.h
[0.717s] -- Up-to-date: /workspaces/local_ros_ws/simpleservice_ws/install/tutorial_interfaces/include/tutorial_interfaces/tutorial_interfaces/srv/detail/stop_motor__rosidl_typesupport_fastrtps_c.h
[0.718s] -- Up-to-date: /workspaces/local_ros_ws/simpleservice_ws/install/tutorial_interfaces/lib/libtutorial_interfaces__rosidl_typesupport_fastrtps_c.so
[0.719s] -- Up-to-date: /workspaces/local_ros_ws/simpleservice_ws/install/tutorial_interfaces/include/tutorial_interfaces/tutorial_interfaces
[0.719s] -- Up-to-date: /workspaces/local_ros_ws/simpleservice_ws/install/tutorial_interfaces/include/tutorial_interfaces/tutorial_interfaces/msg
[0.720s] -- Up-to-date: /workspaces/local_ros_ws/simpleservice_ws/install/tutorial_interfaces/include/tutorial_interfaces/tutorial_interfaces/msg/rosidl_typesupport_introspection_c__visibility_control.h
[0.720s] -- Up-to-date: /workspaces/local_ros_ws/simpleservice_ws/install/tutorial_interfaces/include/tutorial_interfaces/tutorial_interfaces/srv
[0.720s] -- Up-to-date: /workspaces/local_ros_ws/simpleservice_ws/install/tutorial_interfaces/include/tutorial_interfaces/tutorial_interfaces/srv/detail
[0.721s] -- Installing: /workspaces/local_ros_ws/simpleservice_ws/install/tutorial_interfaces/include/tutorial_interfaces/tutorial_interfaces/srv/detail/speed_control__type_support.c
[0.724s] -- Installing: /workspaces/local_ros_ws/simpleservice_ws/install/tutorial_interfaces/include/tutorial_interfaces/tutorial_interfaces/srv/detail/add_three_ints__type_support.c
[0.726s] -- Up-to-date: /workspaces/local_ros_ws/simpleservice_ws/install/tutorial_interfaces/include/tutorial_interfaces/tutorial_interfaces/srv/detail/stop_motor__type_support.c
[0.727s] -- Up-to-date: /workspaces/local_ros_ws/simpleservice_ws/install/tutorial_interfaces/include/tutorial_interfaces/tutorial_interfaces/srv/detail/stop_motor__rosidl_typesupport_introspection_c.h
[0.728s] -- Up-to-date: /workspaces/local_ros_ws/simpleservice_ws/install/tutorial_interfaces/include/tutorial_interfaces/tutorial_interfaces/srv/detail/add_three_ints__rosidl_typesupport_introspection_c.h
[0.728s] -- Up-to-date: /workspaces/local_ros_ws/simpleservice_ws/install/tutorial_interfaces/include/tutorial_interfaces/tutorial_interfaces/srv/detail/speed_control__rosidl_typesupport_introspection_c.h
[0.729s] -- Up-to-date: /workspaces/local_ros_ws/simpleservice_ws/install/tutorial_interfaces/lib/libtutorial_interfaces__rosidl_typesupport_introspection_c.so
[0.729s] -- Up-to-date: /workspaces/local_ros_ws/simpleservice_ws/install/tutorial_interfaces/lib/libtutorial_interfaces__rosidl_typesupport_c.so
[0.730s] -- Up-to-date: /workspaces/local_ros_ws/simpleservice_ws/install/tutorial_interfaces/include/tutorial_interfaces/tutorial_interfaces
[0.730s] -- Up-to-date: /workspaces/local_ros_ws/simpleservice_ws/install/tutorial_interfaces/include/tutorial_interfaces/tutorial_interfaces/msg
[0.731s] -- Up-to-date: /workspaces/local_ros_ws/simpleservice_ws/install/tutorial_interfaces/include/tutorial_interfaces/tutorial_interfaces/msg/rosidl_generator_cpp__visibility_control.hpp
[0.731s] -- Up-to-date: /workspaces/local_ros_ws/simpleservice_ws/install/tutorial_interfaces/include/tutorial_interfaces/tutorial_interfaces/srv
[0.732s] -- Up-to-date: /workspaces/local_ros_ws/simpleservice_ws/install/tutorial_interfaces/include/tutorial_interfaces/tutorial_interfaces/srv/add_three_ints.hpp
[0.732s] -- Up-to-date: /workspaces/local_ros_ws/simpleservice_ws/install/tutorial_interfaces/include/tutorial_interfaces/tutorial_interfaces/srv/speed_control.hpp
[0.733s] -- Up-to-date: /workspaces/local_ros_ws/simpleservice_ws/install/tutorial_interfaces/include/tutorial_interfaces/tutorial_interfaces/srv/detail
[0.733s] -- Up-to-date: /workspaces/local_ros_ws/simpleservice_ws/install/tutorial_interfaces/include/tutorial_interfaces/tutorial_interfaces/srv/detail/speed_control__builder.hpp
[0.734s] -- Up-to-date: /workspaces/local_ros_ws/simpleservice_ws/install/tutorial_interfaces/include/tutorial_interfaces/tutorial_interfaces/srv/detail/stop_motor__type_support.hpp
[0.734s] -- Up-to-date: /workspaces/local_ros_ws/simpleservice_ws/install/tutorial_interfaces/include/tutorial_interfaces/tutorial_interfaces/srv/detail/add_three_ints__struct.hpp
[0.734s] -- Up-to-date: /workspaces/local_ros_ws/simpleservice_ws/install/tutorial_interfaces/include/tutorial_interfaces/tutorial_interfaces/srv/detail/add_three_ints__builder.hpp
[0.735s] -- Up-to-date: /workspaces/local_ros_ws/simpleservice_ws/install/tutorial_interfaces/include/tutorial_interfaces/tutorial_interfaces/srv/detail/speed_control__struct.hpp
[0.735s] -- Up-to-date: /workspaces/local_ros_ws/simpleservice_ws/install/tutorial_interfaces/include/tutorial_interfaces/tutorial_interfaces/srv/detail/stop_motor__struct.hpp
[0.736s] -- Up-to-date: /workspaces/local_ros_ws/simpleservice_ws/install/tutorial_interfaces/include/tutorial_interfaces/tutorial_interfaces/srv/detail/stop_motor__builder.hpp
[0.736s] -- Up-to-date: /workspaces/local_ros_ws/simpleservice_ws/install/tutorial_interfaces/include/tutorial_interfaces/tutorial_interfaces/srv/detail/add_three_ints__traits.hpp
[0.737s] -- Up-to-date: /workspaces/local_ros_ws/simpleservice_ws/install/tutorial_interfaces/include/tutorial_interfaces/tutorial_interfaces/srv/detail/stop_motor__traits.hpp
[0.737s] -- Up-to-date: /workspaces/local_ros_ws/simpleservice_ws/install/tutorial_interfaces/include/tutorial_interfaces/tutorial_interfaces/srv/detail/speed_control__type_support.hpp
[0.737s] -- Up-to-date: /workspaces/local_ros_ws/simpleservice_ws/install/tutorial_interfaces/include/tutorial_interfaces/tutorial_interfaces/srv/detail/add_three_ints__type_support.hpp
[0.738s] -- Up-to-date: /workspaces/local_ros_ws/simpleservice_ws/install/tutorial_interfaces/include/tutorial_interfaces/tutorial_interfaces/srv/detail/speed_control__traits.hpp
[0.738s] -- Up-to-date: /workspaces/local_ros_ws/simpleservice_ws/install/tutorial_interfaces/include/tutorial_interfaces/tutorial_interfaces/srv/stop_motor.hpp
[0.739s] -- Up-to-date: /workspaces/local_ros_ws/simpleservice_ws/install/tutorial_interfaces/include/tutorial_interfaces/tutorial_interfaces
[0.739s] -- Up-to-date: /workspaces/local_ros_ws/simpleservice_ws/install/tutorial_interfaces/include/tutorial_interfaces/tutorial_interfaces/msg
[0.739s] -- Up-to-date: /workspaces/local_ros_ws/simpleservice_ws/install/tutorial_interfaces/include/tutorial_interfaces/tutorial_interfaces/msg/rosidl_typesupport_fastrtps_cpp__visibility_control.h
[0.740s] -- Up-to-date: /workspaces/local_ros_ws/simpleservice_ws/install/tutorial_interfaces/include/tutorial_interfaces/tutorial_interfaces/srv
[0.740s] -- Up-to-date: /workspaces/local_ros_ws/simpleservice_ws/install/tutorial_interfaces/include/tutorial_interfaces/tutorial_interfaces/srv/detail
[0.741s] -- Up-to-date: /workspaces/local_ros_ws/simpleservice_ws/install/tutorial_interfaces/include/tutorial_interfaces/tutorial_interfaces/srv/detail/speed_control__rosidl_typesupport_fastrtps_cpp.hpp
[0.741s] -- Up-to-date: /workspaces/local_ros_ws/simpleservice_ws/install/tutorial_interfaces/include/tutorial_interfaces/tutorial_interfaces/srv/detail/add_three_ints__rosidl_typesupport_fastrtps_cpp.hpp
[0.742s] -- Up-to-date: /workspaces/local_ros_ws/simpleservice_ws/install/tutorial_interfaces/include/tutorial_interfaces/tutorial_interfaces/srv/detail/dds_fastrtps
[0.742s] -- Up-to-date: /workspaces/local_ros_ws/simpleservice_ws/install/tutorial_interfaces/include/tutorial_interfaces/tutorial_interfaces/srv/detail/stop_motor__rosidl_typesupport_fastrtps_cpp.hpp
[0.742s] -- Up-to-date: /workspaces/local_ros_ws/simpleservice_ws/install/tutorial_interfaces/lib/libtutorial_interfaces__rosidl_typesupport_fastrtps_cpp.so
[0.743s] -- Up-to-date: /workspaces/local_ros_ws/simpleservice_ws/install/tutorial_interfaces/include/tutorial_interfaces/tutorial_interfaces
[0.744s] -- Up-to-date: /workspaces/local_ros_ws/simpleservice_ws/install/tutorial_interfaces/include/tutorial_interfaces/tutorial_interfaces/srv
[0.744s] -- Up-to-date: /workspaces/local_ros_ws/simpleservice_ws/install/tutorial_interfaces/include/tutorial_interfaces/tutorial_interfaces/srv/detail
[0.745s] -- Up-to-date: /workspaces/local_ros_ws/simpleservice_ws/install/tutorial_interfaces/include/tutorial_interfaces/tutorial_interfaces/srv/detail/speed_control__type_support.cpp
[0.746s] -- Up-to-date: /workspaces/local_ros_ws/simpleservice_ws/install/tutorial_interfaces/include/tutorial_interfaces/tutorial_interfaces/srv/detail/add_three_ints__type_support.cpp
[0.746s] -- Up-to-date: /workspaces/local_ros_ws/simpleservice_ws/install/tutorial_interfaces/include/tutorial_interfaces/tutorial_interfaces/srv/detail/speed_control__rosidl_typesupport_introspection_cpp.hpp
[0.747s] -- Up-to-date: /workspaces/local_ros_ws/simpleservice_ws/install/tutorial_interfaces/include/tutorial_interfaces/tutorial_interfaces/srv/detail/add_three_ints__rosidl_typesupport_introspection_cpp.hpp
[0.747s] -- Up-to-date: /workspaces/local_ros_ws/simpleservice_ws/install/tutorial_interfaces/include/tutorial_interfaces/tutorial_interfaces/srv/detail/stop_motor__type_support.cpp
[0.748s] -- Up-to-date: /workspaces/local_ros_ws/simpleservice_ws/install/tutorial_interfaces/include/tutorial_interfaces/tutorial_interfaces/srv/detail/stop_motor__rosidl_typesupport_introspection_cpp.hpp
[0.749s] -- Up-to-date: /workspaces/local_ros_ws/simpleservice_ws/install/tutorial_interfaces/lib/libtutorial_interfaces__rosidl_typesupport_introspection_cpp.so
[0.750s] -- Up-to-date: /workspaces/local_ros_ws/simpleservice_ws/install/tutorial_interfaces/lib/libtutorial_interfaces__rosidl_typesupport_cpp.so
[0.751s] -- Up-to-date: /workspaces/local_ros_ws/simpleservice_ws/install/tutorial_interfaces/share/tutorial_interfaces/environment/pythonpath.sh
[0.751s] -- Up-to-date: /workspaces/local_ros_ws/simpleservice_ws/install/tutorial_interfaces/share/tutorial_interfaces/environment/pythonpath.dsv
[0.752s] -- Up-to-date: /workspaces/local_ros_ws/simpleservice_ws/install/tutorial_interfaces/lib/python3.12/site-packages/tutorial_interfaces-0.0.0-py3.12.egg-info
[0.752s] -- Installing: /workspaces/local_ros_ws/simpleservice_ws/install/tutorial_interfaces/lib/python3.12/site-packages/tutorial_interfaces-0.0.0-py3.12.egg-info/PKG-INFO
[0.754s] -- Installing: /workspaces/local_ros_ws/simpleservice_ws/install/tutorial_interfaces/lib/python3.12/site-packages/tutorial_interfaces-0.0.0-py3.12.egg-info/SOURCES.txt
[0.756s] -- Installing: /workspaces/local_ros_ws/simpleservice_ws/install/tutorial_interfaces/lib/python3.12/site-packages/tutorial_interfaces-0.0.0-py3.12.egg-info/top_level.txt
[0.759s] -- Installing: /workspaces/local_ros_ws/simpleservice_ws/install/tutorial_interfaces/lib/python3.12/site-packages/tutorial_interfaces-0.0.0-py3.12.egg-info/dependency_links.txt
[0.760s] -- Up-to-date: /workspaces/local_ros_ws/simpleservice_ws/install/tutorial_interfaces/lib/python3.12/site-packages/tutorial_interfaces
[0.761s] -- Up-to-date: /workspaces/local_ros_ws/simpleservice_ws/install/tutorial_interfaces/lib/python3.12/site-packages/tutorial_interfaces/__init__.py
[0.761s] -- Up-to-date: /workspaces/local_ros_ws/simpleservice_ws/install/tutorial_interfaces/lib/python3.12/site-packages/tutorial_interfaces/tutorial_interfaces_s__rosidl_typesupport_introspection_c.so
[0.762s] -- Up-to-date: /workspaces/local_ros_ws/simpleservice_ws/install/tutorial_interfaces/lib/python3.12/site-packages/tutorial_interfaces/_tutorial_interfaces_s.ep.rosidl_typesupport_c.c
[0.762s] -- Up-to-date: /workspaces/local_ros_ws/simpleservice_ws/install/tutorial_interfaces/lib/python3.12/site-packages/tutorial_interfaces/tutorial_interfaces_s__rosidl_typesupport_c.so
[0.762s] -- Up-to-date: /workspaces/local_ros_ws/simpleservice_ws/install/tutorial_interfaces/lib/python3.12/site-packages/tutorial_interfaces/_tutorial_interfaces_s.ep.rosidl_typesupport_fastrtps_c.c
[0.763s] -- Up-to-date: /workspaces/local_ros_ws/simpleservice_ws/install/tutorial_interfaces/lib/python3.12/site-packages/tutorial_interfaces/tutorial_interfaces_s__rosidl_typesupport_fastrtps_c.so
[0.763s] -- Up-to-date: /workspaces/local_ros_ws/simpleservice_ws/install/tutorial_interfaces/lib/python3.12/site-packages/tutorial_interfaces/_tutorial_interfaces_s.ep.rosidl_typesupport_introspection_c.c
[0.763s] -- Up-to-date: /workspaces/local_ros_ws/simpleservice_ws/install/tutorial_interfaces/lib/python3.12/site-packages/tutorial_interfaces/srv
[0.764s] -- Up-to-date: /workspaces/local_ros_ws/simpleservice_ws/install/tutorial_interfaces/lib/python3.12/site-packages/tutorial_interfaces/srv/_stop_motor.py
[0.764s] -- Up-to-date: /workspaces/local_ros_ws/simpleservice_ws/install/tutorial_interfaces/lib/python3.12/site-packages/tutorial_interfaces/srv/_add_three_ints_s.c
[0.765s] -- Up-to-date: /workspaces/local_ros_ws/simpleservice_ws/install/tutorial_interfaces/lib/python3.12/site-packages/tutorial_interfaces/srv/__init__.py
[0.765s] -- Up-to-date: /workspaces/local_ros_ws/simpleservice_ws/install/tutorial_interfaces/lib/python3.12/site-packages/tutorial_interfaces/srv/_speed_control_s.c
[0.765s] -- Up-to-date: /workspaces/local_ros_ws/simpleservice_ws/install/tutorial_interfaces/lib/python3.12/site-packages/tutorial_interfaces/srv/_add_three_ints.py
[0.766s] -- Up-to-date: /workspaces/local_ros_ws/simpleservice_ws/install/tutorial_interfaces/lib/python3.12/site-packages/tutorial_interfaces/srv/_stop_motor_s.c
[0.766s] -- Up-to-date: /workspaces/local_ros_ws/simpleservice_ws/install/tutorial_interfaces/lib/python3.12/site-packages/tutorial_interfaces/srv/_speed_control.py
[0.791s] Listing '/workspaces/local_ros_ws/simpleservice_ws/install/tutorial_interfaces/lib/python3.12/site-packages/tutorial_interfaces'...
[0.792s] Listing '/workspaces/local_ros_ws/simpleservice_ws/install/tutorial_interfaces/lib/python3.12/site-packages/tutorial_interfaces/srv'...
[0.792s] -- Up-to-date: /workspaces/local_ros_ws/simpleservice_ws/install/tutorial_interfaces/lib/python3.12/site-packages/tutorial_interfaces/tutorial_interfaces_s__rosidl_typesupport_fastrtps_c.so
[0.793s] -- Up-to-date: /workspaces/local_ros_ws/simpleservice_ws/install/tutorial_interfaces/lib/python3.12/site-packages/tutorial_interfaces/tutorial_interfaces_s__rosidl_typesupport_introspection_c.so
[0.795s] -- Up-to-date: /workspaces/local_ros_ws/simpleservice_ws/install/tutorial_interfaces/lib/python3.12/site-packages/tutorial_interfaces/tutorial_interfaces_s__rosidl_typesupport_c.so
[0.795s] -- Up-to-date: /workspaces/local_ros_ws/simpleservice_ws/install/tutorial_interfaces/lib/libtutorial_interfaces__rosidl_generator_py.so
[0.796s] -- Up-to-date: /workspaces/local_ros_ws/simpleservice_ws/install/tutorial_interfaces/share/tutorial_interfaces/srv/AddThreeInts.idl
[0.797s] -- Up-to-date: /workspaces/local_ros_ws/simpleservice_ws/install/tutorial_interfaces/share/tutorial_interfaces/srv/SpeedControl.idl
[0.797s] -- Up-to-date: /workspaces/local_ros_ws/simpleservice_ws/install/tutorial_interfaces/share/tutorial_interfaces/srv/StopMotor.idl
[0.797s] -- Up-to-date: /workspaces/local_ros_ws/simpleservice_ws/install/tutorial_interfaces/share/tutorial_interfaces/srv/AddThreeInts.srv
[0.798s] -- Up-to-date: /workspaces/local_ros_ws/simpleservice_ws/install/tutorial_interfaces/share/tutorial_interfaces/srv/SpeedControl.srv
[0.799s] -- Up-to-date: /workspaces/local_ros_ws/simpleservice_ws/install/tutorial_interfaces/share/tutorial_interfaces/srv/StopMotor.srv
[0.799s] -- Up-to-date: /workspaces/local_ros_ws/simpleservice_ws/install/tutorial_interfaces/share/ament_index/resource_index/package_run_dependencies/tutorial_interfaces
[0.800s] -- Up-to-date: /workspaces/local_ros_ws/simpleservice_ws/install/tutorial_interfaces/share/ament_index/resource_index/parent_prefix_path/tutorial_interfaces
[0.800s] -- Up-to-date: /workspaces/local_ros_ws/simpleservice_ws/install/tutorial_interfaces/share/tutorial_interfaces/environment/ament_prefix_path.sh
[0.800s] -- Up-to-date: /workspaces/local_ros_ws/simpleservice_ws/install/tutorial_interfaces/share/tutorial_interfaces/environment/ament_prefix_path.dsv
[0.801s] -- Up-to-date: /workspaces/local_ros_ws/simpleservice_ws/install/tutorial_interfaces/share/tutorial_interfaces/environment/path.sh
[0.801s] -- Up-to-date: /workspaces/local_ros_ws/simpleservice_ws/install/tutorial_interfaces/share/tutorial_interfaces/environment/path.dsv
[0.801s] -- Up-to-date: /workspaces/local_ros_ws/simpleservice_ws/install/tutorial_interfaces/share/tutorial_interfaces/local_setup.bash
[0.802s] -- Up-to-date: /workspaces/local_ros_ws/simpleservice_ws/install/tutorial_interfaces/share/tutorial_interfaces/local_setup.sh
[0.802s] -- Up-to-date: /workspaces/local_ros_ws/simpleservice_ws/install/tutorial_interfaces/share/tutorial_interfaces/local_setup.zsh
[0.803s] -- Up-to-date: /workspaces/local_ros_ws/simpleservice_ws/install/tutorial_interfaces/share/tutorial_interfaces/local_setup.dsv
[0.803s] -- Installing: /workspaces/local_ros_ws/simpleservice_ws/install/tutorial_interfaces/share/tutorial_interfaces/package.dsv
[0.804s] -- Up-to-date: /workspaces/local_ros_ws/simpleservice_ws/install/tutorial_interfaces/share/ament_index/resource_index/packages/tutorial_interfaces
[0.806s] -- Up-to-date: /workspaces/local_ros_ws/simpleservice_ws/install/tutorial_interfaces/share/tutorial_interfaces/cmake/export_tutorial_interfaces__rosidl_generator_cExport.cmake
[0.806s] -- Up-to-date: /workspaces/local_ros_ws/simpleservice_ws/install/tutorial_interfaces/share/tutorial_interfaces/cmake/export_tutorial_interfaces__rosidl_generator_cExport-noconfig.cmake
[0.807s] -- Up-to-date: /workspaces/local_ros_ws/simpleservice_ws/install/tutorial_interfaces/share/tutorial_interfaces/cmake/export_tutorial_interfaces__rosidl_typesupport_fastrtps_cExport.cmake
[0.807s] -- Up-to-date: /workspaces/local_ros_ws/simpleservice_ws/install/tutorial_interfaces/share/tutorial_interfaces/cmake/export_tutorial_interfaces__rosidl_typesupport_fastrtps_cExport-noconfig.cmake
[0.807s] -- Up-to-date: /workspaces/local_ros_ws/simpleservice_ws/install/tutorial_interfaces/share/tutorial_interfaces/cmake/tutorial_interfaces__rosidl_typesupport_introspection_cExport.cmake
[0.808s] -- Up-to-date: /workspaces/local_ros_ws/simpleservice_ws/install/tutorial_interfaces/share/tutorial_interfaces/cmake/tutorial_interfaces__rosidl_typesupport_introspection_cExport-noconfig.cmake
[0.809s] -- Up-to-date: /workspaces/local_ros_ws/simpleservice_ws/install/tutorial_interfaces/share/tutorial_interfaces/cmake/tutorial_interfaces__rosidl_typesupport_cExport.cmake
[0.809s] -- Up-to-date: /workspaces/local_ros_ws/simpleservice_ws/install/tutorial_interfaces/share/tutorial_interfaces/cmake/tutorial_interfaces__rosidl_typesupport_cExport-noconfig.cmake
[0.810s] -- Up-to-date: /workspaces/local_ros_ws/simpleservice_ws/install/tutorial_interfaces/share/tutorial_interfaces/cmake/export_tutorial_interfaces__rosidl_generator_cppExport.cmake
[0.810s] -- Up-to-date: /workspaces/local_ros_ws/simpleservice_ws/install/tutorial_interfaces/share/tutorial_interfaces/cmake/export_tutorial_interfaces__rosidl_typesupport_fastrtps_cppExport.cmake
[0.811s] -- Up-to-date: /workspaces/local_ros_ws/simpleservice_ws/install/tutorial_interfaces/share/tutorial_interfaces/cmake/export_tutorial_interfaces__rosidl_typesupport_fastrtps_cppExport-noconfig.cmake
[0.811s] -- Up-to-date: /workspaces/local_ros_ws/simpleservice_ws/install/tutorial_interfaces/share/tutorial_interfaces/cmake/tutorial_interfaces__rosidl_typesupport_introspection_cppExport.cmake
[0.812s] -- Up-to-date: /workspaces/local_ros_ws/simpleservice_ws/install/tutorial_interfaces/share/tutorial_interfaces/cmake/tutorial_interfaces__rosidl_typesupport_introspection_cppExport-noconfig.cmake
[0.812s] -- Up-to-date: /workspaces/local_ros_ws/simpleservice_ws/install/tutorial_interfaces/share/tutorial_interfaces/cmake/tutorial_interfaces__rosidl_typesupport_cppExport.cmake
[0.813s] -- Up-to-date: /workspaces/local_ros_ws/simpleservice_ws/install/tutorial_interfaces/share/tutorial_interfaces/cmake/tutorial_interfaces__rosidl_typesupport_cppExport-noconfig.cmake
[0.814s] -- Up-to-date: /workspaces/local_ros_ws/simpleservice_ws/install/tutorial_interfaces/share/tutorial_interfaces/cmake/export_tutorial_interfaces__rosidl_generator_pyExport.cmake
[0.814s] -- Up-to-date: /workspaces/local_ros_ws/simpleservice_ws/install/tutorial_interfaces/share/tutorial_interfaces/cmake/export_tutorial_interfaces__rosidl_generator_pyExport-noconfig.cmake
[0.815s] -- Up-to-date: /workspaces/local_ros_ws/simpleservice_ws/install/tutorial_interfaces/share/tutorial_interfaces/cmake/rosidl_cmake-extras.cmake
[0.816s] -- Up-to-date: /workspaces/local_ros_ws/simpleservice_ws/install/tutorial_interfaces/share/tutorial_interfaces/cmake/ament_cmake_export_dependencies-extras.cmake
[0.816s] -- Up-to-date: /workspaces/local_ros_ws/simpleservice_ws/install/tutorial_interfaces/share/tutorial_interfaces/cmake/ament_cmake_export_include_directories-extras.cmake
[0.817s] -- Up-to-date: /workspaces/local_ros_ws/simpleservice_ws/install/tutorial_interfaces/share/tutorial_interfaces/cmake/ament_cmake_export_libraries-extras.cmake
[0.817s] -- Up-to-date: /workspaces/local_ros_ws/simpleservice_ws/install/tutorial_interfaces/share/tutorial_interfaces/cmake/ament_cmake_export_targets-extras.cmake
[0.818s] -- Up-to-date: /workspaces/local_ros_ws/simpleservice_ws/install/tutorial_interfaces/share/tutorial_interfaces/cmake/rosidl_cmake_export_typesupport_targets-extras.cmake
[0.818s] -- Up-to-date: /workspaces/local_ros_ws/simpleservice_ws/install/tutorial_interfaces/share/tutorial_interfaces/cmake/rosidl_cmake_export_typesupport_libraries-extras.cmake
[0.819s] -- Up-to-date: /workspaces/local_ros_ws/simpleservice_ws/install/tutorial_interfaces/share/tutorial_interfaces/cmake/tutorial_interfacesConfig.cmake
[0.819s] -- Up-to-date: /workspaces/local_ros_ws/simpleservice_ws/install/tutorial_interfaces/share/tutorial_interfaces/cmake/tutorial_interfacesConfig-version.cmake
[0.821s] -- Up-to-date: /workspaces/local_ros_ws/simpleservice_ws/install/tutorial_interfaces/share/tutorial_interfaces/package.xml
[0.823s] Invoked command in '/workspaces/local_ros_ws/simpleservice_ws/build/tutorial_interfaces' returned '0': CMAKE_PREFIX_PATH=${CMAKE_PREFIX_PATH}:/opt/ros/jazzy /usr/bin/cmake --install /workspaces/local_ros_ws/simpleservice_ws/build/tutorial_interfaces
