[0.058s] DEBUG:colcon:Command line arguments: ['/usr/bin/colcon', 'build']
[0.058s] DEBUG:colcon:Parsed command line arguments: Namespace(log_base=None, log_level=None, verb_name='build', build_base='build', install_base='install', merge_install=False, symlink_install=False, test_result_base=None, continue_on_error=False, executor='parallel', parallel_workers=8, event_handlers=None, ignore_user_meta=False, metas=['./colcon.meta'], base_paths=['.'], packages_ignore=None, packages_ignore_regex=None, paths=None, packages_up_to=None, packages_up_to_regex=None, packages_above=None, packages_above_and_dependencies=None, packages_above_depth=None, packages_select_by_dep=None, packages_skip_by_dep=None, packages_skip_up_to=None, packages_select_build_failed=False, packages_skip_build_finished=False, packages_select_test_failures=False, packages_skip_test_passed=False, packages_select=None, packages_skip=None, packages_select_regex=None, packages_skip_regex=None, packages_start=None, packages_end=None, cmake_args=None, cmake_target=None, cmake_target_skip_unavailable=False, cmake_clean_cache=False, cmake_clean_first=False, cmake_force_configure=False, ament_cmake_args=None, catkin_cmake_args=None, catkin_skip_building_tests=False, mixin_files=None, mixin=None, verb_parser=<colcon_mixin.mixin.mixin_argument.MixinArgumentDecorator object at 0xffff936548c0>, verb_extension=<colcon_core.verb.build.BuildVerb object at 0xffff93654530>, main=<bound method BuildVerb.main of <colcon_core.verb.build.BuildVerb object at 0xffff93654530>>, mixin_verb=('build',))
[0.080s] Level 1:colcon.colcon_core.package_discovery:discover_packages(colcon_meta) check parameters
[0.081s] INFO:colcon.colcon_metadata.package_discovery.colcon_meta:Using configuration from '/root/.colcon/metadata/default/Gazebo.meta'
[0.081s] INFO:colcon.colcon_metadata.package_discovery.colcon_meta:Using configuration from '/root/.colcon/metadata/default/fastrtps.meta'
[0.081s] Level 1:colcon.colcon_core.package_discovery:discover_packages(recursive) check parameters
[0.081s] Level 1:colcon.colcon_core.package_discovery:discover_packages(ignore) check parameters
[0.081s] Level 1:colcon.colcon_core.package_discovery:discover_packages(path) check parameters
[0.081s] Level 1:colcon.colcon_core.package_discovery:discover_packages(colcon_meta) discover
[0.081s] Level 1:colcon.colcon_core.package_discovery:discover_packages(recursive) discover
[0.081s] INFO:colcon.colcon_core.package_discovery:Crawling recursively for packages in '/workspaces/local_ros_ws/simpleservice_ws'
[0.082s] Level 1:colcon.colcon_core.package_identification:_identify(.) by extensions ['ignore', 'ignore_ament_install']
[0.082s] Level 1:colcon.colcon_core.package_identification:_identify(.) by extension 'ignore'
[0.082s] Level 1:colcon.colcon_core.package_identification:_identify(.) by extension 'ignore_ament_install'
[0.082s] Level 1:colcon.colcon_core.package_identification:_identify(.) by extensions ['colcon_pkg']
[0.082s] Level 1:colcon.colcon_core.package_identification:_identify(.) by extension 'colcon_pkg'
[0.082s] Level 1:colcon.colcon_core.package_identification:_identify(.) by extensions ['colcon_meta']
[0.082s] Level 1:colcon.colcon_core.package_identification:_identify(.) by extension 'colcon_meta'
[0.082s] Level 1:colcon.colcon_core.package_identification:_identify(.) by extensions ['ros']
[0.083s] Level 1:colcon.colcon_core.package_identification:_identify(.) by extension 'ros'
[0.098s] Level 1:colcon.colcon_core.package_identification:_identify(.) by extensions ['cmake', 'python']
[0.098s] Level 1:colcon.colcon_core.package_identification:_identify(.) by extension 'cmake'
[0.098s] Level 1:colcon.colcon_core.package_identification:_identify(.) by extension 'python'
[0.099s] Level 1:colcon.colcon_core.package_identification:_identify(.) by extensions ['python_setup_py']
[0.099s] Level 1:colcon.colcon_core.package_identification:_identify(.) by extension 'python_setup_py'
[0.099s] Level 1:colcon.colcon_core.package_identification:_identify(build) by extensions ['ignore', 'ignore_ament_install']
[0.099s] Level 1:colcon.colcon_core.package_identification:_identify(build) by extension 'ignore'
[0.100s] Level 1:colcon.colcon_core.package_identification:_identify(build) ignored
[0.101s] Level 1:colcon.colcon_core.package_identification:_identify(install) by extensions ['ignore', 'ignore_ament_install']
[0.101s] Level 1:colcon.colcon_core.package_identification:_identify(install) by extension 'ignore'
[0.101s] Level 1:colcon.colcon_core.package_identification:_identify(install) ignored
[0.103s] Level 1:colcon.colcon_core.package_identification:_identify(log) by extensions ['ignore', 'ignore_ament_install']
[0.103s] Level 1:colcon.colcon_core.package_identification:_identify(log) by extension 'ignore'
[0.103s] Level 1:colcon.colcon_core.package_identification:_identify(log) ignored
[0.103s] Level 1:colcon.colcon_core.package_identification:_identify(src) by extensions ['ignore', 'ignore_ament_install']
[0.103s] Level 1:colcon.colcon_core.package_identification:_identify(src) by extension 'ignore'
[0.104s] Level 1:colcon.colcon_core.package_identification:_identify(src) by extension 'ignore_ament_install'
[0.104s] Level 1:colcon.colcon_core.package_identification:_identify(src) by extensions ['colcon_pkg']
[0.104s] Level 1:colcon.colcon_core.package_identification:_identify(src) by extension 'colcon_pkg'
[0.104s] Level 1:colcon.colcon_core.package_identification:_identify(src) by extensions ['colcon_meta']
[0.104s] Level 1:colcon.colcon_core.package_identification:_identify(src) by extension 'colcon_meta'
[0.104s] Level 1:colcon.colcon_core.package_identification:_identify(src) by extensions ['ros']
[0.104s] Level 1:colcon.colcon_core.package_identification:_identify(src) by extension 'ros'
[0.104s] Level 1:colcon.colcon_core.package_identification:_identify(src) by extensions ['cmake', 'python']
[0.105s] Level 1:colcon.colcon_core.package_identification:_identify(src) by extension 'cmake'
[0.105s] Level 1:colcon.colcon_core.package_identification:_identify(src) by extension 'python'
[0.105s] Level 1:colcon.colcon_core.package_identification:_identify(src) by extensions ['python_setup_py']
[0.105s] Level 1:colcon.colcon_core.package_identification:_identify(src) by extension 'python_setup_py'
[0.105s] Level 1:colcon.colcon_core.package_identification:_identify(src/cpp_srvcli) by extensions ['ignore', 'ignore_ament_install']
[0.105s] Level 1:colcon.colcon_core.package_identification:_identify(src/cpp_srvcli) by extension 'ignore'
[0.106s] Level 1:colcon.colcon_core.package_identification:_identify(src/cpp_srvcli) by extension 'ignore_ament_install'
[0.106s] Level 1:colcon.colcon_core.package_identification:_identify(src/cpp_srvcli) by extensions ['colcon_pkg']
[0.106s] Level 1:colcon.colcon_core.package_identification:_identify(src/cpp_srvcli) by extension 'colcon_pkg'
[0.106s] Level 1:colcon.colcon_core.package_identification:_identify(src/cpp_srvcli) by extensions ['colcon_meta']
[0.106s] Level 1:colcon.colcon_core.package_identification:_identify(src/cpp_srvcli) by extension 'colcon_meta'
[0.106s] Level 1:colcon.colcon_core.package_identification:_identify(src/cpp_srvcli) by extensions ['ros']
[0.106s] Level 1:colcon.colcon_core.package_identification:_identify(src/cpp_srvcli) by extension 'ros'
[0.108s] DEBUG:colcon.colcon_core.package_identification:Package 'src/cpp_srvcli' with type 'ros.ament_cmake' and name 'cpp_srvcli'
[0.109s] Level 1:colcon.colcon_core.package_identification:_identify(src/tutorial_interfaces) by extensions ['ignore', 'ignore_ament_install']
[0.109s] Level 1:colcon.colcon_core.package_identification:_identify(src/tutorial_interfaces) by extension 'ignore'
[0.109s] Level 1:colcon.colcon_core.package_identification:_identify(src/tutorial_interfaces) by extension 'ignore_ament_install'
[0.109s] Level 1:colcon.colcon_core.package_identification:_identify(src/tutorial_interfaces) by extensions ['colcon_pkg']
[0.109s] Level 1:colcon.colcon_core.package_identification:_identify(src/tutorial_interfaces) by extension 'colcon_pkg'
[0.110s] Level 1:colcon.colcon_core.package_identification:_identify(src/tutorial_interfaces) by extensions ['colcon_meta']
[0.110s] Level 1:colcon.colcon_core.package_identification:_identify(src/tutorial_interfaces) by extension 'colcon_meta'
[0.110s] Level 1:colcon.colcon_core.package_identification:_identify(src/tutorial_interfaces) by extensions ['ros']
[0.110s] Level 1:colcon.colcon_core.package_identification:_identify(src/tutorial_interfaces) by extension 'ros'
[0.111s] DEBUG:colcon.colcon_core.package_identification:Package 'src/tutorial_interfaces' with type 'ros.ament_cmake' and name 'tutorial_interfaces'
[0.111s] Level 1:colcon.colcon_core.package_discovery:discover_packages(recursive) using defaults
[0.111s] Level 1:colcon.colcon_core.package_discovery:discover_packages(ignore) discover
[0.111s] Level 1:colcon.colcon_core.package_discovery:discover_packages(ignore) using defaults
[0.111s] Level 1:colcon.colcon_core.package_discovery:discover_packages(path) discover
[0.111s] Level 1:colcon.colcon_core.package_discovery:discover_packages(path) using defaults
[0.122s] Level 5:colcon.colcon_core.verb:set package 'tutorial_interfaces' build argument 'cmake_args' from command line to 'None'
[0.122s] Level 5:colcon.colcon_core.verb:set package 'tutorial_interfaces' build argument 'cmake_target' from command line to 'None'
[0.122s] Level 5:colcon.colcon_core.verb:set package 'tutorial_interfaces' build argument 'cmake_target_skip_unavailable' from command line to 'False'
[0.122s] Level 5:colcon.colcon_core.verb:set package 'tutorial_interfaces' build argument 'cmake_clean_cache' from command line to 'False'
[0.122s] Level 5:colcon.colcon_core.verb:set package 'tutorial_interfaces' build argument 'cmake_clean_first' from command line to 'False'
[0.122s] Level 5:colcon.colcon_core.verb:set package 'tutorial_interfaces' build argument 'cmake_force_configure' from command line to 'False'
[0.122s] Level 5:colcon.colcon_core.verb:set package 'tutorial_interfaces' build argument 'ament_cmake_args' from command line to 'None'
[0.122s] Level 5:colcon.colcon_core.verb:set package 'tutorial_interfaces' build argument 'catkin_cmake_args' from command line to 'None'
[0.122s] Level 5:colcon.colcon_core.verb:set package 'tutorial_interfaces' build argument 'catkin_skip_building_tests' from command line to 'False'
[0.122s] DEBUG:colcon.colcon_core.verb:Building package 'tutorial_interfaces' with the following arguments: {'ament_cmake_args': None, 'build_base': '/workspaces/local_ros_ws/simpleservice_ws/build/tutorial_interfaces', 'catkin_cmake_args': None, 'catkin_skip_building_tests': False, 'cmake_args': None, 'cmake_clean_cache': False, 'cmake_clean_first': False, 'cmake_force_configure': False, 'cmake_target': None, 'cmake_target_skip_unavailable': False, 'install_base': '/workspaces/local_ros_ws/simpleservice_ws/install/tutorial_interfaces', 'merge_install': False, 'path': '/workspaces/local_ros_ws/simpleservice_ws/src/tutorial_interfaces', 'symlink_install': False, 'test_result_base': None}
[0.123s] Level 5:colcon.colcon_core.verb:set package 'cpp_srvcli' build argument 'cmake_args' from command line to 'None'
[0.123s] Level 5:colcon.colcon_core.verb:set package 'cpp_srvcli' build argument 'cmake_target' from command line to 'None'
[0.123s] Level 5:colcon.colcon_core.verb:set package 'cpp_srvcli' build argument 'cmake_target_skip_unavailable' from command line to 'False'
[0.123s] Level 5:colcon.colcon_core.verb:set package 'cpp_srvcli' build argument 'cmake_clean_cache' from command line to 'False'
[0.123s] Level 5:colcon.colcon_core.verb:set package 'cpp_srvcli' build argument 'cmake_clean_first' from command line to 'False'
[0.123s] Level 5:colcon.colcon_core.verb:set package 'cpp_srvcli' build argument 'cmake_force_configure' from command line to 'False'
[0.123s] Level 5:colcon.colcon_core.verb:set package 'cpp_srvcli' build argument 'ament_cmake_args' from command line to 'None'
[0.123s] Level 5:colcon.colcon_core.verb:set package 'cpp_srvcli' build argument 'catkin_cmake_args' from command line to 'None'
[0.123s] Level 5:colcon.colcon_core.verb:set package 'cpp_srvcli' build argument 'catkin_skip_building_tests' from command line to 'False'
[0.123s] DEBUG:colcon.colcon_core.verb:Building package 'cpp_srvcli' with the following arguments: {'ament_cmake_args': None, 'build_base': '/workspaces/local_ros_ws/simpleservice_ws/build/cpp_srvcli', 'catkin_cmake_args': None, 'catkin_skip_building_tests': False, 'cmake_args': None, 'cmake_clean_cache': False, 'cmake_clean_first': False, 'cmake_force_configure': False, 'cmake_target': None, 'cmake_target_skip_unavailable': False, 'install_base': '/workspaces/local_ros_ws/simpleservice_ws/install/cpp_srvcli', 'merge_install': False, 'path': '/workspaces/local_ros_ws/simpleservice_ws/src/cpp_srvcli', 'symlink_install': False, 'test_result_base': None}
[0.123s] INFO:colcon.colcon_core.executor:Executing jobs using 'parallel' executor
[0.124s] DEBUG:colcon.colcon_parallel_executor.executor.parallel:run_until_complete
[0.124s] INFO:colcon.colcon_ros.task.ament_cmake.build:Building ROS package in '/workspaces/local_ros_ws/simpleservice_ws/src/tutorial_interfaces' with build type 'ament_cmake'
[0.124s] INFO:colcon.colcon_cmake.task.cmake.build:Building CMake package in '/workspaces/local_ros_ws/simpleservice_ws/src/tutorial_interfaces'
[0.125s] INFO:colcon.colcon_core.plugin_system:Skipping extension 'colcon_core.shell.bat': Not used on non-Windows systems
[0.125s] INFO:colcon.colcon_core.shell:Skip shell extension 'powershell' for command environment: Not usable outside of PowerShell
[0.125s] DEBUG:colcon.colcon_core.shell:Skip shell extension 'dsv' for command environment
[0.137s] DEBUG:colcon.colcon_core.event_handler.log_command:Invoking command in '/workspaces/local_ros_ws/simpleservice_ws/build/tutorial_interfaces': CMAKE_PREFIX_PATH=${CMAKE_PREFIX_PATH}:/opt/ros/jazzy /usr/bin/cmake --build /workspaces/local_ros_ws/simpleservice_ws/build/tutorial_interfaces -- -j8 -l8
[0.801s] DEBUG:colcon.colcon_core.event_handler.log_command:Invoked command in '/workspaces/local_ros_ws/simpleservice_ws/build/tutorial_interfaces' returned '0': CMAKE_PREFIX_PATH=${CMAKE_PREFIX_PATH}:/opt/ros/jazzy /usr/bin/cmake --build /workspaces/local_ros_ws/simpleservice_ws/build/tutorial_interfaces -- -j8 -l8
[0.811s] DEBUG:colcon.colcon_core.event_handler.log_command:Invoking command in '/workspaces/local_ros_ws/simpleservice_ws/build/tutorial_interfaces': CMAKE_PREFIX_PATH=${CMAKE_PREFIX_PATH}:/opt/ros/jazzy /usr/bin/cmake --install /workspaces/local_ros_ws/simpleservice_ws/build/tutorial_interfaces
[0.946s] Level 1:colcon.colcon_core.environment:create_environment_scripts_only(tutorial_interfaces)
[0.947s] Level 1:colcon.colcon_core.environment:checking '/workspaces/local_ros_ws/simpleservice_ws/install/tutorial_interfaces' for CMake module files
[0.948s] DEBUG:colcon.colcon_core.event_handler.log_command:Invoked command in '/workspaces/local_ros_ws/simpleservice_ws/build/tutorial_interfaces' returned '0': CMAKE_PREFIX_PATH=${CMAKE_PREFIX_PATH}:/opt/ros/jazzy /usr/bin/cmake --install /workspaces/local_ros_ws/simpleservice_ws/build/tutorial_interfaces
[0.950s] Level 1:colcon.colcon_core.environment:checking '/workspaces/local_ros_ws/simpleservice_ws/install/tutorial_interfaces' for CMake config files
[0.954s] Level 1:colcon.colcon_core.shell:create_environment_hook('tutorial_interfaces', 'cmake_prefix_path')
[0.954s] INFO:colcon.colcon_core.shell:Creating environment hook '/workspaces/local_ros_ws/simpleservice_ws/install/tutorial_interfaces/share/tutorial_interfaces/hook/cmake_prefix_path.ps1'
[0.955s] INFO:colcon.colcon_core.shell:Creating environment descriptor '/workspaces/local_ros_ws/simpleservice_ws/install/tutorial_interfaces/share/tutorial_interfaces/hook/cmake_prefix_path.dsv'
[0.956s] INFO:colcon.colcon_core.shell:Creating environment hook '/workspaces/local_ros_ws/simpleservice_ws/install/tutorial_interfaces/share/tutorial_interfaces/hook/cmake_prefix_path.sh'
[0.957s] Level 1:colcon.colcon_core.environment:checking '/workspaces/local_ros_ws/simpleservice_ws/install/tutorial_interfaces/lib'
[0.957s] Level 1:colcon.colcon_core.shell:create_environment_hook('tutorial_interfaces', 'ld_library_path_lib')
[0.957s] INFO:colcon.colcon_core.shell:Creating environment hook '/workspaces/local_ros_ws/simpleservice_ws/install/tutorial_interfaces/share/tutorial_interfaces/hook/ld_library_path_lib.ps1'
[0.958s] INFO:colcon.colcon_core.shell:Creating environment descriptor '/workspaces/local_ros_ws/simpleservice_ws/install/tutorial_interfaces/share/tutorial_interfaces/hook/ld_library_path_lib.dsv'
[0.958s] INFO:colcon.colcon_core.shell:Creating environment hook '/workspaces/local_ros_ws/simpleservice_ws/install/tutorial_interfaces/share/tutorial_interfaces/hook/ld_library_path_lib.sh'
[0.959s] Level 1:colcon.colcon_core.environment:checking '/workspaces/local_ros_ws/simpleservice_ws/install/tutorial_interfaces/bin'
[0.959s] Level 1:colcon.colcon_core.environment:checking '/workspaces/local_ros_ws/simpleservice_ws/install/tutorial_interfaces/lib/pkgconfig/tutorial_interfaces.pc'
[0.960s] Level 1:colcon.colcon_core.environment:checking '/workspaces/local_ros_ws/simpleservice_ws/install/tutorial_interfaces/lib/python3.12/site-packages'
[0.960s] Level 1:colcon.colcon_core.shell:create_environment_hook('tutorial_interfaces', 'pythonpath')
[0.960s] INFO:colcon.colcon_core.shell:Creating environment hook '/workspaces/local_ros_ws/simpleservice_ws/install/tutorial_interfaces/share/tutorial_interfaces/hook/pythonpath.ps1'
[0.961s] INFO:colcon.colcon_core.shell:Creating environment descriptor '/workspaces/local_ros_ws/simpleservice_ws/install/tutorial_interfaces/share/tutorial_interfaces/hook/pythonpath.dsv'
[0.961s] INFO:colcon.colcon_core.shell:Creating environment hook '/workspaces/local_ros_ws/simpleservice_ws/install/tutorial_interfaces/share/tutorial_interfaces/hook/pythonpath.sh'
[0.962s] Level 1:colcon.colcon_core.environment:checking '/workspaces/local_ros_ws/simpleservice_ws/install/tutorial_interfaces/bin'
[0.962s] INFO:colcon.colcon_core.shell:Creating package script '/workspaces/local_ros_ws/simpleservice_ws/install/tutorial_interfaces/share/tutorial_interfaces/package.ps1'
[0.964s] INFO:colcon.colcon_core.shell:Creating package descriptor '/workspaces/local_ros_ws/simpleservice_ws/install/tutorial_interfaces/share/tutorial_interfaces/package.dsv'
[0.965s] INFO:colcon.colcon_core.shell:Creating package script '/workspaces/local_ros_ws/simpleservice_ws/install/tutorial_interfaces/share/tutorial_interfaces/package.sh'
[0.966s] INFO:colcon.colcon_core.shell:Creating package script '/workspaces/local_ros_ws/simpleservice_ws/install/tutorial_interfaces/share/tutorial_interfaces/package.bash'
[0.967s] INFO:colcon.colcon_core.shell:Creating package script '/workspaces/local_ros_ws/simpleservice_ws/install/tutorial_interfaces/share/tutorial_interfaces/package.zsh'
[0.968s] Level 1:colcon.colcon_core.environment:create_file_with_runtime_dependencies(/workspaces/local_ros_ws/simpleservice_ws/install/tutorial_interfaces/share/colcon-core/packages/tutorial_interfaces)
[0.970s] Level 1:colcon.colcon_core.environment:create_environment_scripts_only(tutorial_interfaces)
[0.970s] Level 1:colcon.colcon_core.environment:checking '/workspaces/local_ros_ws/simpleservice_ws/install/tutorial_interfaces' for CMake module files
[0.972s] Level 1:colcon.colcon_core.environment:checking '/workspaces/local_ros_ws/simpleservice_ws/install/tutorial_interfaces' for CMake config files
[0.975s] Level 1:colcon.colcon_core.shell:create_environment_hook('tutorial_interfaces', 'cmake_prefix_path')
[0.975s] INFO:colcon.colcon_core.shell:Creating environment hook '/workspaces/local_ros_ws/simpleservice_ws/install/tutorial_interfaces/share/tutorial_interfaces/hook/cmake_prefix_path.ps1'
[0.976s] INFO:colcon.colcon_core.shell:Creating environment descriptor '/workspaces/local_ros_ws/simpleservice_ws/install/tutorial_interfaces/share/tutorial_interfaces/hook/cmake_prefix_path.dsv'
[0.977s] INFO:colcon.colcon_core.shell:Creating environment hook '/workspaces/local_ros_ws/simpleservice_ws/install/tutorial_interfaces/share/tutorial_interfaces/hook/cmake_prefix_path.sh'
[0.978s] Level 1:colcon.colcon_core.environment:checking '/workspaces/local_ros_ws/simpleservice_ws/install/tutorial_interfaces/lib'
[0.979s] Level 1:colcon.colcon_core.shell:create_environment_hook('tutorial_interfaces', 'ld_library_path_lib')
[0.979s] INFO:colcon.colcon_core.shell:Creating environment hook '/workspaces/local_ros_ws/simpleservice_ws/install/tutorial_interfaces/share/tutorial_interfaces/hook/ld_library_path_lib.ps1'
[0.980s] INFO:colcon.colcon_core.shell:Creating environment descriptor '/workspaces/local_ros_ws/simpleservice_ws/install/tutorial_interfaces/share/tutorial_interfaces/hook/ld_library_path_lib.dsv'
[0.980s] INFO:colcon.colcon_core.shell:Creating environment hook '/workspaces/local_ros_ws/simpleservice_ws/install/tutorial_interfaces/share/tutorial_interfaces/hook/ld_library_path_lib.sh'
[0.981s] Level 1:colcon.colcon_core.environment:checking '/workspaces/local_ros_ws/simpleservice_ws/install/tutorial_interfaces/bin'
[0.981s] Level 1:colcon.colcon_core.environment:checking '/workspaces/local_ros_ws/simpleservice_ws/install/tutorial_interfaces/lib/pkgconfig/tutorial_interfaces.pc'
[0.981s] Level 1:colcon.colcon_core.environment:checking '/workspaces/local_ros_ws/simpleservice_ws/install/tutorial_interfaces/lib/python3.12/site-packages'
[0.981s] Level 1:colcon.colcon_core.shell:create_environment_hook('tutorial_interfaces', 'pythonpath')
[0.982s] INFO:colcon.colcon_core.shell:Creating environment hook '/workspaces/local_ros_ws/simpleservice_ws/install/tutorial_interfaces/share/tutorial_interfaces/hook/pythonpath.ps1'
[0.982s] INFO:colcon.colcon_core.shell:Creating environment descriptor '/workspaces/local_ros_ws/simpleservice_ws/install/tutorial_interfaces/share/tutorial_interfaces/hook/pythonpath.dsv'
[0.983s] INFO:colcon.colcon_core.shell:Creating environment hook '/workspaces/local_ros_ws/simpleservice_ws/install/tutorial_interfaces/share/tutorial_interfaces/hook/pythonpath.sh'
[0.984s] Level 1:colcon.colcon_core.environment:checking '/workspaces/local_ros_ws/simpleservice_ws/install/tutorial_interfaces/bin'
[0.984s] INFO:colcon.colcon_core.shell:Creating package script '/workspaces/local_ros_ws/simpleservice_ws/install/tutorial_interfaces/share/tutorial_interfaces/package.ps1'
[0.985s] INFO:colcon.colcon_core.shell:Creating package descriptor '/workspaces/local_ros_ws/simpleservice_ws/install/tutorial_interfaces/share/tutorial_interfaces/package.dsv'
[0.985s] INFO:colcon.colcon_core.shell:Creating package script '/workspaces/local_ros_ws/simpleservice_ws/install/tutorial_interfaces/share/tutorial_interfaces/package.sh'
[0.987s] INFO:colcon.colcon_core.shell:Creating package script '/workspaces/local_ros_ws/simpleservice_ws/install/tutorial_interfaces/share/tutorial_interfaces/package.bash'
[0.987s] INFO:colcon.colcon_core.shell:Creating package script '/workspaces/local_ros_ws/simpleservice_ws/install/tutorial_interfaces/share/tutorial_interfaces/package.zsh'
[0.988s] Level 1:colcon.colcon_core.environment:create_file_with_runtime_dependencies(/workspaces/local_ros_ws/simpleservice_ws/install/tutorial_interfaces/share/colcon-core/packages/tutorial_interfaces)
[0.989s] INFO:colcon.colcon_ros.task.ament_cmake.build:Building ROS package in '/workspaces/local_ros_ws/simpleservice_ws/src/cpp_srvcli' with build type 'ament_cmake'
[0.989s] INFO:colcon.colcon_cmake.task.cmake.build:Building CMake package in '/workspaces/local_ros_ws/simpleservice_ws/src/cpp_srvcli'
[0.990s] INFO:colcon.colcon_core.shell:Skip shell extension 'powershell' for command environment: Not usable outside of PowerShell
[0.990s] DEBUG:colcon.colcon_core.shell:Skip shell extension 'dsv' for command environment
[1.004s] DEBUG:colcon.colcon_core.event_handler.log_command:Invoking command in '/workspaces/local_ros_ws/simpleservice_ws/build/cpp_srvcli': CMAKE_PREFIX_PATH=/workspaces/local_ros_ws/simpleservice_ws/install/tutorial_interfaces:/workspaces/local_ros_ws/simpleservice_ws/install/cpp_srvcli:/opt/ros/jazzy/opt/gz_math_vendor:/opt/ros/jazzy/opt/gz_utils_vendor:/opt/ros/jazzy/opt/gz_cmake_vendor:/opt/ros/jazzy /usr/bin/cmake --build /workspaces/local_ros_ws/simpleservice_ws/build/cpp_srvcli -- -j8 -l8
[3.077s] DEBUG:colcon.colcon_core.event_handler.log_command:Invoked command in '/workspaces/local_ros_ws/simpleservice_ws/build/cpp_srvcli' returned '2': CMAKE_PREFIX_PATH=/workspaces/local_ros_ws/simpleservice_ws/install/tutorial_interfaces:/workspaces/local_ros_ws/simpleservice_ws/install/cpp_srvcli:/opt/ros/jazzy/opt/gz_math_vendor:/opt/ros/jazzy/opt/gz_utils_vendor:/opt/ros/jazzy/opt/gz_cmake_vendor:/opt/ros/jazzy /usr/bin/cmake --build /workspaces/local_ros_ws/simpleservice_ws/build/cpp_srvcli -- -j8 -l8
[3.078s] Level 1:colcon.colcon_core.environment:create_environment_scripts_only(cpp_srvcli)
[3.078s] Level 1:colcon.colcon_core.environment:checking '/workspaces/local_ros_ws/simpleservice_ws/install/cpp_srvcli' for CMake module files
[3.080s] Level 1:colcon.colcon_core.environment:checking '/workspaces/local_ros_ws/simpleservice_ws/install/cpp_srvcli' for CMake config files
[3.082s] Level 1:colcon.colcon_core.shell:create_environment_hook('cpp_srvcli', 'cmake_prefix_path')
[3.082s] INFO:colcon.colcon_core.shell:Creating environment hook '/workspaces/local_ros_ws/simpleservice_ws/install/cpp_srvcli/share/cpp_srvcli/hook/cmake_prefix_path.ps1'
[3.083s] INFO:colcon.colcon_core.shell:Creating environment descriptor '/workspaces/local_ros_ws/simpleservice_ws/install/cpp_srvcli/share/cpp_srvcli/hook/cmake_prefix_path.dsv'
[3.084s] INFO:colcon.colcon_core.shell:Creating environment hook '/workspaces/local_ros_ws/simpleservice_ws/install/cpp_srvcli/share/cpp_srvcli/hook/cmake_prefix_path.sh'
[3.085s] Level 1:colcon.colcon_core.environment:checking '/workspaces/local_ros_ws/simpleservice_ws/install/cpp_srvcli/lib'
[3.086s] Level 1:colcon.colcon_core.environment:checking '/workspaces/local_ros_ws/simpleservice_ws/install/cpp_srvcli/bin'
[3.086s] Level 1:colcon.colcon_core.environment:checking '/workspaces/local_ros_ws/simpleservice_ws/install/cpp_srvcli/lib/pkgconfig/cpp_srvcli.pc'
[3.086s] Level 1:colcon.colcon_core.environment:checking '/workspaces/local_ros_ws/simpleservice_ws/install/cpp_srvcli/lib/python3.12/site-packages'
[3.086s] Level 1:colcon.colcon_core.environment:checking '/workspaces/local_ros_ws/simpleservice_ws/install/cpp_srvcli/bin'
[3.087s] INFO:colcon.colcon_core.shell:Creating package script '/workspaces/local_ros_ws/simpleservice_ws/install/cpp_srvcli/share/cpp_srvcli/package.ps1'
[3.087s] INFO:colcon.colcon_core.shell:Creating package descriptor '/workspaces/local_ros_ws/simpleservice_ws/install/cpp_srvcli/share/cpp_srvcli/package.dsv'
[3.088s] INFO:colcon.colcon_core.shell:Creating package script '/workspaces/local_ros_ws/simpleservice_ws/install/cpp_srvcli/share/cpp_srvcli/package.sh'
[3.088s] INFO:colcon.colcon_core.shell:Creating package script '/workspaces/local_ros_ws/simpleservice_ws/install/cpp_srvcli/share/cpp_srvcli/package.bash'
[3.089s] INFO:colcon.colcon_core.shell:Creating package script '/workspaces/local_ros_ws/simpleservice_ws/install/cpp_srvcli/share/cpp_srvcli/package.zsh'
[3.089s] Level 1:colcon.colcon_core.environment:create_file_with_runtime_dependencies(/workspaces/local_ros_ws/simpleservice_ws/install/cpp_srvcli/share/colcon-core/packages/cpp_srvcli)
[3.100s] DEBUG:colcon.colcon_parallel_executor.executor.parallel:closing loop
[3.100s] DEBUG:colcon.colcon_parallel_executor.executor.parallel:loop closed
[3.101s] DEBUG:colcon.colcon_parallel_executor.executor.parallel:run_until_complete finished with '2'
[3.101s] DEBUG:colcon.colcon_core.event_reactor:joining thread
[3.105s] INFO:colcon.colcon_core.plugin_system:Skipping extension 'colcon_notification.desktop_notification.notify_send': Could not find 'notify-send'
[3.105s] INFO:colcon.colcon_core.plugin_system:Skipping extension 'colcon_notification.desktop_notification.terminal_notifier': Not used on non-Darwin systems
[3.106s] INFO:colcon.colcon_core.plugin_system:Skipping extension 'colcon_notification.desktop_notification.win32': Not used on non-Windows systems
[3.106s] INFO:colcon.colcon_notification.desktop_notification:Sending desktop notification using 'notify2'
[3.106s] DEBUG:colcon.colcon_notification.desktop_notification.notify2:Failed to initialize notify2: org.freedesktop.DBus.Error.NotSupported: Unable to autolaunch a dbus-daemon without a $DISPLAY for X11
[3.106s] DEBUG:colcon.colcon_core.event_reactor:joined thread
[3.106s] INFO:colcon.colcon_core.shell:Creating prefix script '/workspaces/local_ros_ws/simpleservice_ws/install/local_setup.ps1'
[3.107s] INFO:colcon.colcon_core.shell:Creating prefix util module '/workspaces/local_ros_ws/simpleservice_ws/install/_local_setup_util_ps1.py'
[3.109s] INFO:colcon.colcon_core.shell:Creating prefix chain script '/workspaces/local_ros_ws/simpleservice_ws/install/setup.ps1'
[3.112s] INFO:colcon.colcon_core.shell:Creating prefix script '/workspaces/local_ros_ws/simpleservice_ws/install/local_setup.sh'
[3.115s] INFO:colcon.colcon_core.shell:Creating prefix util module '/workspaces/local_ros_ws/simpleservice_ws/install/_local_setup_util_sh.py'
[3.116s] INFO:colcon.colcon_core.shell:Creating prefix chain script '/workspaces/local_ros_ws/simpleservice_ws/install/setup.sh'
[3.118s] INFO:colcon.colcon_core.shell:Creating prefix script '/workspaces/local_ros_ws/simpleservice_ws/install/local_setup.bash'
[3.118s] INFO:colcon.colcon_core.shell:Creating prefix chain script '/workspaces/local_ros_ws/simpleservice_ws/install/setup.bash'
[3.120s] INFO:colcon.colcon_core.shell:Creating prefix script '/workspaces/local_ros_ws/simpleservice_ws/install/local_setup.zsh'
[3.120s] INFO:colcon.colcon_core.shell:Creating prefix chain script '/workspaces/local_ros_ws/simpleservice_ws/install/setup.zsh'
