[0.012s] Invoking command in '/workspaces/local_ros_ws/simpleservice_ws/build/tutorial_interfaces': CMAKE_PREFIX_PATH=${CMAKE_PREFIX_PATH}:/opt/ros/jazzy /usr/bin/cmake --build /workspaces/local_ros_ws/simpleservice_ws/build/tutorial_interfaces -- -j8 -l8
[0.059s] -- Found ament_cmake: 2.5.3 (/opt/ros/jazzy/share/ament_cmake/cmake)
[0.153s] -- Found rosidl_default_generators: 1.6.0 (/opt/ros/jazzy/share/rosidl_default_generators/cmake)
[0.157s] -- Using all available rosidl_typesupport_c: rosidl_typesupport_fastrtps_c;rosidl_typesupport_introspection_c
[0.193s] -- Using all available rosidl_typesupport_cpp: rosidl_typesupport_fastrtps_cpp;rosidl_typesupport_introspection_cpp
[0.228s] -- Found rosidl_adapter: 4.6.5 (/opt/ros/jazzy/share/rosidl_adapter/cmake)
[0.303s] [31mCMake Error at /opt/ros/jazzy/share/rosidl_adapter/cmake/rosidl_adapt_interfaces.cmake:57 (message):
[0.304s]   execute_process(/usr/bin/python3 -m rosidl_adapter --package-name
[0.305s]   tutorial_interfaces --arguments-file
[0.305s]   /workspaces/local_ros_ws/simpleservice_ws/build/tutorial_interfaces/rosidl_adapter__arguments__tutorial_interfaces.json
[0.306s]   --output-dir
[0.307s]   /workspaces/local_ros_ws/simpleservice_ws/build/tutorial_interfaces/rosidl_adapter/tutorial_interfaces
[0.308s]   --output-file
[0.309s]   /workspaces/local_ros_ws/simpleservice_ws/build/tutorial_interfaces/rosidl_adapter/tutorial_interfaces.idls)
[0.313s]   returned error code 1:
[0.315s] 
[0.316s]   Error processing 'double temperature' of
[0.317s]   'tutorial_interfaces/SpeedControl_Response': ''double' is an invalid
[0.317s]   message name.  It should have the pattern '^[A-Z][A-Za-z0-9]*$''
[0.318s] 
[0.320s]   Traceback (most recent call last):
[0.320s] 
[0.320s]     File "<frozen runpy>", line 198, in _run_module_as_main
[0.321s]     File "<frozen runpy>", line 88, in _run_code
[0.322s]     File "/opt/ros/jazzy/lib/python3.12/site-packages/rosidl_adapter/__main__.py", line 19, in <module>
[0.323s]       sys.exit(main())
[0.324s]                ^^^^^^
[0.324s]     File "/opt/ros/jazzy/lib/python3.12/site-packages/rosidl_adapter/main.py", line 53, in main
[0.324s]       abs_idl_file = convert_to_idl(
[0.325s]                      ^^^^^^^^^^^^^^^
[0.326s]     File "/opt/ros/jazzy/lib/python3.12/site-packages/rosidl_adapter/__init__.py", line 24, in convert_to_idl
[0.326s]       return convert_srv_to_idl(
[0.326s]              ^^^^^^^^^^^^^^^^^^^
[0.327s]     File "/opt/ros/jazzy/lib/python3.12/site-packages/rosidl_adapter/srv/__init__.py", line 28, in convert_srv_to_idl
[0.327s]       srv = parse_service_string(package_name, input_file.stem, content)
[0.327s]             ^^^^^^^^^^^^^^^^^^^^^^^^^^^^^^^^^^^^^^^^^^^^^^^^^^^^^^^^^^^^
[0.327s]     File "/opt/ros/jazzy/lib/python3.12/site-packages/rosidl_adapter/parser.py", line 864, in parse_service_string
[0.327s]       response_message = parse_message_string(
[0.328s]                          ^^^^^^^^^^^^^^^^^^^^^
[0.328s]     File "/opt/ros/jazzy/lib/python3.12/site-packages/rosidl_adapter/parser.py", line 521, in parse_message_string
[0.328s]       Type(type_string, context_package_name=pkg_name),
[0.328s]       ^^^^^^^^^^^^^^^^^^^^^^^^^^^^^^^^^^^^^^^^^^^^^^^^
[0.329s]     File "/opt/ros/jazzy/lib/python3.12/site-packages/rosidl_adapter/parser.py", line 278, in __init__
[0.329s]       super(Type, self).__init__(
[0.329s]     File "/opt/ros/jazzy/lib/python3.12/site-packages/rosidl_adapter/parser.py", line 206, in __init__
[0.330s]       raise InvalidResourceName(
[0.330s] 
[0.330s]   rosidl_adapter.parser.InvalidResourceName: 'double' is an invalid message
[0.330s]   name.  It should have the pattern '^[A-Z][A-Za-z0-9]*$'
[0.331s] 
[0.331s] Call Stack (most recent call first):
[0.332s]   /opt/ros/jazzy/share/rosidl_cmake/cmake/rosidl_generate_interfaces.cmake:132 (rosidl_adapt_interfaces)
[0.332s]   CMakeLists.txt:15 (rosidl_generate_interfaces)
[0.333s] 
[0.333s] [0m
[0.334s] -- Configuring incomplete, errors occurred!
[0.334s] gmake: *** [Makefile:1355: cmake_check_build_system] Error 1
[0.335s] Invoked command in '/workspaces/local_ros_ws/simpleservice_ws/build/tutorial_interfaces' returned '2': CMAKE_PREFIX_PATH=${CMAKE_PREFIX_PATH}:/opt/ros/jazzy /usr/bin/cmake --build /workspaces/local_ros_ws/simpleservice_ws/build/tutorial_interfaces -- -j8 -l8
