[0.013s] Invoking command in '/workspaces/local_ros_ws/simpleservice_ws/build/tutorial_interfaces': CMAKE_PREFIX_PATH=${CMAKE_PREFIX_PATH}:/opt/ros/jazzy /usr/bin/cmake --build /workspaces/local_ros_ws/simpleservice_ws/build/tutorial_interfaces -- -j8 -l8
[0.045s] -- Found ament_cmake: 2.5.3 (/opt/ros/jazzy/share/ament_cmake/cmake)
[0.121s] -- Found rosidl_default_generators: 1.6.0 (/opt/ros/jazzy/share/rosidl_default_generators/cmake)
[0.125s] -- Using all available rosidl_typesupport_c: rosidl_typesupport_fastrtps_c;rosidl_typesupport_introspection_c
[0.154s] -- Using all available rosidl_typesupport_cpp: rosidl_typesupport_fastrtps_cpp;rosidl_typesupport_introspection_cpp
[0.179s] -- Found rosidl_adapter: 4.6.5 (/opt/ros/jazzy/share/rosidl_adapter/cmake)
[0.236s] [31mCMake Error at /opt/ros/jazzy/share/rosidl_adapter/cmake/rosidl_adapt_interfaces.cmake:57 (message):
[0.236s]   execute_process(/usr/bin/python3 -m rosidl_adapter --package-name
[0.236s]   tutorial_interfaces --arguments-file
[0.237s]   /workspaces/local_ros_ws/simpleservice_ws/build/tutorial_interfaces/rosidl_adapter__arguments__tutorial_interfaces.json
[0.237s]   --output-dir
[0.237s]   /workspaces/local_ros_ws/simpleservice_ws/build/tutorial_interfaces/rosidl_adapter/tutorial_interfaces
[0.238s]   --output-file
[0.238s]   /workspaces/local_ros_ws/simpleservice_ws/build/tutorial_interfaces/rosidl_adapter/tutorial_interfaces.idls)
[0.241s]   returned error code 1:
[0.242s] 
[0.242s]   Error with: tutorial_interfaces SpeedControl_Response ;
[0.243s] 
[0.243s]   Traceback (most recent call last):
[0.243s] 
[0.245s]     File "<frozen runpy>", line 198, in _run_module_as_main
[0.245s]     File "<frozen runpy>", line 88, in _run_code
[0.245s]     File "/opt/ros/jazzy/lib/python3.12/site-packages/rosidl_adapter/__main__.py", line 19, in <module>
[0.246s]       sys.exit(main())
[0.246s]                ^^^^^^
[0.247s]     File "/opt/ros/jazzy/lib/python3.12/site-packages/rosidl_adapter/main.py", line 53, in main
[0.247s]       abs_idl_file = convert_to_idl(
[0.247s]                      ^^^^^^^^^^^^^^^
[0.248s]     File "/opt/ros/jazzy/lib/python3.12/site-packages/rosidl_adapter/__init__.py", line 24, in convert_to_idl
[0.249s]       return convert_srv_to_idl(
[0.249s]              ^^^^^^^^^^^^^^^^^^^
[0.249s]     File "/opt/ros/jazzy/lib/python3.12/site-packages/rosidl_adapter/srv/__init__.py", line 28, in convert_srv_to_idl
[0.249s]       srv = parse_service_string(package_name, input_file.stem, content)
[0.250s]             ^^^^^^^^^^^^^^^^^^^^^^^^^^^^^^^^^^^^^^^^^^^^^^^^^^^^^^^^^^^^
[0.250s]     File "/opt/ros/jazzy/lib/python3.12/site-packages/rosidl_adapter/parser.py", line 864, in parse_service_string
[0.250s]       response_message = parse_message_string(
[0.251s]                          ^^^^^^^^^^^^^^^^^^^^^
[0.251s]     File "/opt/ros/jazzy/lib/python3.12/site-packages/rosidl_adapter/parser.py", line 511, in parse_message_string
[0.251s]       raise InvalidFieldDefinition(line)
[0.252s] 
[0.252s]   rosidl_adapter.parser.InvalidFieldDefinition: ;
[0.252s] 
[0.253s] Call Stack (most recent call first):
[0.253s]   /opt/ros/jazzy/share/rosidl_cmake/cmake/rosidl_generate_interfaces.cmake:132 (rosidl_adapt_interfaces)
[0.253s]   CMakeLists.txt:15 (rosidl_generate_interfaces)
[0.254s] 
[0.254s] [0m
[0.255s] -- Configuring incomplete, errors occurred!
[0.255s] gmake: *** [Makefile:1355: cmake_check_build_system] Error 1
[0.256s] Invoked command in '/workspaces/local_ros_ws/simpleservice_ws/build/tutorial_interfaces' returned '2': CMAKE_PREFIX_PATH=${CMAKE_PREFIX_PATH}:/opt/ros/jazzy /usr/bin/cmake --build /workspaces/local_ros_ws/simpleservice_ws/build/tutorial_interfaces -- -j8 -l8
