[0.092s] DEBUG:colcon:Command line arguments: ['/usr/bin/colcon', 'build']
[0.092s] DEBUG:colcon:Parsed command line arguments: Namespace(log_base=None, log_level=None, verb_name='build', build_base='build', install_base='install', merge_install=False, symlink_install=False, test_result_base=None, continue_on_error=False, executor='parallel', parallel_workers=8, event_handlers=None, ignore_user_meta=False, metas=['./colcon.meta'], base_paths=['.'], packages_ignore=None, packages_ignore_regex=None, paths=None, packages_up_to=None, packages_up_to_regex=None, packages_above=None, packages_above_and_dependencies=None, packages_above_depth=None, packages_select_by_dep=None, packages_skip_by_dep=None, packages_skip_up_to=None, packages_select_build_failed=False, packages_skip_build_finished=False, packages_select_test_failures=False, packages_skip_test_passed=False, packages_select=None, packages_skip=None, packages_select_regex=None, packages_skip_regex=None, packages_start=None, packages_end=None, cmake_args=None, cmake_target=None, cmake_target_skip_unavailable=False, cmake_clean_cache=False, cmake_clean_first=False, cmake_force_configure=False, ament_cmake_args=None, catkin_cmake_args=None, catkin_skip_building_tests=False, mixin_files=None, mixin=None, verb_parser=<colcon_mixin.mixin.mixin_argument.MixinArgumentDecorator object at 0xffff95054770>, verb_extension=<colcon_core.verb.build.BuildVerb object at 0xffff95054410>, main=<bound method BuildVerb.main of <colcon_core.verb.build.BuildVerb object at 0xffff95054410>>, mixin_verb=('build',))
[0.126s] Level 1:colcon.colcon_core.package_discovery:discover_packages(colcon_meta) check parameters
[0.127s] INFO:colcon.colcon_metadata.package_discovery.colcon_meta:Using configuration from '/root/.colcon/metadata/default/Gazebo.meta'
[0.127s] INFO:colcon.colcon_metadata.package_discovery.colcon_meta:Using configuration from '/root/.colcon/metadata/default/fastrtps.meta'
[0.127s] Level 1:colcon.colcon_core.package_discovery:discover_packages(recursive) check parameters
[0.128s] Level 1:colcon.colcon_core.package_discovery:discover_packages(ignore) check parameters
[0.128s] Level 1:colcon.colcon_core.package_discovery:discover_packages(path) check parameters
[0.128s] Level 1:colcon.colcon_core.package_discovery:discover_packages(colcon_meta) discover
[0.128s] Level 1:colcon.colcon_core.package_discovery:discover_packages(recursive) discover
[0.128s] INFO:colcon.colcon_core.package_discovery:Crawling recursively for packages in '/workspaces/local_ros_ws/simpleservice_ws'
[0.129s] Level 1:colcon.colcon_core.package_identification:_identify(.) by extensions ['ignore', 'ignore_ament_install']
[0.129s] Level 1:colcon.colcon_core.package_identification:_identify(.) by extension 'ignore'
[0.129s] Level 1:colcon.colcon_core.package_identification:_identify(.) by extension 'ignore_ament_install'
[0.129s] Level 1:colcon.colcon_core.package_identification:_identify(.) by extensions ['colcon_pkg']
[0.129s] Level 1:colcon.colcon_core.package_identification:_identify(.) by extension 'colcon_pkg'
[0.129s] Level 1:colcon.colcon_core.package_identification:_identify(.) by extensions ['colcon_meta']
[0.130s] Level 1:colcon.colcon_core.package_identification:_identify(.) by extension 'colcon_meta'
[0.130s] Level 1:colcon.colcon_core.package_identification:_identify(.) by extensions ['ros']
[0.130s] Level 1:colcon.colcon_core.package_identification:_identify(.) by extension 'ros'
[0.154s] Level 1:colcon.colcon_core.package_identification:_identify(.) by extensions ['cmake', 'python']
[0.154s] Level 1:colcon.colcon_core.package_identification:_identify(.) by extension 'cmake'
[0.155s] Level 1:colcon.colcon_core.package_identification:_identify(.) by extension 'python'
[0.155s] Level 1:colcon.colcon_core.package_identification:_identify(.) by extensions ['python_setup_py']
[0.155s] Level 1:colcon.colcon_core.package_identification:_identify(.) by extension 'python_setup_py'
[0.156s] Level 1:colcon.colcon_core.package_identification:_identify(build) by extensions ['ignore', 'ignore_ament_install']
[0.156s] Level 1:colcon.colcon_core.package_identification:_identify(build) by extension 'ignore'
[0.156s] Level 1:colcon.colcon_core.package_identification:_identify(build) ignored
[0.157s] Level 1:colcon.colcon_core.package_identification:_identify(install) by extensions ['ignore', 'ignore_ament_install']
[0.157s] Level 1:colcon.colcon_core.package_identification:_identify(install) by extension 'ignore'
[0.157s] Level 1:colcon.colcon_core.package_identification:_identify(install) ignored
[0.158s] Level 1:colcon.colcon_core.package_identification:_identify(log) by extensions ['ignore', 'ignore_ament_install']
[0.158s] Level 1:colcon.colcon_core.package_identification:_identify(log) by extension 'ignore'
[0.158s] Level 1:colcon.colcon_core.package_identification:_identify(log) ignored
[0.158s] Level 1:colcon.colcon_core.package_identification:_identify(src) by extensions ['ignore', 'ignore_ament_install']
[0.159s] Level 1:colcon.colcon_core.package_identification:_identify(src) by extension 'ignore'
[0.159s] Level 1:colcon.colcon_core.package_identification:_identify(src) by extension 'ignore_ament_install'
[0.159s] Level 1:colcon.colcon_core.package_identification:_identify(src) by extensions ['colcon_pkg']
[0.159s] Level 1:colcon.colcon_core.package_identification:_identify(src) by extension 'colcon_pkg'
[0.159s] Level 1:colcon.colcon_core.package_identification:_identify(src) by extensions ['colcon_meta']
[0.159s] Level 1:colcon.colcon_core.package_identification:_identify(src) by extension 'colcon_meta'
[0.160s] Level 1:colcon.colcon_core.package_identification:_identify(src) by extensions ['ros']
[0.160s] Level 1:colcon.colcon_core.package_identification:_identify(src) by extension 'ros'
[0.160s] Level 1:colcon.colcon_core.package_identification:_identify(src) by extensions ['cmake', 'python']
[0.160s] Level 1:colcon.colcon_core.package_identification:_identify(src) by extension 'cmake'
[0.160s] Level 1:colcon.colcon_core.package_identification:_identify(src) by extension 'python'
[0.161s] Level 1:colcon.colcon_core.package_identification:_identify(src) by extensions ['python_setup_py']
[0.161s] Level 1:colcon.colcon_core.package_identification:_identify(src) by extension 'python_setup_py'
[0.161s] Level 1:colcon.colcon_core.package_identification:_identify(src/cpp_srvcli) by extensions ['ignore', 'ignore_ament_install']
[0.161s] Level 1:colcon.colcon_core.package_identification:_identify(src/cpp_srvcli) by extension 'ignore'
[0.162s] Level 1:colcon.colcon_core.package_identification:_identify(src/cpp_srvcli) by extension 'ignore_ament_install'
[0.162s] Level 1:colcon.colcon_core.package_identification:_identify(src/cpp_srvcli) by extensions ['colcon_pkg']
[0.162s] Level 1:colcon.colcon_core.package_identification:_identify(src/cpp_srvcli) by extension 'colcon_pkg'
[0.162s] Level 1:colcon.colcon_core.package_identification:_identify(src/cpp_srvcli) by extensions ['colcon_meta']
[0.162s] Level 1:colcon.colcon_core.package_identification:_identify(src/cpp_srvcli) by extension 'colcon_meta'
[0.162s] Level 1:colcon.colcon_core.package_identification:_identify(src/cpp_srvcli) by extensions ['ros']
[0.162s] Level 1:colcon.colcon_core.package_identification:_identify(src/cpp_srvcli) by extension 'ros'
[0.165s] DEBUG:colcon.colcon_core.package_identification:Package 'src/cpp_srvcli' with type 'ros.ament_cmake' and name 'cpp_srvcli'
[0.167s] Level 1:colcon.colcon_core.package_identification:_identify(src/tutorial_interfaces) by extensions ['ignore', 'ignore_ament_install']
[0.167s] Level 1:colcon.colcon_core.package_identification:_identify(src/tutorial_interfaces) by extension 'ignore'
[0.167s] Level 1:colcon.colcon_core.package_identification:_identify(src/tutorial_interfaces) by extension 'ignore_ament_install'
[0.167s] Level 1:colcon.colcon_core.package_identification:_identify(src/tutorial_interfaces) by extensions ['colcon_pkg']
[0.167s] Level 1:colcon.colcon_core.package_identification:_identify(src/tutorial_interfaces) by extension 'colcon_pkg'
[0.167s] Level 1:colcon.colcon_core.package_identification:_identify(src/tutorial_interfaces) by extensions ['colcon_meta']
[0.168s] Level 1:colcon.colcon_core.package_identification:_identify(src/tutorial_interfaces) by extension 'colcon_meta'
[0.168s] Level 1:colcon.colcon_core.package_identification:_identify(src/tutorial_interfaces) by extensions ['ros']
[0.168s] Level 1:colcon.colcon_core.package_identification:_identify(src/tutorial_interfaces) by extension 'ros'
[0.169s] DEBUG:colcon.colcon_core.package_identification:Package 'src/tutorial_interfaces' with type 'ros.ament_cmake' and name 'tutorial_interfaces'
[0.169s] Level 1:colcon.colcon_core.package_discovery:discover_packages(recursive) using defaults
[0.169s] Level 1:colcon.colcon_core.package_discovery:discover_packages(ignore) discover
[0.169s] Level 1:colcon.colcon_core.package_discovery:discover_packages(ignore) using defaults
[0.169s] Level 1:colcon.colcon_core.package_discovery:discover_packages(path) discover
[0.169s] Level 1:colcon.colcon_core.package_discovery:discover_packages(path) using defaults
[0.190s] Level 5:colcon.colcon_core.verb:set package 'tutorial_interfaces' build argument 'cmake_args' from command line to 'None'
[0.190s] Level 5:colcon.colcon_core.verb:set package 'tutorial_interfaces' build argument 'cmake_target' from command line to 'None'
[0.190s] Level 5:colcon.colcon_core.verb:set package 'tutorial_interfaces' build argument 'cmake_target_skip_unavailable' from command line to 'False'
[0.190s] Level 5:colcon.colcon_core.verb:set package 'tutorial_interfaces' build argument 'cmake_clean_cache' from command line to 'False'
[0.190s] Level 5:colcon.colcon_core.verb:set package 'tutorial_interfaces' build argument 'cmake_clean_first' from command line to 'False'
[0.190s] Level 5:colcon.colcon_core.verb:set package 'tutorial_interfaces' build argument 'cmake_force_configure' from command line to 'False'
[0.190s] Level 5:colcon.colcon_core.verb:set package 'tutorial_interfaces' build argument 'ament_cmake_args' from command line to 'None'
[0.191s] Level 5:colcon.colcon_core.verb:set package 'tutorial_interfaces' build argument 'catkin_cmake_args' from command line to 'None'
[0.191s] Level 5:colcon.colcon_core.verb:set package 'tutorial_interfaces' build argument 'catkin_skip_building_tests' from command line to 'False'
[0.191s] DEBUG:colcon.colcon_core.verb:Building package 'tutorial_interfaces' with the following arguments: {'ament_cmake_args': None, 'build_base': '/workspaces/local_ros_ws/simpleservice_ws/build/tutorial_interfaces', 'catkin_cmake_args': None, 'catkin_skip_building_tests': False, 'cmake_args': None, 'cmake_clean_cache': False, 'cmake_clean_first': False, 'cmake_force_configure': False, 'cmake_target': None, 'cmake_target_skip_unavailable': False, 'install_base': '/workspaces/local_ros_ws/simpleservice_ws/install/tutorial_interfaces', 'merge_install': False, 'path': '/workspaces/local_ros_ws/simpleservice_ws/src/tutorial_interfaces', 'symlink_install': False, 'test_result_base': None}
[0.191s] Level 5:colcon.colcon_core.verb:set package 'cpp_srvcli' build argument 'cmake_args' from command line to 'None'
[0.191s] Level 5:colcon.colcon_core.verb:set package 'cpp_srvcli' build argument 'cmake_target' from command line to 'None'
[0.191s] Level 5:colcon.colcon_core.verb:set package 'cpp_srvcli' build argument 'cmake_target_skip_unavailable' from command line to 'False'
[0.191s] Level 5:colcon.colcon_core.verb:set package 'cpp_srvcli' build argument 'cmake_clean_cache' from command line to 'False'
[0.192s] Level 5:colcon.colcon_core.verb:set package 'cpp_srvcli' build argument 'cmake_clean_first' from command line to 'False'
[0.192s] Level 5:colcon.colcon_core.verb:set package 'cpp_srvcli' build argument 'cmake_force_configure' from command line to 'False'
[0.192s] Level 5:colcon.colcon_core.verb:set package 'cpp_srvcli' build argument 'ament_cmake_args' from command line to 'None'
[0.192s] Level 5:colcon.colcon_core.verb:set package 'cpp_srvcli' build argument 'catkin_cmake_args' from command line to 'None'
[0.192s] Level 5:colcon.colcon_core.verb:set package 'cpp_srvcli' build argument 'catkin_skip_building_tests' from command line to 'False'
[0.192s] DEBUG:colcon.colcon_core.verb:Building package 'cpp_srvcli' with the following arguments: {'ament_cmake_args': None, 'build_base': '/workspaces/local_ros_ws/simpleservice_ws/build/cpp_srvcli', 'catkin_cmake_args': None, 'catkin_skip_building_tests': False, 'cmake_args': None, 'cmake_clean_cache': False, 'cmake_clean_first': False, 'cmake_force_configure': False, 'cmake_target': None, 'cmake_target_skip_unavailable': False, 'install_base': '/workspaces/local_ros_ws/simpleservice_ws/install/cpp_srvcli', 'merge_install': False, 'path': '/workspaces/local_ros_ws/simpleservice_ws/src/cpp_srvcli', 'symlink_install': False, 'test_result_base': None}
[0.192s] INFO:colcon.colcon_core.executor:Executing jobs using 'parallel' executor
[0.193s] DEBUG:colcon.colcon_parallel_executor.executor.parallel:run_until_complete
[0.193s] INFO:colcon.colcon_ros.task.ament_cmake.build:Building ROS package in '/workspaces/local_ros_ws/simpleservice_ws/src/tutorial_interfaces' with build type 'ament_cmake'
[0.194s] INFO:colcon.colcon_cmake.task.cmake.build:Building CMake package in '/workspaces/local_ros_ws/simpleservice_ws/src/tutorial_interfaces'
[0.196s] INFO:colcon.colcon_core.plugin_system:Skipping extension 'colcon_core.shell.bat': Not used on non-Windows systems
[0.196s] INFO:colcon.colcon_core.shell:Skip shell extension 'powershell' for command environment: Not usable outside of PowerShell
[0.196s] DEBUG:colcon.colcon_core.shell:Skip shell extension 'dsv' for command environment
[0.265s] DEBUG:colcon.colcon_core.event_handler.log_command:Invoking command in '/workspaces/local_ros_ws/simpleservice_ws/build/tutorial_interfaces': CMAKE_PREFIX_PATH=${CMAKE_PREFIX_PATH}:/opt/ros/jazzy /usr/bin/cmake --build /workspaces/local_ros_ws/simpleservice_ws/build/tutorial_interfaces -- -j8 -l8
[1.501s] DEBUG:colcon.colcon_core.event_handler.log_command:Invoked command in '/workspaces/local_ros_ws/simpleservice_ws/build/tutorial_interfaces' returned '0': CMAKE_PREFIX_PATH=${CMAKE_PREFIX_PATH}:/opt/ros/jazzy /usr/bin/cmake --build /workspaces/local_ros_ws/simpleservice_ws/build/tutorial_interfaces -- -j8 -l8
[1.525s] DEBUG:colcon.colcon_core.event_handler.log_command:Invoking command in '/workspaces/local_ros_ws/simpleservice_ws/build/tutorial_interfaces': CMAKE_PREFIX_PATH=${CMAKE_PREFIX_PATH}:/opt/ros/jazzy /usr/bin/cmake --install /workspaces/local_ros_ws/simpleservice_ws/build/tutorial_interfaces
[1.779s] Level 1:colcon.colcon_core.environment:create_environment_scripts_only(tutorial_interfaces)
[1.783s] DEBUG:colcon.colcon_core.event_handler.log_command:Invoked command in '/workspaces/local_ros_ws/simpleservice_ws/build/tutorial_interfaces' returned '0': CMAKE_PREFIX_PATH=${CMAKE_PREFIX_PATH}:/opt/ros/jazzy /usr/bin/cmake --install /workspaces/local_ros_ws/simpleservice_ws/build/tutorial_interfaces
[1.785s] Level 1:colcon.colcon_core.environment:checking '/workspaces/local_ros_ws/simpleservice_ws/install/tutorial_interfaces' for CMake module files
[1.793s] Level 1:colcon.colcon_core.environment:checking '/workspaces/local_ros_ws/simpleservice_ws/install/tutorial_interfaces' for CMake config files
[1.802s] Level 1:colcon.colcon_core.shell:create_environment_hook('tutorial_interfaces', 'cmake_prefix_path')
[1.803s] INFO:colcon.colcon_core.shell:Creating environment hook '/workspaces/local_ros_ws/simpleservice_ws/install/tutorial_interfaces/share/tutorial_interfaces/hook/cmake_prefix_path.ps1'
[1.804s] INFO:colcon.colcon_core.shell:Creating environment descriptor '/workspaces/local_ros_ws/simpleservice_ws/install/tutorial_interfaces/share/tutorial_interfaces/hook/cmake_prefix_path.dsv'
[1.806s] INFO:colcon.colcon_core.shell:Creating environment hook '/workspaces/local_ros_ws/simpleservice_ws/install/tutorial_interfaces/share/tutorial_interfaces/hook/cmake_prefix_path.sh'
[1.808s] Level 1:colcon.colcon_core.environment:checking '/workspaces/local_ros_ws/simpleservice_ws/install/tutorial_interfaces/lib'
[1.809s] Level 1:colcon.colcon_core.shell:create_environment_hook('tutorial_interfaces', 'ld_library_path_lib')
[1.809s] INFO:colcon.colcon_core.shell:Creating environment hook '/workspaces/local_ros_ws/simpleservice_ws/install/tutorial_interfaces/share/tutorial_interfaces/hook/ld_library_path_lib.ps1'
[1.811s] INFO:colcon.colcon_core.shell:Creating environment descriptor '/workspaces/local_ros_ws/simpleservice_ws/install/tutorial_interfaces/share/tutorial_interfaces/hook/ld_library_path_lib.dsv'
[1.815s] INFO:colcon.colcon_core.shell:Creating environment hook '/workspaces/local_ros_ws/simpleservice_ws/install/tutorial_interfaces/share/tutorial_interfaces/hook/ld_library_path_lib.sh'
[1.816s] Level 1:colcon.colcon_core.environment:checking '/workspaces/local_ros_ws/simpleservice_ws/install/tutorial_interfaces/bin'
[1.817s] Level 1:colcon.colcon_core.environment:checking '/workspaces/local_ros_ws/simpleservice_ws/install/tutorial_interfaces/lib/pkgconfig/tutorial_interfaces.pc'
[1.819s] Level 1:colcon.colcon_core.environment:checking '/workspaces/local_ros_ws/simpleservice_ws/install/tutorial_interfaces/lib/python3.12/site-packages'
[1.820s] Level 1:colcon.colcon_core.shell:create_environment_hook('tutorial_interfaces', 'pythonpath')
[1.821s] INFO:colcon.colcon_core.shell:Creating environment hook '/workspaces/local_ros_ws/simpleservice_ws/install/tutorial_interfaces/share/tutorial_interfaces/hook/pythonpath.ps1'
[1.823s] INFO:colcon.colcon_core.shell:Creating environment descriptor '/workspaces/local_ros_ws/simpleservice_ws/install/tutorial_interfaces/share/tutorial_interfaces/hook/pythonpath.dsv'
[1.824s] INFO:colcon.colcon_core.shell:Creating environment hook '/workspaces/local_ros_ws/simpleservice_ws/install/tutorial_interfaces/share/tutorial_interfaces/hook/pythonpath.sh'
[1.828s] Level 1:colcon.colcon_core.environment:checking '/workspaces/local_ros_ws/simpleservice_ws/install/tutorial_interfaces/bin'
[1.828s] INFO:colcon.colcon_core.shell:Creating package script '/workspaces/local_ros_ws/simpleservice_ws/install/tutorial_interfaces/share/tutorial_interfaces/package.ps1'
[1.832s] INFO:colcon.colcon_core.shell:Creating package descriptor '/workspaces/local_ros_ws/simpleservice_ws/install/tutorial_interfaces/share/tutorial_interfaces/package.dsv'
[1.835s] INFO:colcon.colcon_core.shell:Creating package script '/workspaces/local_ros_ws/simpleservice_ws/install/tutorial_interfaces/share/tutorial_interfaces/package.sh'
[1.838s] INFO:colcon.colcon_core.shell:Creating package script '/workspaces/local_ros_ws/simpleservice_ws/install/tutorial_interfaces/share/tutorial_interfaces/package.bash'
[1.841s] INFO:colcon.colcon_core.shell:Creating package script '/workspaces/local_ros_ws/simpleservice_ws/install/tutorial_interfaces/share/tutorial_interfaces/package.zsh'
[1.844s] Level 1:colcon.colcon_core.environment:create_file_with_runtime_dependencies(/workspaces/local_ros_ws/simpleservice_ws/install/tutorial_interfaces/share/colcon-core/packages/tutorial_interfaces)
[1.848s] Level 1:colcon.colcon_core.environment:create_environment_scripts_only(tutorial_interfaces)
[1.849s] Level 1:colcon.colcon_core.environment:checking '/workspaces/local_ros_ws/simpleservice_ws/install/tutorial_interfaces' for CMake module files
[1.857s] Level 1:colcon.colcon_core.environment:checking '/workspaces/local_ros_ws/simpleservice_ws/install/tutorial_interfaces' for CMake config files
[1.868s] Level 1:colcon.colcon_core.shell:create_environment_hook('tutorial_interfaces', 'cmake_prefix_path')
[1.868s] INFO:colcon.colcon_core.shell:Creating environment hook '/workspaces/local_ros_ws/simpleservice_ws/install/tutorial_interfaces/share/tutorial_interfaces/hook/cmake_prefix_path.ps1'
[1.870s] INFO:colcon.colcon_core.shell:Creating environment descriptor '/workspaces/local_ros_ws/simpleservice_ws/install/tutorial_interfaces/share/tutorial_interfaces/hook/cmake_prefix_path.dsv'
[1.871s] INFO:colcon.colcon_core.shell:Creating environment hook '/workspaces/local_ros_ws/simpleservice_ws/install/tutorial_interfaces/share/tutorial_interfaces/hook/cmake_prefix_path.sh'
[1.874s] Level 1:colcon.colcon_core.environment:checking '/workspaces/local_ros_ws/simpleservice_ws/install/tutorial_interfaces/lib'
[1.875s] Level 1:colcon.colcon_core.shell:create_environment_hook('tutorial_interfaces', 'ld_library_path_lib')
[1.875s] INFO:colcon.colcon_core.shell:Creating environment hook '/workspaces/local_ros_ws/simpleservice_ws/install/tutorial_interfaces/share/tutorial_interfaces/hook/ld_library_path_lib.ps1'
[1.877s] INFO:colcon.colcon_core.shell:Creating environment descriptor '/workspaces/local_ros_ws/simpleservice_ws/install/tutorial_interfaces/share/tutorial_interfaces/hook/ld_library_path_lib.dsv'
[1.878s] INFO:colcon.colcon_core.shell:Creating environment hook '/workspaces/local_ros_ws/simpleservice_ws/install/tutorial_interfaces/share/tutorial_interfaces/hook/ld_library_path_lib.sh'
[1.880s] Level 1:colcon.colcon_core.environment:checking '/workspaces/local_ros_ws/simpleservice_ws/install/tutorial_interfaces/bin'
[1.880s] Level 1:colcon.colcon_core.environment:checking '/workspaces/local_ros_ws/simpleservice_ws/install/tutorial_interfaces/lib/pkgconfig/tutorial_interfaces.pc'
[1.881s] Level 1:colcon.colcon_core.environment:checking '/workspaces/local_ros_ws/simpleservice_ws/install/tutorial_interfaces/lib/python3.12/site-packages'
[1.881s] Level 1:colcon.colcon_core.shell:create_environment_hook('tutorial_interfaces', 'pythonpath')
[1.881s] INFO:colcon.colcon_core.shell:Creating environment hook '/workspaces/local_ros_ws/simpleservice_ws/install/tutorial_interfaces/share/tutorial_interfaces/hook/pythonpath.ps1'
[1.883s] INFO:colcon.colcon_core.shell:Creating environment descriptor '/workspaces/local_ros_ws/simpleservice_ws/install/tutorial_interfaces/share/tutorial_interfaces/hook/pythonpath.dsv'
[1.885s] INFO:colcon.colcon_core.shell:Creating environment hook '/workspaces/local_ros_ws/simpleservice_ws/install/tutorial_interfaces/share/tutorial_interfaces/hook/pythonpath.sh'
[1.886s] Level 1:colcon.colcon_core.environment:checking '/workspaces/local_ros_ws/simpleservice_ws/install/tutorial_interfaces/bin'
[1.887s] INFO:colcon.colcon_core.shell:Creating package script '/workspaces/local_ros_ws/simpleservice_ws/install/tutorial_interfaces/share/tutorial_interfaces/package.ps1'
[1.888s] INFO:colcon.colcon_core.shell:Creating package descriptor '/workspaces/local_ros_ws/simpleservice_ws/install/tutorial_interfaces/share/tutorial_interfaces/package.dsv'
[1.889s] INFO:colcon.colcon_core.shell:Creating package script '/workspaces/local_ros_ws/simpleservice_ws/install/tutorial_interfaces/share/tutorial_interfaces/package.sh'
[1.890s] INFO:colcon.colcon_core.shell:Creating package script '/workspaces/local_ros_ws/simpleservice_ws/install/tutorial_interfaces/share/tutorial_interfaces/package.bash'
[1.891s] INFO:colcon.colcon_core.shell:Creating package script '/workspaces/local_ros_ws/simpleservice_ws/install/tutorial_interfaces/share/tutorial_interfaces/package.zsh'
[1.892s] Level 1:colcon.colcon_core.environment:create_file_with_runtime_dependencies(/workspaces/local_ros_ws/simpleservice_ws/install/tutorial_interfaces/share/colcon-core/packages/tutorial_interfaces)
[1.893s] INFO:colcon.colcon_ros.task.ament_cmake.build:Building ROS package in '/workspaces/local_ros_ws/simpleservice_ws/src/cpp_srvcli' with build type 'ament_cmake'
[1.894s] INFO:colcon.colcon_cmake.task.cmake.build:Building CMake package in '/workspaces/local_ros_ws/simpleservice_ws/src/cpp_srvcli'
[1.894s] INFO:colcon.colcon_core.shell:Skip shell extension 'powershell' for command environment: Not usable outside of PowerShell
[1.895s] DEBUG:colcon.colcon_core.shell:Skip shell extension 'dsv' for command environment
[1.921s] DEBUG:colcon.colcon_core.event_handler.log_command:Invoking command in '/workspaces/local_ros_ws/simpleservice_ws/build/cpp_srvcli': CMAKE_PREFIX_PATH=${CMAKE_PREFIX_PATH}:/opt/ros/jazzy /usr/bin/cmake /workspaces/local_ros_ws/simpleservice_ws/src/cpp_srvcli -DCMAKE_INSTALL_PREFIX=/workspaces/local_ros_ws/simpleservice_ws/install/cpp_srvcli
[2.996s] DEBUG:colcon.colcon_core.event_handler.log_command:Invoked command in '/workspaces/local_ros_ws/simpleservice_ws/build/cpp_srvcli' returned '1': CMAKE_PREFIX_PATH=${CMAKE_PREFIX_PATH}:/opt/ros/jazzy /usr/bin/cmake /workspaces/local_ros_ws/simpleservice_ws/src/cpp_srvcli -DCMAKE_INSTALL_PREFIX=/workspaces/local_ros_ws/simpleservice_ws/install/cpp_srvcli
[3.014s] Level 1:colcon.colcon_core.environment:create_environment_scripts_only(cpp_srvcli)
[3.015s] Level 1:colcon.colcon_core.environment:checking '/workspaces/local_ros_ws/simpleservice_ws/install/cpp_srvcli' for CMake module files
[3.017s] Level 1:colcon.colcon_core.environment:checking '/workspaces/local_ros_ws/simpleservice_ws/install/cpp_srvcli' for CMake config files
[3.019s] Level 1:colcon.colcon_core.environment:checking '/workspaces/local_ros_ws/simpleservice_ws/install/cpp_srvcli/bin'
[3.019s] Level 1:colcon.colcon_core.environment:checking '/workspaces/local_ros_ws/simpleservice_ws/install/cpp_srvcli/lib/pkgconfig/cpp_srvcli.pc'
[3.020s] Level 1:colcon.colcon_core.environment:checking '/workspaces/local_ros_ws/simpleservice_ws/install/cpp_srvcli/lib/python3.12/site-packages'
[3.020s] Level 1:colcon.colcon_core.environment:checking '/workspaces/local_ros_ws/simpleservice_ws/install/cpp_srvcli/bin'
[3.020s] INFO:colcon.colcon_core.shell:Creating package script '/workspaces/local_ros_ws/simpleservice_ws/install/cpp_srvcli/share/cpp_srvcli/package.ps1'
[3.021s] INFO:colcon.colcon_core.shell:Creating package descriptor '/workspaces/local_ros_ws/simpleservice_ws/install/cpp_srvcli/share/cpp_srvcli/package.dsv'
[3.022s] INFO:colcon.colcon_core.shell:Creating package script '/workspaces/local_ros_ws/simpleservice_ws/install/cpp_srvcli/share/cpp_srvcli/package.sh'
[3.023s] INFO:colcon.colcon_core.shell:Creating package script '/workspaces/local_ros_ws/simpleservice_ws/install/cpp_srvcli/share/cpp_srvcli/package.bash'
[3.023s] INFO:colcon.colcon_core.shell:Creating package script '/workspaces/local_ros_ws/simpleservice_ws/install/cpp_srvcli/share/cpp_srvcli/package.zsh'
[3.024s] Level 1:colcon.colcon_core.environment:create_file_with_runtime_dependencies(/workspaces/local_ros_ws/simpleservice_ws/install/cpp_srvcli/share/colcon-core/packages/cpp_srvcli)
[3.025s] DEBUG:colcon.colcon_parallel_executor.executor.parallel:closing loop
[3.025s] DEBUG:colcon.colcon_parallel_executor.executor.parallel:loop closed
[3.025s] DEBUG:colcon.colcon_parallel_executor.executor.parallel:run_until_complete finished with '1'
[3.025s] DEBUG:colcon.colcon_core.event_reactor:joining thread
[3.035s] INFO:colcon.colcon_core.plugin_system:Skipping extension 'colcon_notification.desktop_notification.notify_send': Could not find 'notify-send'
[3.035s] INFO:colcon.colcon_core.plugin_system:Skipping extension 'colcon_notification.desktop_notification.terminal_notifier': Not used on non-Darwin systems
[3.036s] INFO:colcon.colcon_core.plugin_system:Skipping extension 'colcon_notification.desktop_notification.win32': Not used on non-Windows systems
[3.036s] INFO:colcon.colcon_notification.desktop_notification:Sending desktop notification using 'notify2'
[3.036s] DEBUG:colcon.colcon_notification.desktop_notification.notify2:Failed to initialize notify2: org.freedesktop.DBus.Error.NotSupported: Unable to autolaunch a dbus-daemon without a $DISPLAY for X11
[3.036s] DEBUG:colcon.colcon_core.event_reactor:joined thread
[3.036s] INFO:colcon.colcon_core.shell:Creating prefix script '/workspaces/local_ros_ws/simpleservice_ws/install/local_setup.ps1'
[3.038s] INFO:colcon.colcon_core.shell:Creating prefix util module '/workspaces/local_ros_ws/simpleservice_ws/install/_local_setup_util_ps1.py'
[3.040s] INFO:colcon.colcon_core.shell:Creating prefix chain script '/workspaces/local_ros_ws/simpleservice_ws/install/setup.ps1'
[3.042s] INFO:colcon.colcon_core.shell:Creating prefix script '/workspaces/local_ros_ws/simpleservice_ws/install/local_setup.sh'
[3.043s] INFO:colcon.colcon_core.shell:Creating prefix util module '/workspaces/local_ros_ws/simpleservice_ws/install/_local_setup_util_sh.py'
[3.047s] INFO:colcon.colcon_core.shell:Creating prefix chain script '/workspaces/local_ros_ws/simpleservice_ws/install/setup.sh'
[3.055s] INFO:colcon.colcon_core.shell:Creating prefix script '/workspaces/local_ros_ws/simpleservice_ws/install/local_setup.bash'
[3.056s] INFO:colcon.colcon_core.shell:Creating prefix chain script '/workspaces/local_ros_ws/simpleservice_ws/install/setup.bash'
[3.059s] INFO:colcon.colcon_core.shell:Creating prefix script '/workspaces/local_ros_ws/simpleservice_ws/install/local_setup.zsh'
[3.061s] INFO:colcon.colcon_core.shell:Creating prefix chain script '/workspaces/local_ros_ws/simpleservice_ws/install/setup.zsh'
